=================================================================
  DEGORAS-PROJECT VCPKG QT6 DEPS SETUP SCRIPT
-----------------------------------------------------------------
  Author:  Angel Vera Herrera
  Updated: 26/10/2025
  Version: 251026
=================================================================
Parameters:
-----------------------------------------------------------------
Install Drive    = D
MSYS2 bin path   = D:\msys64\usr\bin
-----------------------------------------------------------------
[2025-11-05T02:41:04Z][INFO][STEP 1: Initial checks and preparations.]
[2025-11-05T02:41:04Z][INFO][Checking permissions...]
[2025-11-05T02:41:04Z][INFO][Checking letter format...]
[2025-11-05T02:41:04Z][INFO][Checking if Dev Drive exists...]
[2025-11-05T02:41:04Z][INFO][Dev Drive detected at D:\]
[2025-11-05T02:41:04Z][INFO][Checking if msys2 bash exists...]
[2025-11-05T02:41:04Z][INFO][STEP 1: OK]
[2025-11-05T02:41:04Z][INFO][STEP 1.5: Creating temporary JOM shim...]
[2025-11-05T02:41:04Z][INFO][Fake jom.exe shim created at D:\\vcpkg\downloads\tools\jom\jom-1_1_4\jom.exe]
[2025-11-05T02:41:04Z][INFO][STEP 2: Install required Qt6 deps packages with triplet 'x64-mingw-dynamic-degoras']
[2025-11-05T02:41:04Z][INFO][Installing 'qwt'...]
Computing installation plan...
The following packages will be built and installed:
    qwt:x64-mingw-dynamic-degoras@6.3.0
Detecting compiler hash for triplet x64-mingw-dynamic-degoras...
Compiler found: D:/msys64/ucrt64/bin/x86_64-w64-mingw32-g++.exe
Restored 0 package(s) from D:\packages\vcpkg in 33.8 us. Use --debug to see more details.
Installing 1/1 qwt:x64-mingw-dynamic-degoras@6.3.0...
Building qwt:x64-mingw-dynamic-degoras@6.3.0...
D:\vcpkg\triplets\community\x64-mingw-dynamic-degoras.cmake: info: loaded community triplet from here. Community triplets are not built in the curated registry and are thus less likely to succeed.
-- [DEGORAS] Using DEGORAS-PROJECT custom triplet
-- Using cached qwt-6.3.0.zip
-- Cleaning sources at D:/vcpkg/buildtrees/qwt/src/-4f5cea8b1d.clean. Use --editable to skip cleaning for the packages you specify.
-- Extracting source D:/vcpkg/downloads/qwt-6.3.0.zip
-- Applying patch config.patch
-- Applying patch fix_dll_install.patch
-- Using source at D:/vcpkg/buildtrees/qwt/src/-4f5cea8b1d.clean
-- [DEGORAS] Using MAKE=D:/msys64/ucrt64/bin/make.exe
-- Getting CMake variables for x64-mingw-dynamic-degoras
-- Loading CMake variables from D:/vcpkg/buildtrees/qwt/cmake-get-vars_C_CXX-x64-mingw-dynamic-degoras.cmake.log
-- Configuring x64-mingw-dynamic-degoras-rel
-- Configuring x64-mingw-dynamic-degoras-rel done
-- Package makefiles-x64-mingw-dynamic-degoras-rel
-- Package build-x64-mingw-dynamic-degoras-rel
-- Package install-x64-mingw-dynamic-degoras-rel
-- Installing: D:/vcpkg/packages/qwt_x64-mingw-dynamic-degoras/share/qwt/copyright
-- Performing post-build validation
D:\vcpkg\ports\qwt\portfile.cmake: warning: The folder ${CURRENT_PACKAGES_DIR}/include is empty or not present. This usually means that headers are not correctly installed. If this is a CMake helper port, add set(VCPKG_POLICY_CMAKE_HELPER_PORT enabled). If this is not a CMake helper port but this is otherwise intentional, add set(VCPKG_POLICY_EMPTY_INCLUDE_FOLDER enabled) to suppress this message.
D:\vcpkg\ports\qwt\portfile.cmake: warning: Found 1 post-build check problem(s). These are usually caused by bugs in portfile.cmake or the upstream build system. Please correct these before submitting this port to the curated registry.
Starting submission of qwt:x64-mingw-dynamic-degoras@6.3.0 to 1 binary cache(s) in the background
Elapsed time to handle qwt:x64-mingw-dynamic-degoras: 43 s
qwt:x64-mingw-dynamic-degoras package ABI: 7d9ad8e73b0adfce335d0a22e7e888631f663356388899b3393ab55eb2be15db
Total install time: 43 s
Installed contents are licensed to you by owners. Microsoft is not responsible for, nor does it grant any licenses to, third-party packages.
Some packages did not declare an SPDX license. Check the `copyright` file for each package for more information about their licensing.
qwt provides CMake targets:

  # this is heuristically generated, and may not be correct
  find_package(unofficial-qwt CONFIG REQUIRED)
  target_link_libraries(main PRIVATE unofficial::qwt::qwt)

Waiting for 1 remaining binary cache submissions...
Completed submission of qwt:x64-mingw-dynamic-degoras@6.3.0 to 1 binary cache(s) in 29.9 ms (1/1)
All requested installations completed successfully in: 43 s
[2025-11-05T02:41:50Z][INFO]['qwt' installed successfully.]
[2025-11-05T02:41:50Z][INFO][Installing 'qt-advanced-docking-system'...]
Computing installation plan...
The following packages are already installed:
    qt-advanced-docking-system:x64-mingw-dynamic-degoras@4.4.1
Total install time: 816 us
qt-advanced-docking-system provides CMake targets:

  # this is heuristically generated, and may not be correct
  find_package(qtadvanceddocking-qt6 CONFIG REQUIRED)
  target_link_libraries(main PRIVATE ads::qtadvanceddocking-qt6)

All requested installations completed successfully in: 816 us
[2025-11-05T02:41:51Z][INFO]['qt-advanced-docking-system' installed successfully.]
[2025-11-05T02:41:51Z][INFO][STEP 2: OK]
[2025-11-05T02:41:51Z][INFO][STEP 2.5: Restoring original JOM state...]
[2025-11-05T02:41:51Z][INFO][Original jom.exe restored.]
[2025-11-05T02:41:51Z][INFO][STEP 3: Retrieve versions of installed packages]
[2025-11-05T02:41:51Z][INFO][Installed: qwt version 6.3.0]
[2025-11-05T02:41:51Z][INFO][STEP 3: OK]
[2025-11-05T02:41:51Z][INFO][DEGORAS-PROJECT VCPKG Qt6 deps setup completed successfully.]
[2025-11-05T02:41:51Z][INFO][TOTAL EXECUTION TIME: 46.9706018 seconds  (00:00:46)]
