=================================================================
  DEGORAS-PROJECT VCPKG DEPS SETUP SCRIPT
-----------------------------------------------------------------
  Author:  Angel Vera Herrera
  Updated: 26/10/2025
  Version: 251026
=================================================================
Parameters:
-----------------------------------------------------------------
Install Drive    = D
MSYS2 bin path   = D:\msys64\usr\bin
-----------------------------------------------------------------
[2025-11-07T01:27:48Z][INFO][STEP 1: Initial checks and preparations.]
[2025-11-07T01:27:48Z][INFO][Checking permissions...]
[2025-11-07T01:27:48Z][INFO][Checking letter format...]
[2025-11-07T01:27:48Z][INFO][Checking if Dev Drive exists...]
[2025-11-07T01:27:48Z][INFO][Dev Drive detected at D:\]
[2025-11-07T01:27:48Z][INFO][Checking if msys2 bash exists...]
[2025-11-07T01:27:48Z][ERROR][Bash not found at expected MSYS2 path: D:\msys64\usr\bin\bash.exe]
[2025-11-07T01:27:48Z][ERROR][Setup failed!]
