=================================================================
  DEGORAS-PROJECT VCPKG PACKAGES SETUP SCRIPT
-----------------------------------------------------------------
  Author:  Angel Vera Herrera
  Updated: 26/10/2025
  Version: 251026
=================================================================
Parameters:
-----------------------------------------------------------------
Install Drive    = D
MSYS2 bin path   = D:\msys64\usr\bin
-----------------------------------------------------------------
[2025-10-27T01:01:06Z][INFO][STEP 1: Initial checks and preparations.]
[2025-10-27T01:01:06Z][INFO][Checking permissions...]
[2025-10-27T01:01:06Z][INFO][Checking letter format...]
[2025-10-27T01:01:06Z][INFO][Checking if Dev Drive exists...]
[2025-10-27T01:01:06Z][INFO][Dev Drive detected at D:\]
[2025-10-27T01:01:06Z][INFO][Checking if msys2 bash exists...]
[2025-10-27T01:01:06Z][INFO][STEP 1: OK]
[2025-10-27T01:01:06Z][INFO][STEP 2: Install example lib 'fmt' with triplet 'x64-mingw-dynamic-degoras']
Computing installation plan...
The following packages will be built and installed:
    fmt:x64-mingw-dynamic-degoras@12.0.0
Detecting compiler hash for triplet x64-mingw-dynamic-degoras...
Compiler found: D:/msys64/ucrt64/bin/x86_64-w64-mingw32-g++.exe
Restored 0 package(s) from D:\packages\vcpkg in 164 us. Use --debug to see more details.
Installing 1/1 fmt:x64-mingw-dynamic-degoras@12.0.0...
Building fmt:x64-mingw-dynamic-degoras@12.0.0...
D:\vcpkg\triplets\community\x64-mingw-dynamic-degoras.cmake: info: loaded community triplet from here. Community triplets are not built in the curated registry and are thus less likely to succeed.
-- Using DEGORAS-PROJECT custom triplet
Downloading https://github.com/fmtlib/fmt/archive/12.0.0.tar.gz -> fmtlib-fmt-12.0.0.tar.gz
Successfully downloaded fmtlib-fmt-12.0.0.tar.gz
-- Extracting source D:/vcpkg/downloads/fmtlib-fmt-12.0.0.tar.gz
-- Using source at D:/vcpkg/buildtrees/fmt/src/12.0.0-caf6286dd7.clean
-- Configuring x64-mingw-dynamic-degoras
-- Building x64-mingw-dynamic-degoras-rel
-- Fixing pkgconfig file: D:/vcpkg/packages/fmt_x64-mingw-dynamic-degoras/lib/pkgconfig/fmt.pc
-- Using cached msys2-mingw-w64-x86_64-pkgconf-1~2.4.3-1-any.pkg.tar.zst
-- Using cached msys2-msys2-runtime-3.6.2-2-x86_64.pkg.tar.zst
-- Using msys root at D:/vcpkg/downloads/tools/msys2/9272adbcaf19caef
-- Installing: D:/vcpkg/packages/fmt_x64-mingw-dynamic-degoras/share/fmt/usage
-- Installing: D:/vcpkg/packages/fmt_x64-mingw-dynamic-degoras/share/fmt/copyright
-- Performing post-build validation
Starting submission of fmt:x64-mingw-dynamic-degoras@12.0.0 to 1 binary cache(s) in the background
Elapsed time to handle fmt:x64-mingw-dynamic-degoras: 5.8 s
fmt:x64-mingw-dynamic-degoras package ABI: 85e52c699b27b0f63d3f9a7aba8376f5c04207ff2c319b734f01eaae5567f41c
Total install time: 5.8 s
Installed contents are licensed to you by owners. Microsoft is not responsible for, nor does it grant any licenses to, third-party packages.
Packages installed in this vcpkg installation declare the following licenses:
MIT
The package fmt provides CMake targets:

    find_package(fmt CONFIG REQUIRED)
    target_link_libraries(main PRIVATE fmt::fmt)

    # Or use the header-only version
    find_package(fmt CONFIG REQUIRED)
    target_link_libraries(main PRIVATE fmt::fmt-header-only)

Waiting for 1 remaining binary cache submissions...
Completed submission of fmt:x64-mingw-dynamic-degoras@12.0.0 to 1 binary cache(s) in 62.9 ms (1/1)
All requested installations completed successfully in: 5.8 s
fmt:x64-mingw-dynamic-degoras                     12.0.0              {fmt} is an open-source formatting library provi...
[2025-10-27T01:01:15Z][INFO][Installed fmt version: 12.0.0]
[2025-10-27T01:01:15Z][INFO][STEP 2: OK]
[2025-10-27T01:01:15Z][INFO][STEP 3: Install required packages with triplet 'x64-mingw-dynamic-degoras']
[2025-10-27T01:01:15Z][INFO][Installing 'fmt'...]
Computing installation plan...
The following packages are already installed:
    fmt:x64-mingw-dynamic-degoras@12.0.0
Total install time: 698 us
The package fmt provides CMake targets:

    find_package(fmt CONFIG REQUIRED)
    target_link_libraries(main PRIVATE fmt::fmt)

    # Or use the header-only version
    find_package(fmt CONFIG REQUIRED)
    target_link_libraries(main PRIVATE fmt::fmt-header-only)

All requested installations completed successfully in: 698 us
[2025-10-27T01:01:16Z][INFO]['fmt' installed successfully.]
[2025-10-27T01:01:16Z][INFO][Installing 'nlohmann-json'...]
Computing installation plan...
A suitable version of cmake was not found (required v3.30.1).
Downloading https://github.com/Kitware/CMake/releases/download/v3.30.1/cmake-3.30.1-windows-i386.zip -> cmake-3.30.1-windows-i386.zip
Successfully downloaded cmake-3.30.1-windows-i386.zip
Extracting cmake...
The following packages will be built and installed:
    nlohmann-json:x64-mingw-dynamic-degoras@3.12.0#1
Detecting compiler hash for triplet x64-mingw-dynamic-degoras...
error: while detecting compiler information:
The log file content at "D:\vcpkg\buildtrees\detect_compiler\stdout-x64-mingw-dynamic-degoras.log" is:
-- Using DEGORAS-PROJECT custom triplet
-- Configuring x64-mingw-dynamic-degoras
CMake Error at scripts/cmake/vcpkg_execute_required_process.cmake:127 (message):
    Command failed: D:/vcpkg/downloads/tools/ninja/1.13.1-windows/ninja.exe -v
    Working Directory: D:/vcpkg/buildtrees/detect_compiler/x64-mingw-dynamic-degoras-rel/vcpkg-parallel-configure
    Error code: 1
    See logs for more information:
      D:\vcpkg\buildtrees\detect_compiler\config-x64-mingw-dynamic-degoras-rel-CMakeCache.txt.log
      D:\vcpkg\buildtrees\detect_compiler\config-x64-mingw-dynamic-degoras-out.log

Call Stack (most recent call first):
  scripts/cmake/vcpkg_configure_cmake.cmake:293 (vcpkg_execute_required_process)
  scripts/detect_compiler/portfile.cmake:18 (vcpkg_configure_cmake)
  scripts/ports.cmake:206 (include)


error: vcpkg was unable to detect the active compiler's information. See above for the CMake failure output.
[2025-10-27T01:01:22Z][INFO]['nlohmann-json' installed successfully.]
[2025-10-27T01:01:22Z][INFO][Installing 'libbson'...]
Computing installation plan...
The following packages will be built and installed:
    libbson:x64-mingw-dynamic-degoras@1.30.6
Detecting compiler hash for triplet x64-mingw-dynamic-degoras...
error: while detecting compiler information:
The log file content at "D:\vcpkg\buildtrees\detect_compiler\stdout-x64-mingw-dynamic-degoras.log" is:
-- Using DEGORAS-PROJECT custom triplet
-- Configuring x64-mingw-dynamic-degoras
CMake Error at scripts/cmake/vcpkg_execute_required_process.cmake:127 (message):
    Command failed: D:/vcpkg/downloads/tools/ninja/1.13.1-windows/ninja.exe -v
    Working Directory: D:/vcpkg/buildtrees/detect_compiler/x64-mingw-dynamic-degoras-rel/vcpkg-parallel-configure
    Error code: 1
    See logs for more information:
      D:\vcpkg\buildtrees\detect_compiler\config-x64-mingw-dynamic-degoras-rel-CMakeCache.txt.log
      D:\vcpkg\buildtrees\detect_compiler\config-x64-mingw-dynamic-degoras-out.log

Call Stack (most recent call first):
  scripts/cmake/vcpkg_configure_cmake.cmake:293 (vcpkg_execute_required_process)
  scripts/detect_compiler/portfile.cmake:18 (vcpkg_configure_cmake)
  scripts/ports.cmake:206 (include)


error: vcpkg was unable to detect the active compiler's information. See above for the CMake failure output.
[2025-10-27T01:01:24Z][INFO]['libbson' installed successfully.]
[2025-10-27T01:01:24Z][INFO][Installing 'openssl'...]
Computing installation plan...
The following packages are already installed:
    openssl:x64-mingw-dynamic-degoras@3.6.0#2
Total install time: 676 us
openssl is compatible with built-in CMake targets:

  find_package(OpenSSL REQUIRED)
  target_link_libraries(main PRIVATE OpenSSL::SSL)
  target_link_libraries(main PRIVATE OpenSSL::Crypto)

All requested installations completed successfully in: 676 us
[2025-10-27T01:01:25Z][INFO]['openssl' installed successfully.]
[2025-10-27T01:01:25Z][INFO][Installing 'spdlog'...]
Computing installation plan...
The following packages will be built and installed:
    spdlog:x64-mingw-dynamic-degoras@1.16.0
Detecting compiler hash for triplet x64-mingw-dynamic-degoras...
error: while detecting compiler information:
The log file content at "D:\vcpkg\buildtrees\detect_compiler\stdout-x64-mingw-dynamic-degoras.log" is:
-- Using DEGORAS-PROJECT custom triplet
-- Configuring x64-mingw-dynamic-degoras
CMake Error at scripts/cmake/vcpkg_execute_required_process.cmake:127 (message):
    Command failed: D:/vcpkg/downloads/tools/ninja/1.13.1-windows/ninja.exe -v
    Working Directory: D:/vcpkg/buildtrees/detect_compiler/x64-mingw-dynamic-degoras-rel/vcpkg-parallel-configure
    Error code: 1
    See logs for more information:
      D:\vcpkg\buildtrees\detect_compiler\config-x64-mingw-dynamic-degoras-rel-CMakeCache.txt.log
      D:\vcpkg\buildtrees\detect_compiler\config-x64-mingw-dynamic-degoras-out.log

Call Stack (most recent call first):
  scripts/cmake/vcpkg_configure_cmake.cmake:293 (vcpkg_execute_required_process)
  scripts/detect_compiler/portfile.cmake:18 (vcpkg_configure_cmake)
  scripts/ports.cmake:206 (include)


error: vcpkg was unable to detect the active compiler's information. See above for the CMake failure output.
[2025-10-27T01:01:27Z][INFO]['spdlog' installed successfully.]
[2025-10-27T01:01:28Z][INFO][Installing 'zlib'...]
Computing installation plan...
The following packages are already installed:
    zlib:x64-mingw-dynamic-degoras@1.3.1
Total install time: 649 us
The package zlib is compatible with built-in CMake targets:

    find_package(ZLIB REQUIRED)
    target_link_libraries(main PRIVATE ZLIB::ZLIB)

All requested installations completed successfully in: 649 us
[2025-10-27T01:01:29Z][INFO]['zlib' installed successfully.]
[2025-10-27T01:01:29Z][INFO][Installing 'libcurl'...]
Computing installation plan...
error: while looking for libcurl:x64-mingw-dynamic-degoras:
D:\vcpkg\ports\libcurl: error: libcurl does not exist
[2025-10-27T01:01:30Z][INFO]['libcurl' installed successfully.]
[2025-10-27T01:01:30Z][INFO][Installing 'mongo-c-driver'...]
Computing installation plan...
The following packages will be built and installed:
  * libbson:x64-mingw-dynamic-degoras@1.30.6
    mongo-c-driver:x64-mingw-dynamic-degoras@1.30.6
  * utf8proc:x64-mingw-dynamic-degoras@2.11.0
Additional packages (*) will be modified to complete this operation.
Detecting compiler hash for triplet x64-mingw-dynamic-degoras...
error: while detecting compiler information:
The log file content at "D:\vcpkg\buildtrees\detect_compiler\stdout-x64-mingw-dynamic-degoras.log" is:
-- Using DEGORAS-PROJECT custom triplet
-- Configuring x64-mingw-dynamic-degoras
CMake Error at scripts/cmake/vcpkg_execute_required_process.cmake:127 (message):
    Command failed: D:/vcpkg/downloads/tools/ninja/1.13.1-windows/ninja.exe -v
    Working Directory: D:/vcpkg/buildtrees/detect_compiler/x64-mingw-dynamic-degoras-rel/vcpkg-parallel-configure
    Error code: 1
    See logs for more information:
      D:\vcpkg\buildtrees\detect_compiler\config-x64-mingw-dynamic-degoras-rel-CMakeCache.txt.log
      D:\vcpkg\buildtrees\detect_compiler\config-x64-mingw-dynamic-degoras-out.log

Call Stack (most recent call first):
  scripts/cmake/vcpkg_configure_cmake.cmake:293 (vcpkg_execute_required_process)
  scripts/detect_compiler/portfile.cmake:18 (vcpkg_configure_cmake)
  scripts/ports.cmake:206 (include)


error: vcpkg was unable to detect the active compiler's information. See above for the CMake failure output.
[2025-10-27T01:01:32Z][INFO]['mongo-c-driver' installed successfully.]
[2025-10-27T01:01:32Z][INFO][Installing 'xerces-c'...]
Computing installation plan...
The following packages will be built and installed:
    xerces-c[core,network]:x64-mingw-dynamic-degoras@3.3.0
Detecting compiler hash for triplet x64-mingw-dynamic-degoras...
error: while detecting compiler information:
The log file content at "D:\vcpkg\buildtrees\detect_compiler\stdout-x64-mingw-dynamic-degoras.log" is:
-- Using DEGORAS-PROJECT custom triplet
-- Configuring x64-mingw-dynamic-degoras
CMake Error at scripts/cmake/vcpkg_execute_required_process.cmake:127 (message):
    Command failed: D:/vcpkg/downloads/tools/ninja/1.13.1-windows/ninja.exe -v
    Working Directory: D:/vcpkg/buildtrees/detect_compiler/x64-mingw-dynamic-degoras-rel/vcpkg-parallel-configure
    Error code: 1
    See logs for more information:
      D:\vcpkg\buildtrees\detect_compiler\config-x64-mingw-dynamic-degoras-rel-CMakeCache.txt.log
      D:\vcpkg\buildtrees\detect_compiler\config-x64-mingw-dynamic-degoras-out.log

Call Stack (most recent call first):
  scripts/cmake/vcpkg_configure_cmake.cmake:293 (vcpkg_execute_required_process)
  scripts/detect_compiler/portfile.cmake:18 (vcpkg_configure_cmake)
  scripts/ports.cmake:206 (include)


error: vcpkg was unable to detect the active compiler's information. See above for the CMake failure output.
[2025-10-27T01:01:34Z][INFO]['xerces-c' installed successfully.]
[2025-10-27T01:01:34Z][INFO][Installing 'zeromq'...]
Computing installation plan...
The following packages will be built and installed:
    zeromq:x64-mingw-dynamic-degoras@4.3.5#2
Detecting compiler hash for triplet x64-mingw-dynamic-degoras...
error: while detecting compiler information:
The log file content at "D:\vcpkg\buildtrees\detect_compiler\stdout-x64-mingw-dynamic-degoras.log" is:
-- Using DEGORAS-PROJECT custom triplet
-- Configuring x64-mingw-dynamic-degoras
CMake Error at scripts/cmake/vcpkg_execute_required_process.cmake:127 (message):
    Command failed: D:/vcpkg/downloads/tools/ninja/1.13.1-windows/ninja.exe -v
    Working Directory: D:/vcpkg/buildtrees/detect_compiler/x64-mingw-dynamic-degoras-rel/vcpkg-parallel-configure
    Error code: 1
    See logs for more information:
      D:\vcpkg\buildtrees\detect_compiler\config-x64-mingw-dynamic-degoras-rel-CMakeCache.txt.log
      D:\vcpkg\buildtrees\detect_compiler\config-x64-mingw-dynamic-degoras-out.log

Call Stack (most recent call first):
  scripts/cmake/vcpkg_configure_cmake.cmake:293 (vcpkg_execute_required_process)
  scripts/detect_compiler/portfile.cmake:18 (vcpkg_configure_cmake)
  scripts/ports.cmake:206 (include)


error: vcpkg was unable to detect the active compiler's information. See above for the CMake failure output.
[2025-10-27T01:01:36Z][INFO]['zeromq' installed successfully.]
[2025-10-27T01:01:36Z][INFO][Installing 'cppzmq'...]
Computing installation plan...
The following packages will be built and installed:
    cppzmq:x64-mingw-dynamic-degoras@4.11.0
  * zeromq:x64-mingw-dynamic-degoras@4.3.5#2
Additional packages (*) will be modified to complete this operation.
Detecting compiler hash for triplet x64-mingw-dynamic-degoras...
error: while detecting compiler information:
The log file content at "D:\vcpkg\buildtrees\detect_compiler\stdout-x64-mingw-dynamic-degoras.log" is:
-- Using DEGORAS-PROJECT custom triplet
-- Configuring x64-mingw-dynamic-degoras
CMake Error at scripts/cmake/vcpkg_execute_required_process.cmake:127 (message):
    Command failed: D:/vcpkg/downloads/tools/ninja/1.13.1-windows/ninja.exe -v
    Working Directory: D:/vcpkg/buildtrees/detect_compiler/x64-mingw-dynamic-degoras-rel/vcpkg-parallel-configure
    Error code: 1
    See logs for more information:
      D:\vcpkg\buildtrees\detect_compiler\config-x64-mingw-dynamic-degoras-rel-CMakeCache.txt.log
      D:\vcpkg\buildtrees\detect_compiler\config-x64-mingw-dynamic-degoras-out.log

Call Stack (most recent call first):
  scripts/cmake/vcpkg_configure_cmake.cmake:293 (vcpkg_execute_required_process)
  scripts/detect_compiler/portfile.cmake:18 (vcpkg_configure_cmake)
  scripts/ports.cmake:206 (include)


error: vcpkg was unable to detect the active compiler's information. See above for the CMake failure output.
[2025-10-27T01:01:38Z][INFO]['cppzmq' installed successfully.]
[2025-10-27T01:01:38Z][INFO][STEP 3: OK]
[2025-10-27T01:01:38Z][INFO][STEP 4: Retrieve versions of installed packages]
[2025-10-27T01:01:38Z][INFO][Installed: fmt version 12.0.0]
[2025-10-27T01:01:38Z][INFO][Installed: openssl version 3.6.0#2]
[2025-10-27T01:01:38Z][INFO][Installed: zlib version 1.3.1]
[2025-10-27T01:01:38Z][INFO][STEP 4: OK]
[2025-10-27T01:01:38Z][INFO][DEGORAS-PROJECT VCPKG packs setup completed successfully.]
