=================================================================
  DEGORAS-PROJECT VCPKG DEPS SETUP SCRIPT
-----------------------------------------------------------------
  Author:  Angel Vera Herrera
  Updated: 26/10/2025
  Version: 251026
=================================================================
Parameters:
-----------------------------------------------------------------
Install Drive    = D
MSYS2 bin path   = D:\msys64\usr\bin
-----------------------------------------------------------------
[2025-11-04T21:45:42Z][INFO][STEP 1: Initial checks and preparations.]
[2025-11-04T21:45:42Z][INFO][Checking permissions...]
[2025-11-04T21:45:42Z][INFO][Checking letter format...]
[2025-11-04T21:45:42Z][INFO][Checking if Dev Drive exists...]
[2025-11-04T21:45:42Z][INFO][Dev Drive detected at D:\]
[2025-11-04T21:45:42Z][INFO][Checking if msys2 bash exists...]
[2025-11-04T21:45:42Z][INFO][STEP 1: OK]
[2025-11-04T21:45:42Z][INFO][STEP 2: Install example lib 'fmt' with triplet 'x64-mingw-dynamic-degoras']
Computing installation plan...
The following packages will be built and installed:
    fmt:x64-mingw-dynamic-degoras@12.1.0
  * vcpkg-cmake:x64-mingw-dynamic-degoras@2024-04-23
  * vcpkg-cmake-config:x64-mingw-dynamic-degoras@2024-05-23
Additional packages (*) will be modified to complete this operation.
Detecting compiler hash for triplet x64-mingw-dynamic-degoras...
A suitable version of powershell-core was not found (required v7.5.3).
Downloading https://github.com/PowerShell/PowerShell/releases/download/v7.5.3/PowerShell-7.5.3-win-x64.zip -> PowerShell-7.5.3-win-x64.zip
Successfully downloaded PowerShell-7.5.3-win-x64.zip
Extracting powershell-core...
A suitable version of 7zip was not found (required v25.1.0).
Downloading https://github.com/ip7z/7zip/releases/download/25.01/7z2501.exe -> 7z2501.7z.exe
Successfully downloaded 7z2501.7z.exe
Extracting 7zip...
A suitable version of 7zr was not found (required v25.1.0).
Downloading https://github.com/ip7z/7zip/releases/download/25.01/7zr.exe -> 7d84fcad-7zr.exe
Successfully downloaded 7d84fcad-7zr.exe
Compiler found: D:/msys64/ucrt64/bin/x86_64-w64-mingw32-g++.exe
Restored 0 package(s) from D:\packages\vcpkg in 43.8 us. Use --debug to see more details.
Installing 1/3 vcpkg-cmake:x64-mingw-dynamic-degoras@2024-04-23...
Building vcpkg-cmake:x64-mingw-dynamic-degoras@2024-04-23...
D:\vcpkg\triplets\community\x64-mingw-dynamic-degoras.cmake: info: loaded community triplet from here. Community triplets are not built in the curated registry and are thus less likely to succeed.
-- Using DEGORAS-PROJECT custom triplet
-- Installing: D:/vcpkg/packages/vcpkg-cmake_x64-mingw-dynamic-degoras/share/vcpkg-cmake/vcpkg_cmake_configure.cmake
-- Installing: D:/vcpkg/packages/vcpkg-cmake_x64-mingw-dynamic-degoras/share/vcpkg-cmake/vcpkg_cmake_build.cmake
-- Installing: D:/vcpkg/packages/vcpkg-cmake_x64-mingw-dynamic-degoras/share/vcpkg-cmake/vcpkg_cmake_install.cmake
-- Installing: D:/vcpkg/packages/vcpkg-cmake_x64-mingw-dynamic-degoras/share/vcpkg-cmake/vcpkg-port-config.cmake
-- Installing: D:/vcpkg/packages/vcpkg-cmake_x64-mingw-dynamic-degoras/share/vcpkg-cmake/copyright
-- Performing post-build validation
Starting submission of vcpkg-cmake:x64-mingw-dynamic-degoras@2024-04-23 to 1 binary cache(s) in the background
Elapsed time to handle vcpkg-cmake:x64-mingw-dynamic-degoras: 43.4 ms
vcpkg-cmake:x64-mingw-dynamic-degoras package ABI: 51aa2e6ecdb0d817328eabebc6ec1ac319a0d218f6fc6d7a735327b5470ae81c
Installing 2/3 vcpkg-cmake-config:x64-mingw-dynamic-degoras@2024-05-23...
Building vcpkg-cmake-config:x64-mingw-dynamic-degoras@2024-05-23...
D:\vcpkg\triplets\community\x64-mingw-dynamic-degoras.cmake: info: loaded community triplet from here. Community triplets are not built in the curated registry and are thus less likely to succeed.
-- Using DEGORAS-PROJECT custom triplet
-- Installing: D:/vcpkg/packages/vcpkg-cmake-config_x64-mingw-dynamic-degoras/share/vcpkg-cmake-config/vcpkg_cmake_config_fixup.cmake
-- Installing: D:/vcpkg/packages/vcpkg-cmake-config_x64-mingw-dynamic-degoras/share/vcpkg-cmake-config/vcpkg-port-config.cmake
-- Installing: D:/vcpkg/packages/vcpkg-cmake-config_x64-mingw-dynamic-degoras/share/vcpkg-cmake-config/copyright
-- Skipping post-build validation due to VCPKG_POLICY_EMPTY_PACKAGE
Starting submission of vcpkg-cmake-config:x64-mingw-dynamic-degoras@2024-05-23 to 1 binary cache(s) in the background
Elapsed time to handle vcpkg-cmake-config:x64-mingw-dynamic-degoras: 51.8 ms
vcpkg-cmake-config:x64-mingw-dynamic-degoras package ABI: d541cb6ab7312e409557c416018defd08b1e46c0428594116a5b3d4e7e8e4281
Completed submission of vcpkg-cmake:x64-mingw-dynamic-degoras@2024-04-23 to 1 binary cache(s) in 33.9 ms
Installing 3/3 fmt:x64-mingw-dynamic-degoras@12.1.0...
Building fmt:x64-mingw-dynamic-degoras@12.1.0...
D:\vcpkg\triplets\community\x64-mingw-dynamic-degoras.cmake: info: loaded community triplet from here. Community triplets are not built in the curated registry and are thus less likely to succeed.
-- Using DEGORAS-PROJECT custom triplet
Downloading https://github.com/fmtlib/fmt/archive/12.1.0.tar.gz -> fmtlib-fmt-12.1.0.tar.gz
Successfully downloaded fmtlib-fmt-12.1.0.tar.gz
-- Extracting source D:/vcpkg/downloads/fmtlib-fmt-12.1.0.tar.gz
-- Using source at D:/vcpkg/buildtrees/fmt/src/12.1.0-54f1f91231.clean
-- Configuring x64-mingw-dynamic-degoras
-- Building x64-mingw-dynamic-degoras-rel
-- Fixing pkgconfig file: D:/vcpkg/packages/fmt_x64-mingw-dynamic-degoras/lib/pkgconfig/fmt.pc
Downloading msys2-mingw-w64-x86_64-pkgconf-1~2.4.3-1-any.pkg.tar.zst, trying https://mirror.msys2.org/mingw/mingw64/mingw-w64-x86_64-pkgconf-1~2.4.3-1-any.pkg.tar.zst
Successfully downloaded msys2-mingw-w64-x86_64-pkgconf-1~2.4.3-1-any.pkg.tar.zst
Downloading msys2-msys2-runtime-3.6.2-2-x86_64.pkg.tar.zst, trying https://mirror.msys2.org/msys/x86_64/msys2-runtime-3.6.2-2-x86_64.pkg.tar.zst
Successfully downloaded msys2-msys2-runtime-3.6.2-2-x86_64.pkg.tar.zst
-- Using msys root at D:/vcpkg/downloads/tools/msys2/9272adbcaf19caef
-- Installing: D:/vcpkg/packages/fmt_x64-mingw-dynamic-degoras/share/fmt/usage
-- Installing: D:/vcpkg/packages/fmt_x64-mingw-dynamic-degoras/share/fmt/copyright
-- Performing post-build validation
Starting submission of fmt:x64-mingw-dynamic-degoras@12.1.0 to 1 binary cache(s) in the background
Elapsed time to handle fmt:x64-mingw-dynamic-degoras: 24 s
fmt:x64-mingw-dynamic-degoras package ABI: 357e5fec79222343478dd8af21ebddd275ed9ca813f23e15a2cc38a901cf9ac8
Total install time: 24 s
Installed contents are licensed to you by owners. Microsoft is not responsible for, nor does it grant any licenses to, third-party packages.
Packages installed in this vcpkg installation declare the following licenses:
MIT
The package fmt provides CMake targets:

    find_package(fmt CONFIG REQUIRED)
    target_link_libraries(main PRIVATE fmt::fmt)

    # Or use the header-only version
    find_package(fmt CONFIG REQUIRED)
    target_link_libraries(main PRIVATE fmt::fmt-header-only)

Completed submission of vcpkg-cmake-config:x64-mingw-dynamic-degoras@2024-05-23 to 1 binary cache(s) in 28.7 ms
Waiting for 1 remaining binary cache submissions...
Completed submission of fmt:x64-mingw-dynamic-degoras@12.1.0 to 1 binary cache(s) in 58.9 ms (1/1)
All requested installations completed successfully in: 24 s
fmt:x64-mingw-dynamic-degoras                     12.1.0              {fmt} is an open-source formatting library provi...
[2025-11-04T21:46:17Z][INFO][Installed fmt version: 12.1.0]
[2025-11-04T21:46:17Z][INFO][STEP 2: OK]
[2025-11-04T21:46:17Z][INFO][STEP 3: Install required packages with triplet 'x64-mingw-dynamic-degoras']
[2025-11-04T21:46:17Z][INFO][Installing 'fmt'...]
Computing installation plan...
The following packages are already installed:
    fmt:x64-mingw-dynamic-degoras@12.1.0
Total install time: 137 us
The package fmt provides CMake targets:

    find_package(fmt CONFIG REQUIRED)
    target_link_libraries(main PRIVATE fmt::fmt)

    # Or use the header-only version
    find_package(fmt CONFIG REQUIRED)
    target_link_libraries(main PRIVATE fmt::fmt-header-only)

All requested installations completed successfully in: 137 us
[2025-11-04T21:46:18Z][INFO]['fmt' installed successfully.]
[2025-11-04T21:46:18Z][INFO][Installing 'pkgconf'...]
Computing installation plan...
The following packages will be built and installed:
    pkgconf:x64-mingw-dynamic-degoras@2.5.1#4
  * vcpkg-cmake-get-vars:x64-mingw-dynamic-degoras@2025-05-29
  * vcpkg-tool-meson:x64-mingw-dynamic-degoras@1.9.0#3
Additional packages (*) will be modified to complete this operation.
Detecting compiler hash for triplet x64-mingw-dynamic-degoras...
Compiler found: D:/msys64/ucrt64/bin/x86_64-w64-mingw32-g++.exe
Restored 0 package(s) from D:\packages\vcpkg in 57.7 us. Use --debug to see more details.
Installing 1/3 vcpkg-cmake-get-vars:x64-mingw-dynamic-degoras@2025-05-29...
Building vcpkg-cmake-get-vars:x64-mingw-dynamic-degoras@2025-05-29...
D:\vcpkg\triplets\community\x64-mingw-dynamic-degoras.cmake: info: loaded community triplet from here. Community triplets are not built in the curated registry and are thus less likely to succeed.
-- Using DEGORAS-PROJECT custom triplet
-- Installing: D:/vcpkg/packages/vcpkg-cmake-get-vars_x64-mingw-dynamic-degoras/share/vcpkg-cmake-get-vars/vcpkg_cmake_get_vars.cmake
-- Installing: D:/vcpkg/packages/vcpkg-cmake-get-vars_x64-mingw-dynamic-degoras/share/vcpkg-cmake-get-vars/cmake_get_vars
-- Installing: D:/vcpkg/packages/vcpkg-cmake-get-vars_x64-mingw-dynamic-degoras/share/vcpkg-cmake-get-vars/cmake_get_vars/CMakeLists.txt
-- Installing: D:/vcpkg/packages/vcpkg-cmake-get-vars_x64-mingw-dynamic-degoras/share/vcpkg-cmake-get-vars/cmake-get-vars.cmake.in
-- Installing: D:/vcpkg/packages/vcpkg-cmake-get-vars_x64-mingw-dynamic-degoras/share/vcpkg-cmake-get-vars/vcpkg-port-config.cmake
-- Installing: D:/vcpkg/packages/vcpkg-cmake-get-vars_x64-mingw-dynamic-degoras/share/vcpkg-cmake-get-vars/copyright
-- Performing post-build validation
Starting submission of vcpkg-cmake-get-vars:x64-mingw-dynamic-degoras@2025-05-29 to 1 binary cache(s) in the background
Elapsed time to handle vcpkg-cmake-get-vars:x64-mingw-dynamic-degoras: 44.5 ms
vcpkg-cmake-get-vars:x64-mingw-dynamic-degoras package ABI: 26f18481b913bd16fd3646d2e6130151ceb61649f12a240c71eec7c1aa912c15
Installing 2/3 vcpkg-tool-meson:x64-mingw-dynamic-degoras@1.9.0#3...
Building vcpkg-tool-meson:x64-mingw-dynamic-degoras@1.9.0#3...
D:\vcpkg\triplets\community\x64-mingw-dynamic-degoras.cmake: info: loaded community triplet from here. Community triplets are not built in the curated registry and are thus less likely to succeed.
-- Using DEGORAS-PROJECT custom triplet
-- Installing: D:/vcpkg/packages/vcpkg-tool-meson_x64-mingw-dynamic-degoras/share/vcpkg-tool-meson/copyright
Downloading https://github.com/mesonbuild/meson/archive/1.9.0.tar.gz -> meson-1.9.0.tar.gz
Successfully downloaded meson-1.9.0.tar.gz
-- Applying patch D:/vcpkg/packages/vcpkg-tool-meson_x64-mingw-dynamic-degoras/share/vcpkg-tool-meson/meson-intl.patch
-- Applying patch D:/vcpkg/packages/vcpkg-tool-meson_x64-mingw-dynamic-degoras/share/vcpkg-tool-meson/adjust-python-dep.patch
-- Applying patch D:/vcpkg/packages/vcpkg-tool-meson_x64-mingw-dynamic-degoras/share/vcpkg-tool-meson/adjust-args.patch
-- Applying patch D:/vcpkg/packages/vcpkg-tool-meson_x64-mingw-dynamic-degoras/share/vcpkg-tool-meson/remove-pkgconfig-specialization.patch
-- Applying patch D:/vcpkg/packages/vcpkg-tool-meson_x64-mingw-dynamic-degoras/share/vcpkg-tool-meson/meson-56879d5.diff
-- Found Python version '3.12.12 at D:/msys64/ucrt64/bin/python.exe'
-- Using meson: D:/vcpkg/downloads/tools/meson-1.9.0-d1fcc2/meson.py
-- Performing post-build validation
Starting submission of vcpkg-tool-meson:x64-mingw-dynamic-degoras@1.9.0#3 to 1 binary cache(s) in the background
Elapsed time to handle vcpkg-tool-meson:x64-mingw-dynamic-degoras: 2.4 s
vcpkg-tool-meson:x64-mingw-dynamic-degoras package ABI: 3e3885f7bf160592a309ffb3de788f688b8b333e2e40fe9bf500126652ce0f36
Completed submission of vcpkg-cmake-get-vars:x64-mingw-dynamic-degoras@2025-05-29 to 1 binary cache(s) in 26.6 ms
Installing 3/3 pkgconf:x64-mingw-dynamic-degoras@2.5.1#4...
Building pkgconf:x64-mingw-dynamic-degoras@2.5.1#4...
D:\vcpkg\triplets\community\x64-mingw-dynamic-degoras.cmake: info: loaded community triplet from here. Community triplets are not built in the curated registry and are thus less likely to succeed.
-- Using DEGORAS-PROJECT custom triplet
-- Found Python version '3.12.12 at D:/msys64/ucrt64/bin/python.exe'
-- Using meson: D:/vcpkg/downloads/tools/meson-1.9.0-d1fcc2/meson.py
Downloading https://github.com/pkgconf/pkgconf/archive/pkgconf-2.5.1.tar.gz -> pkgconf-pkgconf-pkgconf-2.5.1.tar.gz
Successfully downloaded pkgconf-pkgconf-pkgconf-2.5.1.tar.gz
-- Extracting source D:/vcpkg/downloads/pkgconf-pkgconf-pkgconf-2.5.1.tar.gz
-- Applying patch 001-unveil-fixes.patch
-- Using source at D:/vcpkg/buildtrees/pkgconf/src/conf-2.5.1-5bc6f0da3f.clean
-- Configuring x64-mingw-dynamic-degoras-rel
-- Getting CMake variables for x64-mingw-dynamic-degoras
-- Loading CMake variables from D:/vcpkg/buildtrees/pkgconf/cmake-get-vars_C_CXX-x64-mingw-dynamic-degoras.cmake.log
-- Configuring x64-mingw-dynamic-degoras-rel done
-- Package x64-mingw-dynamic-degoras-rel
-- Fixing pkgconfig file: D:/vcpkg/packages/pkgconf_x64-mingw-dynamic-degoras/lib/pkgconfig/libpkgconf.pc
-- Installing: D:/vcpkg/packages/pkgconf_x64-mingw-dynamic-degoras/share/pkgconf/copyright
-- Performing post-build validation
Starting submission of pkgconf:x64-mingw-dynamic-degoras@2.5.1#4 to 1 binary cache(s) in the background
Elapsed time to handle pkgconf:x64-mingw-dynamic-degoras: 17 s
pkgconf:x64-mingw-dynamic-degoras package ABI: bc0defe0162ac3b5d249e406cc06656e6e4dcac2b92409fbd16f359e0289d39d
Total install time: 20 s
Installed contents are licensed to you by owners. Microsoft is not responsible for, nor does it grant any licenses to, third-party packages.
Some packages did not declare an SPDX license. Check the `copyright` file for each package for more information about their licensing.
Packages installed in this vcpkg installation declare the following licenses:
Apache-2.0
MIT
pkgconf provides pkg-config modules:

  # a library for accessing and manipulating development framework configuration
  libpkgconf

Completed submission of vcpkg-tool-meson:x64-mingw-dynamic-degoras@1.9.0#3 to 1 binary cache(s) in 31.2 ms
Waiting for 1 remaining binary cache submissions...
Completed submission of pkgconf:x64-mingw-dynamic-degoras@2.5.1#4 to 1 binary cache(s) in 60.4 ms (1/1)
All requested installations completed successfully in: 20 s
[2025-11-04T21:46:40Z][INFO]['pkgconf' installed successfully.]
[2025-11-04T21:46:40Z][INFO][Installing 'nlohmann-json'...]
Computing installation plan...
The following packages will be built and installed:
    nlohmann-json:x64-mingw-dynamic-degoras@3.12.0#1
Detecting compiler hash for triplet x64-mingw-dynamic-degoras...
Compiler found: D:/msys64/ucrt64/bin/x86_64-w64-mingw32-g++.exe
Restored 0 package(s) from D:\packages\vcpkg in 30.9 us. Use --debug to see more details.
Installing 1/1 nlohmann-json:x64-mingw-dynamic-degoras@3.12.0#1...
Building nlohmann-json:x64-mingw-dynamic-degoras@3.12.0#1...
D:\vcpkg\triplets\community\x64-mingw-dynamic-degoras.cmake: info: loaded community triplet from here. Community triplets are not built in the curated registry and are thus less likely to succeed.
-- Using DEGORAS-PROJECT custom triplet
Downloading https://github.com/nlohmann/json/archive/v3.12.0.tar.gz -> nlohmann-json-v3.12.0.tar.gz
Successfully downloaded nlohmann-json-v3.12.0.tar.gz
-- Extracting source D:/vcpkg/downloads/nlohmann-json-v3.12.0.tar.gz
-- Applying patch fix-4742_std_optional.patch
-- Using source at D:/vcpkg/buildtrees/nlohmann-json/src/v3.12.0-087f34fe5c.clean
-- Configuring x64-mingw-dynamic-degoras
-- Building x64-mingw-dynamic-degoras-rel
-- Fixing pkgconfig file: D:/vcpkg/packages/nlohmann-json_x64-mingw-dynamic-degoras/share/pkgconfig/nlohmann_json.pc
-- Using cached msys2-mingw-w64-x86_64-pkgconf-1~2.4.3-1-any.pkg.tar.zst
-- Using cached msys2-msys2-runtime-3.6.2-2-x86_64.pkg.tar.zst
-- Using msys root at D:/vcpkg/downloads/tools/msys2/9272adbcaf19caef
-- Installing: D:/vcpkg/packages/nlohmann-json_x64-mingw-dynamic-degoras/share/nlohmann-json/copyright
-- Performing post-build validation
Starting submission of nlohmann-json:x64-mingw-dynamic-degoras@3.12.0#1 to 1 binary cache(s) in the background
Elapsed time to handle nlohmann-json:x64-mingw-dynamic-degoras: 3.3 s
nlohmann-json:x64-mingw-dynamic-degoras package ABI: 759334d525cd6929181146d97d24cdc11acbfb3ee34525e6fa7517a1e104f6f8
Total install time: 3.3 s
Installed contents are licensed to you by owners. Microsoft is not responsible for, nor does it grant any licenses to, third-party packages.
Packages installed in this vcpkg installation declare the following licenses:
MIT
The package nlohmann-json provides CMake targets:

    find_package(nlohmann_json CONFIG REQUIRED)
    target_link_libraries(main PRIVATE nlohmann_json::nlohmann_json)

The package nlohmann-json can be configured to not provide implicit conversions via a custom triplet file:

    set(nlohmann-json_IMPLICIT_CONVERSIONS OFF)

For more information, see the docs here:
    
    https://json.nlohmann.me/api/macros/json_use_implicit_conversions/

Waiting for 1 remaining binary cache submissions...
Completed submission of nlohmann-json:x64-mingw-dynamic-degoras@3.12.0#1 to 1 binary cache(s) in 53.5 ms (1/1)
All requested installations completed successfully in: 3.3 s
[2025-11-04T21:46:46Z][INFO]['nlohmann-json' installed successfully.]
[2025-11-04T21:46:46Z][INFO][Installing 'libbson'...]
Computing installation plan...
The following packages will be built and installed:
    libbson:x64-mingw-dynamic-degoras@1.30.6
Detecting compiler hash for triplet x64-mingw-dynamic-degoras...
Compiler found: D:/msys64/ucrt64/bin/x86_64-w64-mingw32-g++.exe
Restored 0 package(s) from D:\packages\vcpkg in 36.3 us. Use --debug to see more details.
Installing 1/1 libbson:x64-mingw-dynamic-degoras@1.30.6...
Building libbson:x64-mingw-dynamic-degoras@1.30.6...
D:\vcpkg\triplets\community\x64-mingw-dynamic-degoras.cmake: info: loaded community triplet from here. Community triplets are not built in the curated registry and are thus less likely to succeed.
-- Using DEGORAS-PROJECT custom triplet
Downloading https://github.com/mongodb/mongo-c-driver/archive/1.30.6.tar.gz -> mongodb-mongo-c-driver-1.30.6.tar.gz
Successfully downloaded mongodb-mongo-c-driver-1.30.6.tar.gz
-- Extracting source D:/vcpkg/downloads/mongodb-mongo-c-driver-1.30.6.tar.gz
-- Applying patch fix-include-directory.patch
-- Using source at D:/vcpkg/buildtrees/libbson/src/1.30.6-fdc7277c1c.clean
-- Configuring x64-mingw-dynamic-degoras-rel
-- Building x64-mingw-dynamic-degoras-rel
-- Fixing pkgconfig file: D:/vcpkg/packages/libbson_x64-mingw-dynamic-degoras/lib/pkgconfig/libbson-1.0.pc
-- Using cached msys2-mingw-w64-x86_64-pkgconf-1~2.4.3-1-any.pkg.tar.zst
-- Using cached msys2-msys2-runtime-3.6.2-2-x86_64.pkg.tar.zst
-- Using msys root at D:/vcpkg/downloads/tools/msys2/9272adbcaf19caef
-- Installing: D:/vcpkg/packages/libbson_x64-mingw-dynamic-degoras/share/libbson/usage
-- Performing post-build validation
Starting submission of libbson:x64-mingw-dynamic-degoras@1.30.6 to 1 binary cache(s) in the background
Elapsed time to handle libbson:x64-mingw-dynamic-degoras: 17 s
libbson:x64-mingw-dynamic-degoras package ABI: 9c1196489f33c9a6fe5fe30d7370fc66686f4477ae2c835fdcbfd31fe31cec7b
Total install time: 17 s
Installed contents are licensed to you by owners. Microsoft is not responsible for, nor does it grant any licenses to, third-party packages.
Some packages did not declare an SPDX license. Check the `copyright` file for each package for more information about their licensing.
libbson provides CMake targets:

    find_package(bson-1.0 CONFIG REQUIRED)
    target_link_libraries(main PRIVATE $<IF:$<TARGET_EXISTS:mongo::bson_static>,mongo::bson_static,mongo::bson_shared>)

Waiting for 1 remaining binary cache submissions...
Completed submission of libbson:x64-mingw-dynamic-degoras@1.30.6 to 1 binary cache(s) in 92.2 ms (1/1)
All requested installations completed successfully in: 17 s
[2025-11-04T21:47:06Z][INFO]['libbson' installed successfully.]
[2025-11-04T21:47:06Z][INFO][Installing 'openssl'...]
Computing installation plan...
The following packages will be built and installed:
    openssl:x64-mingw-dynamic-degoras@3.6.0#2
Detecting compiler hash for triplet x64-mingw-dynamic-degoras...
Compiler found: D:/msys64/ucrt64/bin/x86_64-w64-mingw32-g++.exe
Restored 0 package(s) from D:\packages\vcpkg in 31.5 us. Use --debug to see more details.
Installing 1/1 openssl:x64-mingw-dynamic-degoras@3.6.0#2...
Building openssl:x64-mingw-dynamic-degoras@3.6.0#2...
D:\vcpkg\triplets\community\x64-mingw-dynamic-degoras.cmake: info: loaded community triplet from here. Community triplets are not built in the curated registry and are thus less likely to succeed.
-- Using DEGORAS-PROJECT custom triplet
Downloading https://github.com/openssl/openssl/archive/openssl-3.6.0.tar.gz -> openssl-openssl-openssl-3.6.0.tar.gz
Successfully downloaded openssl-openssl-openssl-3.6.0.tar.gz
-- Extracting source D:/vcpkg/downloads/openssl-openssl-openssl-3.6.0.tar.gz
-- Applying patch cmake-config.patch
-- Applying patch command-line-length.patch
-- Applying patch script-prefix.patch
-- Applying patch aes_cfb128_vaes_encdec_wrapper.diff
-- Applying patch windows/install-layout.patch
-- Applying patch windows/install-pdbs.patch
-- Applying patch windows/install-programs.diff
-- Applying patch unix/android-cc.patch
-- Applying patch unix/move-openssldir.patch
-- Applying patch unix/no-empty-dirs.patch
-- Applying patch unix/no-static-libs-for-shared.patch
-- Using source at D:/vcpkg/buildtrees/openssl/src/nssl-3.6.0-e5f21250ea.clean
-- Getting CMake variables for x64-mingw-dynamic-degoras
-- Loading CMake variables from D:/vcpkg/buildtrees/openssl/cmake-get-vars_C_CXX-x64-mingw-dynamic-degoras.cmake.log
Downloading msys2-make-4.4.1-2-x86_64.pkg.tar.zst, trying https://mirror.msys2.org/msys/x86_64/make-4.4.1-2-x86_64.pkg.tar.zst
Successfully downloaded msys2-make-4.4.1-2-x86_64.pkg.tar.zst
Downloading msys2-perl-5.38.4-2-x86_64.pkg.tar.zst, trying https://mirror.msys2.org/msys/x86_64/perl-5.38.4-2-x86_64.pkg.tar.zst
Successfully downloaded msys2-perl-5.38.4-2-x86_64.pkg.tar.zst
Downloading msys2-bash-5.2.037-2-x86_64.pkg.tar.zst, trying https://mirror.msys2.org/msys/x86_64/bash-5.2.037-2-x86_64.pkg.tar.zst
Successfully downloaded msys2-bash-5.2.037-2-x86_64.pkg.tar.zst
Downloading msys2-coreutils-8.32-5-x86_64.pkg.tar.zst, trying https://mirror.msys2.org/msys/x86_64/coreutils-8.32-5-x86_64.pkg.tar.zst
Successfully downloaded msys2-coreutils-8.32-5-x86_64.pkg.tar.zst
Downloading msys2-file-5.46-2-x86_64.pkg.tar.zst, trying https://mirror.msys2.org/msys/x86_64/file-5.46-2-x86_64.pkg.tar.zst
Successfully downloaded msys2-file-5.46-2-x86_64.pkg.tar.zst
Downloading msys2-gawk-5.3.2-1-x86_64.pkg.tar.zst, trying https://mirror.msys2.org/msys/x86_64/gawk-5.3.2-1-x86_64.pkg.tar.zst
Successfully downloaded msys2-gawk-5.3.2-1-x86_64.pkg.tar.zst
Downloading msys2-grep-1~3.0-7-x86_64.pkg.tar.zst, trying https://mirror.msys2.org/msys/x86_64/grep-1~3.0-7-x86_64.pkg.tar.zst
Successfully downloaded msys2-grep-1~3.0-7-x86_64.pkg.tar.zst
Downloading msys2-gzip-1.14-1-x86_64.pkg.tar.zst, trying https://mirror.msys2.org/msys/x86_64/gzip-1.14-1-x86_64.pkg.tar.zst
Successfully downloaded msys2-gzip-1.14-1-x86_64.pkg.tar.zst
Downloading msys2-diffutils-3.12-1-x86_64.pkg.tar.zst, trying https://mirror.msys2.org/msys/x86_64/diffutils-3.12-1-x86_64.pkg.tar.zst
Successfully downloaded msys2-diffutils-3.12-1-x86_64.pkg.tar.zst
Downloading msys2-pkgconf-2.4.3-1-x86_64.pkg.tar.zst, trying https://mirror.msys2.org/msys/x86_64/pkgconf-2.4.3-1-x86_64.pkg.tar.zst
Successfully downloaded msys2-pkgconf-2.4.3-1-x86_64.pkg.tar.zst
Downloading msys2-sed-4.9-1-x86_64.pkg.tar.zst, trying https://mirror.msys2.org/msys/x86_64/sed-4.9-1-x86_64.pkg.tar.zst
Successfully downloaded msys2-sed-4.9-1-x86_64.pkg.tar.zst
-- Using cached msys2-msys2-runtime-3.6.2-2-x86_64.pkg.tar.zst
Downloading msys2-libintl-0.22.5-1-x86_64.pkg.tar.zst, trying https://mirror.msys2.org/msys/x86_64/libintl-0.22.5-1-x86_64.pkg.tar.zst
Successfully downloaded msys2-libintl-0.22.5-1-x86_64.pkg.tar.zst
Downloading msys2-libxcrypt-4.4.38-1-x86_64.pkg.tar.zst, trying https://mirror.msys2.org/msys/x86_64/libxcrypt-4.4.38-1-x86_64.pkg.tar.zst
Successfully downloaded msys2-libxcrypt-4.4.38-1-x86_64.pkg.tar.zst
Downloading msys2-libiconv-1.18-1-x86_64.pkg.tar.zst, trying https://mirror.msys2.org/msys/x86_64/libiconv-1.18-1-x86_64.pkg.tar.zst
Successfully downloaded msys2-libiconv-1.18-1-x86_64.pkg.tar.zst
Downloading msys2-gmp-6.3.0-1-x86_64.pkg.tar.zst, trying https://mirror.msys2.org/msys/x86_64/gmp-6.3.0-1-x86_64.pkg.tar.zst
Successfully downloaded msys2-gmp-6.3.0-1-x86_64.pkg.tar.zst
Downloading msys2-gcc-libs-13.3.0-1-x86_64.pkg.tar.zst, trying https://mirror.msys2.org/msys/x86_64/gcc-libs-13.3.0-1-x86_64.pkg.tar.zst
Successfully downloaded msys2-gcc-libs-13.3.0-1-x86_64.pkg.tar.zst
Downloading msys2-libbz2-1.0.8-4-x86_64.pkg.tar.zst, trying https://mirror.msys2.org/msys/x86_64/libbz2-1.0.8-4-x86_64.pkg.tar.zst
Successfully downloaded msys2-libbz2-1.0.8-4-x86_64.pkg.tar.zst
Downloading msys2-liblzma-5.8.1-1-x86_64.pkg.tar.zst, trying https://mirror.msys2.org/msys/x86_64/liblzma-5.8.1-1-x86_64.pkg.tar.zst
Successfully downloaded msys2-liblzma-5.8.1-1-x86_64.pkg.tar.zst
Downloading msys2-libzstd-1.5.7-1-x86_64.pkg.tar.zst, trying https://mirror.msys2.org/msys/x86_64/libzstd-1.5.7-1-x86_64.pkg.tar.zst
Successfully downloaded msys2-libzstd-1.5.7-1-x86_64.pkg.tar.zst
Downloading msys2-zlib-1.3.1-1-x86_64.pkg.tar.zst, trying https://mirror.msys2.org/msys/x86_64/zlib-1.3.1-1-x86_64.pkg.tar.zst
Successfully downloaded msys2-zlib-1.3.1-1-x86_64.pkg.tar.zst
Downloading msys2-libreadline-8.2.013-1-x86_64.pkg.tar.zst, trying https://mirror.msys2.org/msys/x86_64/libreadline-8.2.013-1-x86_64.pkg.tar.zst
Successfully downloaded msys2-libreadline-8.2.013-1-x86_64.pkg.tar.zst
Downloading msys2-mpfr-4.2.2-1-x86_64.pkg.tar.zst, trying https://mirror.msys2.org/msys/x86_64/mpfr-4.2.2-1-x86_64.pkg.tar.zst
Successfully downloaded msys2-mpfr-4.2.2-1-x86_64.pkg.tar.zst
Downloading msys2-libpcre-8.45-5-x86_64.pkg.tar.zst, trying https://mirror.msys2.org/msys/x86_64/libpcre-8.45-5-x86_64.pkg.tar.zst
Successfully downloaded msys2-libpcre-8.45-5-x86_64.pkg.tar.zst
Downloading msys2-ncurses-6.5.20240831-2-x86_64.pkg.tar.zst, trying https://mirror.msys2.org/msys/x86_64/ncurses-6.5.20240831-2-x86_64.pkg.tar.zst
Successfully downloaded msys2-ncurses-6.5.20240831-2-x86_64.pkg.tar.zst
-- Using msys root at D:/vcpkg/downloads/tools/msys2/f08f440edf60c8a9
-- Getting CMake variables for x64-mingw-dynamic-degoras
Downloading msys2-autoconf-wrapper-20240607-1-any.pkg.tar.zst, trying https://mirror.msys2.org/msys/x86_64/autoconf-wrapper-20240607-1-any.pkg.tar.zst
Successfully downloaded msys2-autoconf-wrapper-20240607-1-any.pkg.tar.zst
Downloading msys2-automake-wrapper-20240607-1-any.pkg.tar.zst, trying https://mirror.msys2.org/msys/x86_64/automake-wrapper-20240607-1-any.pkg.tar.zst
Successfully downloaded msys2-automake-wrapper-20240607-1-any.pkg.tar.zst
Downloading msys2-binutils-2.44-1-x86_64.pkg.tar.zst, trying https://mirror.msys2.org/msys/x86_64/binutils-2.44-1-x86_64.pkg.tar.zst
Successfully downloaded msys2-binutils-2.44-1-x86_64.pkg.tar.zst
Downloading msys2-libtool-2.5.4-1-x86_64.pkg.tar.zst, trying https://mirror.msys2.org/msys/x86_64/libtool-2.5.4-1-x86_64.pkg.tar.zst
Successfully downloaded msys2-libtool-2.5.4-1-x86_64.pkg.tar.zst
-- Using cached msys2-make-4.4.1-2-x86_64.pkg.tar.zst
-- Using cached msys2-pkgconf-2.4.3-1-x86_64.pkg.tar.zst
Downloading msys2-which-2.23-4-x86_64.pkg.tar.zst, trying https://mirror.msys2.org/msys/x86_64/which-2.23-4-x86_64.pkg.tar.zst
Successfully downloaded msys2-which-2.23-4-x86_64.pkg.tar.zst
-- Using cached msys2-bash-5.2.037-2-x86_64.pkg.tar.zst
-- Using cached msys2-coreutils-8.32-5-x86_64.pkg.tar.zst
-- Using cached msys2-file-5.46-2-x86_64.pkg.tar.zst
-- Using cached msys2-gawk-5.3.2-1-x86_64.pkg.tar.zst
-- Using cached msys2-grep-1~3.0-7-x86_64.pkg.tar.zst
-- Using cached msys2-gzip-1.14-1-x86_64.pkg.tar.zst
-- Using cached msys2-diffutils-3.12-1-x86_64.pkg.tar.zst
-- Using cached msys2-sed-4.9-1-x86_64.pkg.tar.zst
-- Using cached msys2-msys2-runtime-3.6.2-2-x86_64.pkg.tar.zst
Downloading msys2-autoconf2.72-2.72-3-any.pkg.tar.zst, trying https://mirror.msys2.org/msys/x86_64/autoconf2.72-2.72-3-any.pkg.tar.zst
Successfully downloaded msys2-autoconf2.72-2.72-3-any.pkg.tar.zst
Downloading msys2-automake1.16-1.16.5-1-any.pkg.tar.zst, trying https://mirror.msys2.org/msys/x86_64/automake1.16-1.16.5-1-any.pkg.tar.zst
Successfully downloaded msys2-automake1.16-1.16.5-1-any.pkg.tar.zst
Downloading msys2-automake1.17-1.17-1-any.pkg.tar.zst, trying https://mirror.msys2.org/msys/x86_64/automake1.17-1.17-1-any.pkg.tar.zst
Successfully downloaded msys2-automake1.17-1.17-1-any.pkg.tar.zst
-- Using cached msys2-libiconv-1.18-1-x86_64.pkg.tar.zst
-- Using cached msys2-libintl-0.22.5-1-x86_64.pkg.tar.zst
-- Using cached msys2-zlib-1.3.1-1-x86_64.pkg.tar.zst
Downloading msys2-findutils-4.10.0-2-x86_64.pkg.tar.zst, trying https://mirror.msys2.org/msys/x86_64/findutils-4.10.0-2-x86_64.pkg.tar.zst
Successfully downloaded msys2-findutils-4.10.0-2-x86_64.pkg.tar.zst
Downloading msys2-tar-1.35-2-x86_64.pkg.tar.zst, trying https://mirror.msys2.org/msys/x86_64/tar-1.35-2-x86_64.pkg.tar.zst
Successfully downloaded msys2-tar-1.35-2-x86_64.pkg.tar.zst
-- Using cached msys2-gmp-6.3.0-1-x86_64.pkg.tar.zst
-- Using cached msys2-gcc-libs-13.3.0-1-x86_64.pkg.tar.zst
-- Using cached msys2-libbz2-1.0.8-4-x86_64.pkg.tar.zst
-- Using cached msys2-liblzma-5.8.1-1-x86_64.pkg.tar.zst
-- Using cached msys2-libzstd-1.5.7-1-x86_64.pkg.tar.zst
-- Using cached msys2-libreadline-8.2.013-1-x86_64.pkg.tar.zst
-- Using cached msys2-mpfr-4.2.2-1-x86_64.pkg.tar.zst
-- Using cached msys2-libpcre-8.45-5-x86_64.pkg.tar.zst
Downloading msys2-m4-1.4.19-2-x86_64.pkg.tar.zst, trying https://mirror.msys2.org/msys/x86_64/m4-1.4.19-2-x86_64.pkg.tar.zst
Successfully downloaded msys2-m4-1.4.19-2-x86_64.pkg.tar.zst
-- Using cached msys2-perl-5.38.4-2-x86_64.pkg.tar.zst
-- Using cached msys2-ncurses-6.5.20240831-2-x86_64.pkg.tar.zst
-- Using cached msys2-libxcrypt-4.4.38-1-x86_64.pkg.tar.zst
-- Applying patch D:/vcpkg/scripts/cmake/compile_wrapper_consider_clang-cl.patch
-- Using msys root at D:/vcpkg/downloads/tools/msys2/7c55719f9ca5acf6
-- Using cached msys2-mingw-w64-x86_64-pkgconf-1~2.4.3-1-any.pkg.tar.zst
-- Using cached msys2-msys2-runtime-3.6.2-2-x86_64.pkg.tar.zst
-- Using msys root at D:/vcpkg/downloads/tools/msys2/9272adbcaf19caef
-- Configuring x64-mingw-dynamic-degoras-rel
-- Building x64-mingw-dynamic-degoras-rel
-- Installing x64-mingw-dynamic-degoras-rel
-- Fixing pkgconfig file: D:/vcpkg/packages/openssl_x64-mingw-dynamic-degoras/lib/pkgconfig/libcrypto.pc
-- Fixing pkgconfig file: D:/vcpkg/packages/openssl_x64-mingw-dynamic-degoras/lib/pkgconfig/libssl.pc
-- Fixing pkgconfig file: D:/vcpkg/packages/openssl_x64-mingw-dynamic-degoras/lib/pkgconfig/openssl.pc
-- Installing: D:/vcpkg/packages/openssl_x64-mingw-dynamic-degoras/share/openssl/usage
-- Installing: D:/vcpkg/packages/openssl_x64-mingw-dynamic-degoras/share/openssl/copyright
-- Performing post-build validation
D:\vcpkg\ports\openssl\portfile.cmake: warning: There should be no installed empty directories. Empty directories are not representable to several binary cache providers, git repositories, and are not considered semantic build outputs. You should either create a regular file inside each empty directory, or delete them with the following CMake. To suppress this message, add set(VCPKG_POLICY_ALLOW_EMPTY_FOLDERS enabled)
D:\vcpkg\packages\openssl_x64-mingw-dynamic-degoras: note: the directories are relative to ${CURRENT_PACKAGES_DIR} here
note: file(REMOVE_RECURSE "${CURRENT_PACKAGES_DIR}/etc/ssl/misc")
D:\vcpkg\ports\openssl\portfile.cmake: warning: Found 1 post-build check problem(s). These are usually caused by bugs in portfile.cmake or the upstream build system. Please correct these before submitting this port to the curated registry.
Starting submission of openssl:x64-mingw-dynamic-degoras@3.6.0#2 to 1 binary cache(s) in the background
Elapsed time to handle openssl:x64-mingw-dynamic-degoras: 7.8 min
openssl:x64-mingw-dynamic-degoras package ABI: 2f3a4f1e3dd2672a4964409792d17f92ac9b29e88e8f1d8c4127f408abf8d608
Total install time: 7.8 min
Installed contents are licensed to you by owners. Microsoft is not responsible for, nor does it grant any licenses to, third-party packages.
Packages installed in this vcpkg installation declare the following licenses:
Apache-2.0
openssl is compatible with built-in CMake targets:

  find_package(OpenSSL REQUIRED)
  target_link_libraries(main PRIVATE OpenSSL::SSL)
  target_link_libraries(main PRIVATE OpenSSL::Crypto)

Waiting for 1 remaining binary cache submissions...
Completed submission of openssl:x64-mingw-dynamic-degoras@3.6.0#2 to 1 binary cache(s) in 714 ms (1/1)
All requested installations completed successfully in: 7.8 min
[2025-11-04T21:54:54Z][INFO]['openssl' installed successfully.]
[2025-11-04T21:54:54Z][INFO][Installing 'spdlog'...]
Computing installation plan...
The following packages will be built and installed:
    spdlog:x64-mingw-dynamic-degoras@1.16.0
Detecting compiler hash for triplet x64-mingw-dynamic-degoras...
Compiler found: D:/msys64/ucrt64/bin/x86_64-w64-mingw32-g++.exe
Restored 0 package(s) from D:\packages\vcpkg in 38.6 us. Use --debug to see more details.
Installing 1/1 spdlog:x64-mingw-dynamic-degoras@1.16.0...
Building spdlog:x64-mingw-dynamic-degoras@1.16.0...
D:\vcpkg\triplets\community\x64-mingw-dynamic-degoras.cmake: info: loaded community triplet from here. Community triplets are not built in the curated registry and are thus less likely to succeed.
-- Using DEGORAS-PROJECT custom triplet
Downloading https://github.com/gabime/spdlog/archive/v1.16.0.tar.gz -> gabime-spdlog-v1.16.0.tar.gz
Successfully downloaded gabime-spdlog-v1.16.0.tar.gz
-- Extracting source D:/vcpkg/downloads/gabime-spdlog-v1.16.0.tar.gz
-- Using source at D:/vcpkg/buildtrees/spdlog/src/v1.16.0-e349c3b9b7.clean
-- Configuring x64-mingw-dynamic-degoras
-- Building x64-mingw-dynamic-degoras-rel
-- Fixing pkgconfig file: D:/vcpkg/packages/spdlog_x64-mingw-dynamic-degoras/lib/pkgconfig/spdlog.pc
-- Using cached msys2-mingw-w64-x86_64-pkgconf-1~2.4.3-1-any.pkg.tar.zst
-- Using cached msys2-msys2-runtime-3.6.2-2-x86_64.pkg.tar.zst
-- Using msys root at D:/vcpkg/downloads/tools/msys2/9272adbcaf19caef
-- Installing: D:/vcpkg/packages/spdlog_x64-mingw-dynamic-degoras/share/spdlog/usage
-- Installing: D:/vcpkg/packages/spdlog_x64-mingw-dynamic-degoras/share/spdlog/copyright
-- Performing post-build validation
Starting submission of spdlog:x64-mingw-dynamic-degoras@1.16.0 to 1 binary cache(s) in the background
Elapsed time to handle spdlog:x64-mingw-dynamic-degoras: 9 s
spdlog:x64-mingw-dynamic-degoras package ABI: 4979325304d14d3973eea0580066f27b948fdd66813008896a81eeebd885393f
Total install time: 9 s
Installed contents are licensed to you by owners. Microsoft is not responsible for, nor does it grant any licenses to, third-party packages.
Packages installed in this vcpkg installation declare the following licenses:
MIT
The package spdlog provides CMake targets:

    find_package(spdlog CONFIG REQUIRED)
    target_link_libraries(main PRIVATE spdlog::spdlog)

    # Or use the header-only version
    find_package(spdlog CONFIG REQUIRED)
    target_link_libraries(main PRIVATE spdlog::spdlog_header_only)

Waiting for 1 remaining binary cache submissions...
Completed submission of spdlog:x64-mingw-dynamic-degoras@1.16.0 to 1 binary cache(s) in 116 ms (1/1)
All requested installations completed successfully in: 9 s
[2025-11-04T21:55:05Z][INFO]['spdlog' installed successfully.]
[2025-11-04T21:55:05Z][INFO][Installing 'zlib'...]
Computing installation plan...
The following packages will be built and installed:
    zlib:x64-mingw-dynamic-degoras@1.3.1
Detecting compiler hash for triplet x64-mingw-dynamic-degoras...
Compiler found: D:/msys64/ucrt64/bin/x86_64-w64-mingw32-g++.exe
Restored 0 package(s) from D:\packages\vcpkg in 44.6 us. Use --debug to see more details.
Installing 1/1 zlib:x64-mingw-dynamic-degoras@1.3.1...
Building zlib:x64-mingw-dynamic-degoras@1.3.1...
D:\vcpkg\triplets\community\x64-mingw-dynamic-degoras.cmake: info: loaded community triplet from here. Community triplets are not built in the curated registry and are thus less likely to succeed.
-- Using DEGORAS-PROJECT custom triplet
Downloading https://github.com/madler/zlib/archive/v1.3.1.tar.gz -> madler-zlib-v1.3.1.tar.gz
Successfully downloaded madler-zlib-v1.3.1.tar.gz
-- Extracting source D:/vcpkg/downloads/madler-zlib-v1.3.1.tar.gz
-- Applying patch 0001-Prevent-invalid-inclusions-when-HAVE_-is-set-to-0.patch
-- Applying patch 0002-build-static-or-shared-not-both.patch
-- Applying patch 0003-android-and-mingw-fixes.patch
-- Using source at D:/vcpkg/buildtrees/zlib/src/v1.3.1-2e5db616bf.clean
-- Configuring x64-mingw-dynamic-degoras
-- Building x64-mingw-dynamic-degoras-rel
-- Installing: D:/vcpkg/packages/zlib_x64-mingw-dynamic-degoras/share/zlib/vcpkg-cmake-wrapper.cmake
-- Fixing pkgconfig file: D:/vcpkg/packages/zlib_x64-mingw-dynamic-degoras/lib/pkgconfig/zlib.pc
-- Using cached msys2-mingw-w64-x86_64-pkgconf-1~2.4.3-1-any.pkg.tar.zst
-- Using cached msys2-msys2-runtime-3.6.2-2-x86_64.pkg.tar.zst
-- Using msys root at D:/vcpkg/downloads/tools/msys2/9272adbcaf19caef
-- Installing: D:/vcpkg/packages/zlib_x64-mingw-dynamic-degoras/share/zlib/copyright
-- Performing post-build validation
Starting submission of zlib:x64-mingw-dynamic-degoras@1.3.1 to 1 binary cache(s) in the background
Elapsed time to handle zlib:x64-mingw-dynamic-degoras: 4.4 s
zlib:x64-mingw-dynamic-degoras package ABI: cde39c9d1183181e92bf56c66615fa60464983bea1dcef32e3ee331c4bbd6054
Total install time: 4.4 s
Installed contents are licensed to you by owners. Microsoft is not responsible for, nor does it grant any licenses to, third-party packages.
Packages installed in this vcpkg installation declare the following licenses:
Zlib
The package zlib is compatible with built-in CMake targets:

    find_package(ZLIB REQUIRED)
    target_link_libraries(main PRIVATE ZLIB::ZLIB)

Waiting for 1 remaining binary cache submissions...
Completed submission of zlib:x64-mingw-dynamic-degoras@1.3.1 to 1 binary cache(s) in 43.2 ms (1/1)
All requested installations completed successfully in: 4.4 s
[2025-11-04T21:55:12Z][INFO]['zlib' installed successfully.]
[2025-11-04T21:55:12Z][INFO][Installing 'curl'...]
Computing installation plan...
The following packages will be built and installed:
    curl[core,non-http,ssl,sspi]:x64-mingw-dynamic-degoras@8.16.0
Detecting compiler hash for triplet x64-mingw-dynamic-degoras...
Compiler found: D:/msys64/ucrt64/bin/x86_64-w64-mingw32-g++.exe
Restored 0 package(s) from D:\packages\vcpkg in 44 us. Use --debug to see more details.
Installing 1/1 curl[core,non-http,ssl,sspi]:x64-mingw-dynamic-degoras@8.16.0...
Building curl[core,non-http,ssl,sspi]:x64-mingw-dynamic-degoras@8.16.0...
D:\vcpkg\triplets\community\x64-mingw-dynamic-degoras.cmake: info: loaded community triplet from here. Community triplets are not built in the curated registry and are thus less likely to succeed.
-- Using DEGORAS-PROJECT custom triplet
Downloading https://github.com/curl/curl/archive/curl-8_16_0.tar.gz -> curl-curl-curl-8_16_0.tar.gz
Successfully downloaded curl-curl-curl-8_16_0.tar.gz
-- Extracting source D:/vcpkg/downloads/curl-curl-curl-8_16_0.tar.gz
-- Applying patch dependencies.patch
-- Applying patch pkgconfig-curl-config.patch
-- Using source at D:/vcpkg/buildtrees/curl/src/url-8_16_0-5a5b13de3a.clean
-- Using cached msys2-mingw-w64-x86_64-pkgconf-1~2.4.3-1-any.pkg.tar.zst
-- Using cached msys2-msys2-runtime-3.6.2-2-x86_64.pkg.tar.zst
-- Using msys root at D:/vcpkg/downloads/tools/msys2/9272adbcaf19caef
-- Configuring x64-mingw-dynamic-degoras
-- Building x64-mingw-dynamic-degoras-rel
-- Fixing pkgconfig file: D:/vcpkg/packages/curl_x64-mingw-dynamic-degoras/lib/pkgconfig/libcurl.pc
-- Installing: D:/vcpkg/packages/curl_x64-mingw-dynamic-degoras/share/curl/vcpkg-cmake-wrapper.cmake
-- Installing: D:/vcpkg/packages/curl_x64-mingw-dynamic-degoras/share/curl/usage
-- Performing post-build validation
Starting submission of curl[core,non-http,ssl,sspi]:x64-mingw-dynamic-degoras@8.16.0 to 1 binary cache(s) in the background
Elapsed time to handle curl:x64-mingw-dynamic-degoras: 29 s
curl:x64-mingw-dynamic-degoras package ABI: 0e9fc0d81f6dcd24e73ee39d58d2dc6f9ca093de2f493a506dd84fb24cc0c5e1
Total install time: 29 s
Installed contents are licensed to you by owners. Microsoft is not responsible for, nor does it grant any licenses to, third-party packages.
Packages installed in this vcpkg installation declare the following licenses:
BSD-3-Clause
ISC
curl
curl is compatible with built-in CMake targets:

    find_package(CURL REQUIRED)
    target_link_libraries(main PRIVATE CURL::libcurl)

Waiting for 1 remaining binary cache submissions...
Completed submission of curl[core,non-http,ssl,sspi]:x64-mingw-dynamic-degoras@8.16.0 to 1 binary cache(s) in 132 ms (1/1)
All requested installations completed successfully in: 29 s
[2025-11-04T21:55:43Z][INFO]['curl' installed successfully.]
[2025-11-04T21:55:43Z][INFO][Installing 'mongo-c-driver'...]
Computing installation plan...
The following packages will be built and installed:
    mongo-c-driver:x64-mingw-dynamic-degoras@1.30.6
  * utf8proc:x64-mingw-dynamic-degoras@2.11.0
Additional packages (*) will be modified to complete this operation.
Detecting compiler hash for triplet x64-mingw-dynamic-degoras...
Compiler found: D:/msys64/ucrt64/bin/x86_64-w64-mingw32-g++.exe
Restored 0 package(s) from D:\packages\vcpkg in 69.8 us. Use --debug to see more details.
Installing 1/2 utf8proc:x64-mingw-dynamic-degoras@2.11.0...
Building utf8proc:x64-mingw-dynamic-degoras@2.11.0...
D:\vcpkg\triplets\community\x64-mingw-dynamic-degoras.cmake: info: loaded community triplet from here. Community triplets are not built in the curated registry and are thus less likely to succeed.
-- Using DEGORAS-PROJECT custom triplet
Downloading https://github.com/JuliaLang/utf8proc/archive/v2.11.0.tar.gz -> JuliaLang-utf8proc-v2.11.0.tar.gz
Successfully downloaded JuliaLang-utf8proc-v2.11.0.tar.gz
-- Extracting source D:/vcpkg/downloads/JuliaLang-utf8proc-v2.11.0.tar.gz
-- Using source at D:/vcpkg/buildtrees/utf8proc/src/v2.11.0-24cc9595a0.clean
-- Configuring x64-mingw-dynamic-degoras
-- Building x64-mingw-dynamic-degoras-rel
-- Fixing pkgconfig file: D:/vcpkg/packages/utf8proc_x64-mingw-dynamic-degoras/lib/pkgconfig/libutf8proc.pc
-- Using cached msys2-mingw-w64-x86_64-pkgconf-1~2.4.3-1-any.pkg.tar.zst
-- Using cached msys2-msys2-runtime-3.6.2-2-x86_64.pkg.tar.zst
-- Using msys root at D:/vcpkg/downloads/tools/msys2/9272adbcaf19caef
-- Installing: D:/vcpkg/packages/utf8proc_x64-mingw-dynamic-degoras/share/unofficial-utf8proc/unofficial-utf8proc-config.cmake
-- Installing: D:/vcpkg/packages/utf8proc_x64-mingw-dynamic-degoras/share/utf8proc/copyright
-- Performing post-build validation
Starting submission of utf8proc:x64-mingw-dynamic-degoras@2.11.0 to 1 binary cache(s) in the background
Elapsed time to handle utf8proc:x64-mingw-dynamic-degoras: 3.5 s
utf8proc:x64-mingw-dynamic-degoras package ABI: ea5e4f54d4120586b23f5a3af4362638210abe97dd20ab80077487b4b36c5f8b
Installing 2/2 mongo-c-driver:x64-mingw-dynamic-degoras@1.30.6...
Building mongo-c-driver:x64-mingw-dynamic-degoras@1.30.6...
D:\vcpkg\triplets\community\x64-mingw-dynamic-degoras.cmake: info: loaded community triplet from here. Community triplets are not built in the curated registry and are thus less likely to succeed.
-- Using DEGORAS-PROJECT custom triplet
-- Using cached mongodb-mongo-c-driver-1.30.6.tar.gz
-- Extracting source D:/vcpkg/downloads/mongodb-mongo-c-driver-1.30.6.tar.gz
-- Applying patch disable-dynamic-when-static.patch
-- Applying patch fix-dependencies.patch
-- Applying patch fix-include-directory.patch
-- Applying patch fix-mingw.patch
-- Applying patch remove_abs_patch.cmake
-- Using source at D:/vcpkg/buildtrees/mongo-c-driver/src/1.30.6-26fe744273.clean
-- Using cached msys2-mingw-w64-x86_64-pkgconf-1~2.4.3-1-any.pkg.tar.zst
-- Using cached msys2-msys2-runtime-3.6.2-2-x86_64.pkg.tar.zst
-- Using msys root at D:/vcpkg/downloads/tools/msys2/9272adbcaf19caef
-- Configuring x64-mingw-dynamic-degoras-rel
-- Building x64-mingw-dynamic-degoras-rel
-- Fixing pkgconfig file: D:/vcpkg/packages/mongo-c-driver_x64-mingw-dynamic-degoras/lib/pkgconfig/libmongoc-1.0.pc
-- Fixing pkgconfig file: D:/vcpkg/packages/mongo-c-driver_x64-mingw-dynamic-degoras/lib/pkgconfig/libmongoc-ssl-1.0.pc
-- Installing: D:/vcpkg/packages/mongo-c-driver_x64-mingw-dynamic-degoras/share/mongo-c-driver/usage
-- Performing post-build validation
Starting submission of mongo-c-driver:x64-mingw-dynamic-degoras@1.30.6 to 1 binary cache(s) in the background
Elapsed time to handle mongo-c-driver:x64-mingw-dynamic-degoras: 20 s
mongo-c-driver:x64-mingw-dynamic-degoras package ABI: 4d7ae3efcdf488b3d18fc89b93d3286b034b0ad3acfc6c6f96f7971594ae2f48
Total install time: 23 s
Installed contents are licensed to you by owners. Microsoft is not responsible for, nor does it grant any licenses to, third-party packages.
Packages installed in this vcpkg installation declare the following licenses:
Apache-2.0
MIT
mongo-c-driver provides CMake targets:

  find_package(mongoc-1.0 CONFIG REQUIRED)
  target_link_libraries(main PRIVATE $<IF:$<TARGET_EXISTS:mongo::mongoc_shared>,mongo::mongoc_shared,mongo::mongoc_static>)

Completed submission of utf8proc:x64-mingw-dynamic-degoras@2.11.0 to 1 binary cache(s) in 79.7 ms
Waiting for 1 remaining binary cache submissions...
Completed submission of mongo-c-driver:x64-mingw-dynamic-degoras@1.30.6 to 1 binary cache(s) in 185 ms (1/1)
All requested installations completed successfully in: 23 s
[2025-11-04T21:56:08Z][INFO]['mongo-c-driver' installed successfully.]
[2025-11-04T21:56:08Z][INFO][Installing 'xerces-c'...]
Computing installation plan...
The following packages will be built and installed:
    xerces-c[core,network]:x64-mingw-dynamic-degoras@3.3.0
Detecting compiler hash for triplet x64-mingw-dynamic-degoras...
Compiler found: D:/msys64/ucrt64/bin/x86_64-w64-mingw32-g++.exe
Restored 0 package(s) from D:\packages\vcpkg in 31.3 us. Use --debug to see more details.
Installing 1/1 xerces-c[core,network]:x64-mingw-dynamic-degoras@3.3.0...
Building xerces-c[core,network]:x64-mingw-dynamic-degoras@3.3.0...
D:\vcpkg\triplets\community\x64-mingw-dynamic-degoras.cmake: info: loaded community triplet from here. Community triplets are not built in the curated registry and are thus less likely to succeed.
-- Using DEGORAS-PROJECT custom triplet
Downloading https://github.com/apache/xerces-c/archive/v3.3.0.tar.gz -> apache-xerces-c-v3.3.0.tar.gz
Successfully downloaded apache-xerces-c-v3.3.0.tar.gz
-- Extracting source D:/vcpkg/downloads/apache-xerces-c-v3.3.0.tar.gz
-- Applying patch dependencies.patch
-- Applying patch disable-tests.patch
-- Applying patch remove-dll-export-macro.patch
-- Using source at D:/vcpkg/buildtrees/xerces-c/src/v3.3.0-90f725f51f.clean
-- Configuring x64-mingw-dynamic-degoras
-- Building x64-mingw-dynamic-degoras-rel
-- Fixing pkgconfig file: D:/vcpkg/packages/xerces-c_x64-mingw-dynamic-degoras/lib/pkgconfig/xerces-c.pc
-- Using cached msys2-mingw-w64-x86_64-pkgconf-1~2.4.3-1-any.pkg.tar.zst
-- Using cached msys2-msys2-runtime-3.6.2-2-x86_64.pkg.tar.zst
-- Using msys root at D:/vcpkg/downloads/tools/msys2/9272adbcaf19caef
-- Installing: D:/vcpkg/packages/xerces-c_x64-mingw-dynamic-degoras/share/xerces-c/copyright
-- Installing: D:/vcpkg/packages/xerces-c_x64-mingw-dynamic-degoras/share/xerces-c/usage
-- Performing post-build validation
Starting submission of xerces-c[core,network]:x64-mingw-dynamic-degoras@3.3.0 to 1 binary cache(s) in the background
Elapsed time to handle xerces-c:x64-mingw-dynamic-degoras: 1.2 min
xerces-c:x64-mingw-dynamic-degoras package ABI: edb742af7c6820e12d62be2d4f696acc25e499e14be7456940f115818d97a64a
Total install time: 1.2 min
Installed contents are licensed to you by owners. Microsoft is not responsible for, nor does it grant any licenses to, third-party packages.
Packages installed in this vcpkg installation declare the following licenses:
Apache-2.0
The package xerces-c is compatible with built-in CMake targets:

    find_package(XercesC REQUIRED)
    target_link_libraries(main PRIVATE XercesC::XercesC)

Waiting for 1 remaining binary cache submissions...
Completed submission of xerces-c[core,network]:x64-mingw-dynamic-degoras@3.3.0 to 1 binary cache(s) in 845 ms (1/1)
All requested installations completed successfully in: 1.2 min
[2025-11-04T21:57:26Z][INFO]['xerces-c' installed successfully.]
[2025-11-04T21:57:26Z][INFO][Installing 'zeromq'...]
Computing installation plan...
The following packages will be built and installed:
    zeromq:x64-mingw-dynamic-degoras@4.3.5#2
Detecting compiler hash for triplet x64-mingw-dynamic-degoras...
Compiler found: D:/msys64/ucrt64/bin/x86_64-w64-mingw32-g++.exe
Restored 0 package(s) from D:\packages\vcpkg in 32.6 us. Use --debug to see more details.
Installing 1/1 zeromq:x64-mingw-dynamic-degoras@4.3.5#2...
Building zeromq:x64-mingw-dynamic-degoras@4.3.5#2...
D:\vcpkg\triplets\community\x64-mingw-dynamic-degoras.cmake: info: loaded community triplet from here. Community triplets are not built in the curated registry and are thus less likely to succeed.
-- Using DEGORAS-PROJECT custom triplet
Downloading https://github.com/zeromq/libzmq/archive/v4.3.5.tar.gz -> zeromq-libzmq-v4.3.5.tar.gz
Successfully downloaded zeromq-libzmq-v4.3.5.tar.gz
-- Extracting source D:/vcpkg/downloads/zeromq-libzmq-v4.3.5.tar.gz
-- Applying patch fix-arm.patch
-- Using source at D:/vcpkg/buildtrees/zeromq/src/v4.3.5-37c87b6b8c.clean
-- Using cached msys2-mingw-w64-x86_64-pkgconf-1~2.4.3-1-any.pkg.tar.zst
-- Using cached msys2-msys2-runtime-3.6.2-2-x86_64.pkg.tar.zst
-- Using msys root at D:/vcpkg/downloads/tools/msys2/9272adbcaf19caef
-- Configuring x64-mingw-dynamic-degoras
-- Building x64-mingw-dynamic-degoras-rel
-- Installing: D:/vcpkg/packages/zeromq_x64-mingw-dynamic-degoras/share/zeromq/copyright
-- Fixing pkgconfig file: D:/vcpkg/packages/zeromq_x64-mingw-dynamic-degoras/lib/pkgconfig/libzmq.pc
-- Performing post-build validation
Starting submission of zeromq:x64-mingw-dynamic-degoras@4.3.5#2 to 1 binary cache(s) in the background
Elapsed time to handle zeromq:x64-mingw-dynamic-degoras: 34 s
zeromq:x64-mingw-dynamic-degoras package ABI: 5e4b8b1149d410c880665753cb1805c05abd4580f3722dcec404adba5966b6ea
Total install time: 34 s
Installed contents are licensed to you by owners. Microsoft is not responsible for, nor does it grant any licenses to, third-party packages.
Packages installed in this vcpkg installation declare the following licenses:
MPL-2.0
zeromq provides CMake targets:

  # this is heuristically generated, and may not be correct
  find_package(ZeroMQ CONFIG REQUIRED)
  target_link_libraries(main PRIVATE libzmq libzmq-static)

zeromq provides pkg-config modules:

  # 0MQ c++ library
  libzmq

Waiting for 1 remaining binary cache submissions...
Completed submission of zeromq:x64-mingw-dynamic-degoras@4.3.5#2 to 1 binary cache(s) in 142 ms (1/1)
All requested installations completed successfully in: 34 s
[2025-11-04T21:58:02Z][INFO]['zeromq' installed successfully.]
[2025-11-04T21:58:02Z][INFO][Installing 'cppzmq'...]
Computing installation plan...
The following packages will be built and installed:
    cppzmq:x64-mingw-dynamic-degoras@4.11.0
Detecting compiler hash for triplet x64-mingw-dynamic-degoras...
Compiler found: D:/msys64/ucrt64/bin/x86_64-w64-mingw32-g++.exe
Restored 0 package(s) from D:\packages\vcpkg in 30.8 us. Use --debug to see more details.
Installing 1/1 cppzmq:x64-mingw-dynamic-degoras@4.11.0...
Building cppzmq:x64-mingw-dynamic-degoras@4.11.0...
D:\vcpkg\triplets\community\x64-mingw-dynamic-degoras.cmake: info: loaded community triplet from here. Community triplets are not built in the curated registry and are thus less likely to succeed.
-- Using DEGORAS-PROJECT custom triplet
Downloading https://github.com/zeromq/cppzmq/archive/v4.11.0.tar.gz -> zeromq-cppzmq-v4.11.0.tar.gz
Successfully downloaded zeromq-cppzmq-v4.11.0.tar.gz
-- Extracting source D:/vcpkg/downloads/zeromq-cppzmq-v4.11.0.tar.gz
-- Using source at D:/vcpkg/buildtrees/cppzmq/src/v4.11.0-2f51f6a272.clean
-- Configuring x64-mingw-dynamic-degoras
-- Building x64-mingw-dynamic-degoras-rel
-- Fixing pkgconfig file: D:/vcpkg/packages/cppzmq_x64-mingw-dynamic-degoras/lib/pkgconfig/cppzmq.pc
-- Using cached msys2-mingw-w64-x86_64-pkgconf-1~2.4.3-1-any.pkg.tar.zst
-- Using cached msys2-msys2-runtime-3.6.2-2-x86_64.pkg.tar.zst
-- Using msys root at D:/vcpkg/downloads/tools/msys2/9272adbcaf19caef
-- Installing: D:/vcpkg/packages/cppzmq_x64-mingw-dynamic-degoras/share/cppzmq/copyright
-- Performing post-build validation
Starting submission of cppzmq:x64-mingw-dynamic-degoras@4.11.0 to 1 binary cache(s) in the background
Elapsed time to handle cppzmq:x64-mingw-dynamic-degoras: 2.6 s
cppzmq:x64-mingw-dynamic-degoras package ABI: 883659b1425461a08f585de2bc56c6b5dcd154b170149b994c54d0ea1de33ae0
Total install time: 2.6 s
Installed contents are licensed to you by owners. Microsoft is not responsible for, nor does it grant any licenses to, third-party packages.
Packages installed in this vcpkg installation declare the following licenses:
MIT
cppzmq provides CMake targets:

  # this is heuristically generated, and may not be correct
  find_package(cppzmq CONFIG REQUIRED)
  target_link_libraries(main PRIVATE cppzmq cppzmq-static)

cppzmq provides pkg-config modules:

  # C++ binding for libzmq
  cppzmq

Waiting for 1 remaining binary cache submissions...
Completed submission of cppzmq:x64-mingw-dynamic-degoras@4.11.0 to 1 binary cache(s) in 35.8 ms (1/1)
All requested installations completed successfully in: 2.6 s
[2025-11-04T21:58:07Z][INFO]['cppzmq' installed successfully.]
[2025-11-04T21:58:07Z][INFO][STEP 3: OK]
[2025-11-04T21:58:07Z][INFO][STEP 4: Retrieve versions of installed packages]
[2025-11-04T21:58:08Z][INFO][Installed: cppzmq version 4.11.0]
[2025-11-04T21:58:08Z][INFO][Installed: curl version 8.16.0]
[2025-11-04T21:58:08Z][INFO][Installed: fmt version 12.1.0]
[2025-11-04T21:58:08Z][INFO][Installed: libbson version 1.30.6]
[2025-11-04T21:58:08Z][INFO][Installed: mongo-c-driver version 1.30.6]
[2025-11-04T21:58:08Z][INFO][Installed: nlohmann-json version 3.12.0#1]
[2025-11-04T21:58:08Z][INFO][Installed: openssl version 3.6.0#2]
[2025-11-04T21:58:08Z][INFO][Installed: pkgconf version 2.5.1#4]
[2025-11-04T21:58:08Z][INFO][Installed: spdlog version 1.16.0]
[2025-11-04T21:58:08Z][INFO][Installed: xerces-c version 3.3.0]
[2025-11-04T21:58:08Z][INFO][Installed: zeromq version 4.3.5#2]
[2025-11-04T21:58:08Z][INFO][Installed: zlib version 1.3.1]
[2025-11-04T21:58:08Z][INFO][STEP 4: OK]
[2025-11-04T21:58:08Z][INFO][DEGORAS-PROJECT VCPKG packs setup completed successfully.]
[2025-11-04T21:58:08Z][INFO][TOTAL EXECUTION TIME: 745.7002293 seconds  (00:12:25)]
