===========================================================
  DEGORAS-PROJECT DEVELOPMENT DRIVE SETUP SCRIPT
-----------------------------------------------------------------
  Author:  Angel Vera Herrera
  Updated: 26/10/2025
  Version: 251026
=================================================================
Parameters:
-----------------------------------------------------------------
Drive Label        = DEGORAS_DEV
Drive Letter       = D
Size (GB)          = 40
VHDX Root          = C:\
VHDX Path          = C:\DevDrives
VHDX Filepath      = C:\DevDrives\DEGORAS_DEV.vhdx
Current Path       = C:\Users\rigesenv\Desktop\DEGORAS-PROJECT_ENVIRONMENT_SETUP-20251026T1930
Test Examples Path = C:\Users\rigesenv\Desktop\DEGORAS-PROJECT_ENVIRONMENT_SETUP-20251026T1930\CODE_EXAMPLES
Setup Scripts Path = C:\Users\rigesenv\Desktop\DEGORAS-PROJECT_ENVIRONMENT_SETUP-20251026T1930\SCRIPTS_ENV
=================================================================
[2025-11-04T20:23:59Z][INFO][STEP 1: Initial checks and preparations.]
[2025-11-04T20:23:59Z][INFO][Checking permissions...]
[2025-11-04T20:23:59Z][INFO][Checking letter format...]
[2025-11-04T20:23:59Z][INFO][Checking if VHD already exists...]
[2025-11-04T20:23:59Z][INFO][Checking if drive letter is in use...]
[2025-11-04T20:23:59Z][INFO][Checking disk space...]
[2025-11-04T20:23:59Z][INFO][Available Space = 47888457728 bytes]
[2025-11-04T20:23:59Z][INFO][Required Space  = 42949672960 bytes]
[2025-11-04T20:23:59Z][INFO][Checking VHD folder...]
[2025-11-04T20:23:59Z][INFO][Checking examples folder...]
[2025-11-04T20:23:59Z][INFO][Checking setup scrips folder...]
[2025-11-04T20:23:59Z][INFO][STEP 1: OK]
[2025-11-04T20:23:59Z][INFO][STEP 2: Disable AutoplayHandlers to avoid Windows popup.]
[2025-11-04T20:23:59Z][INFO][Disabling AutoplayHandlers temporarily...]
[2025-11-04T20:23:59Z][INFO][STEP 2: OK]
[2025-11-04T20:23:59Z][INFO][STEP 3: Create and Attach the VHD.]
[2025-11-04T20:23:59Z][INFO][Creating and attaching VHD at C:\DevDrives\DEGORAS_DEV.vhdx...]
[2025-11-04T20:24:01Z][INFO][STEP 3: OK]
[2025-11-04T20:24:01Z][INFO][STEP 4: Format Partition and Register as Dev Drive.]
[2025-11-04T20:24:01Z][INFO][Formatting partition as DevDrive...]
[2025-11-04T20:24:04Z][INFO][Trusting volume as Dev Drive...]
[2025-11-04T20:24:04Z][INFO][Disabling antivirus for Dev Drive...]
[2025-11-04T20:24:04Z][INFO][STEP 4: OK]
[2025-11-04T20:24:04Z][INFO][STEP 5: Unmount and Reattach to Apply Policies.]
[2025-11-04T20:24:04Z][INFO][Unmounting Dev Drive temporarily to apply antivirus exclusion...]
[2025-11-04T20:24:06Z][INFO][Mounting Dev Drive again...]
[2025-11-04T20:24:08Z][INFO][Dev Drive is re-mounted and ready at D:]
[2025-11-04T20:24:08Z][INFO][STEP 5: OK]
[2025-11-04T20:24:08Z][INFO][STEP 6: Create Workspace Folder Structure.]
[2025-11-04T20:24:08Z][INFO][Creating workspace folder tree inside drive D...]
[2025-11-04T20:24:08Z][INFO][Created folder: D:\deploys]
[2025-11-04T20:24:08Z][INFO][Created folder: D:\packages\vcpkg]
[2025-11-04T20:24:08Z][INFO][Created folder: D:\workspace]
[2025-11-04T20:24:08Z][INFO][Copying bash scripts...]
[2025-11-04T20:24:08Z][INFO][Copied: degoras-env-bootstrap.sh]
[2025-11-04T20:24:08Z][INFO][Copying bat scripts...]
[2025-11-04T20:24:08Z][INFO][Copied: degoras-env-launcher.bat]
[2025-11-04T20:24:08Z][INFO][Copying examples...]
[2025-11-04T20:24:08Z][INFO][Extracting test example: HelloWorldVcpkg.zip to D:\workspace]
[2025-11-04T20:24:09Z][INFO][Extracted: HelloWorldVcpkg.zip]
[2025-11-04T20:24:09Z][INFO][Extracting test example: HelloWorldVcpkgClassic.zip to D:\workspace]
[2025-11-04T20:24:09Z][INFO][Extracted: HelloWorldVcpkgClassic.zip]
[2025-11-04T20:24:09Z][INFO][STEP 6: OK]
[2025-11-04T20:24:09Z][INFO][STEP 7: Restore AutoplayHandlers.]
[2025-11-04T20:24:09Z][INFO][Re-enabling AutoplayHandlers...]
[2025-11-04T20:24:09Z][INFO][STEP 7: OK]
[2025-11-04T20:24:09Z][INFO][STEP 8: Setup environment variables and shortcout.]
[2025-11-04T20:24:09Z][INFO][DEGORAS_DEVDRIVE = D:]
[2025-11-04T20:24:09Z][INFO][DEGORAS_DEPLOYS = D:\deploys]
[2025-11-04T20:24:09Z][INFO][DEGORAS_WORKSPACE = D:\workspace]
[2025-11-04T20:24:09Z][INFO][Appending environment variables to D:\degoras-env-variables.env]
[2025-11-04T20:24:09Z][INFO][Creating shortcut to Dev Drive on desktop...]
[2025-11-04T20:24:09Z][INFO][Shortcut created: C:\Users\rigesenv\Desktop\DEGORAS_DEV.lnk]
[2025-11-04T20:24:09Z][INFO][STEP 8: OK]
[2025-11-04T20:24:09Z][INFO][STEP 9: Configure automatic mount at startup.]
[2025-11-04T20:24:11Z][INFO][STEP 9: OK]
[2025-11-04T20:24:11Z][INFO][DEGORAS-PROJECT Dev Drive created successfully at D:]
[2025-11-04T20:24:11Z][INFO][TOTAL EXECUTION TIME: 12.1180544 seconds  (00:00:12)]
