=================================================================
  DEGORAS-PROJECT VCPKG QT DEPS SETUP SCRIPT
-----------------------------------------------------------------
  Author:  Angel Vera Herrera
  Updated: 26/10/2025
  Version: 251026
=================================================================
Parameters:
-----------------------------------------------------------------
Install Drive    = D
MSYS2 bin path   = D:\msys64\usr\bin
-----------------------------------------------------------------
[2025-11-04T22:00:30Z][INFO][STEP 1: Initial checks and preparations.]
[2025-11-04T22:00:30Z][INFO][Checking permissions...]
[2025-11-04T22:00:30Z][INFO][Checking letter format...]
[2025-11-04T22:00:30Z][INFO][Checking if Dev Drive exists...]
[2025-11-04T22:00:30Z][INFO][Dev Drive detected at D:\]
[2025-11-04T22:00:30Z][INFO][Checking if msys2 bash exists...]
[2025-11-04T22:00:30Z][INFO][STEP 1: OK]
[2025-11-04T22:00:30Z][INFO][STEP 2: Install required Qt6 packages with triplet 'x64-mingw-dynamic-degoras']
[2025-11-04T22:00:30Z][INFO][Installing 'qtbase'...]
Computing installation plan...
The following packages will be built and installed:
  * brotli:x64-mingw-dynamic-degoras@1.2.0
  * bzip2[core,tool]:x64-mingw-dynamic-degoras@1.0.8#6
  * dbus:x64-mingw-dynamic-degoras@1.16.2#2
  * double-conversion:x64-mingw-dynamic-degoras@3.3.1
  * egl-registry:x64-mingw-dynamic-degoras@2024-01-25
  * expat:x64-mingw-dynamic-degoras@2.7.3
  * freetype[brotli,bzip2,core,png,zlib]:x64-mingw-dynamic-degoras@2.13.3
  * harfbuzz[core,freetype]:x64-mingw-dynamic-degoras@11.3.3
  * icu[core,tools]:x64-mingw-dynamic-degoras@74.2#6
  * libjpeg-turbo:x64-mingw-dynamic-degoras@3.1.2
  * libpng:x64-mingw-dynamic-degoras@1.6.50
  * libpq[core,lz4,openssl,zlib]:x64-mingw-dynamic-degoras@16.9#1
  * lz4:x64-mingw-dynamic-degoras@1.10.0
  * opengl:x64-mingw-dynamic-degoras@2022-12-04#3
  * opengl-registry:x64-mingw-dynamic-degoras@2024-02-10#1
  * pcre2[core,jit,platform-default-features]:x64-mingw-dynamic-degoras@10.47
    qtbase[brotli,concurrent,core,dbus,dnslookup,doubleconversion,freetype,gui,harfbuzz,icu,jpeg,network,opengl,openssl,pcre2,png,sql,sql-psql,sql-sqlite,testlib,thread,widgets,zstd]:x64-mingw-dynamic-degoras@6.9.1#1
  * sqlite3[core,json1]:x64-mingw-dynamic-degoras@3.50.4
  * vcpkg-make:x64-mingw-dynamic-degoras@2025-10-26
  * zstd:x64-mingw-dynamic-degoras@1.5.7
Additional packages (*) will be modified to complete this operation.
Detecting compiler hash for triplet x64-mingw-dynamic-degoras...
Compiler found: D:/msys64/ucrt64/bin/x86_64-w64-mingw32-g++.exe
Restored 0 package(s) from D:\packages\vcpkg in 171 us. Use --debug to see more details.
Installing 1/20 brotli:x64-mingw-dynamic-degoras@1.2.0...
Building brotli:x64-mingw-dynamic-degoras@1.2.0...
D:\vcpkg\triplets\community\x64-mingw-dynamic-degoras.cmake: info: loaded community triplet from here. Community triplets are not built in the curated registry and are thus less likely to succeed.
-- Using DEGORAS-PROJECT custom triplet
Downloading https://github.com/google/brotli/archive/v1.2.0.tar.gz -> google-brotli-v1.2.0.tar.gz
Successfully downloaded google-brotli-v1.2.0.tar.gz
-- Extracting source D:/vcpkg/downloads/google-brotli-v1.2.0.tar.gz
-- Applying patch install.patch
-- Applying patch pkgconfig.patch
-- Using source at D:/vcpkg/buildtrees/brotli/src/v1.2.0-7af7ca71ad.clean
-- Configuring x64-mingw-dynamic-degoras
-- Building x64-mingw-dynamic-degoras-rel
-- Fixing pkgconfig file: D:/vcpkg/packages/brotli_x64-mingw-dynamic-degoras/lib/pkgconfig/libbrotlicommon.pc
-- Fixing pkgconfig file: D:/vcpkg/packages/brotli_x64-mingw-dynamic-degoras/lib/pkgconfig/libbrotlidec.pc
-- Fixing pkgconfig file: D:/vcpkg/packages/brotli_x64-mingw-dynamic-degoras/lib/pkgconfig/libbrotlienc.pc
-- Using cached msys2-mingw-w64-x86_64-pkgconf-1~2.4.3-1-any.pkg.tar.zst
-- Using cached msys2-msys2-runtime-3.6.2-2-x86_64.pkg.tar.zst
-- Using msys root at D:/vcpkg/downloads/tools/msys2/9272adbcaf19caef
-- Installing: D:/vcpkg/packages/brotli_x64-mingw-dynamic-degoras/share/brotli/usage
-- Installing: D:/vcpkg/packages/brotli_x64-mingw-dynamic-degoras/share/brotli/copyright
-- Performing post-build validation
Starting submission of brotli:x64-mingw-dynamic-degoras@1.2.0 to 1 binary cache(s) in the background
Elapsed time to handle brotli:x64-mingw-dynamic-degoras: 19 s
brotli:x64-mingw-dynamic-degoras package ABI: fc4d40d38bf7acb949a7622de803c5e63155454ede98104ccdb6c5828c671beb
Installing 2/20 bzip2[core,tool]:x64-mingw-dynamic-degoras@1.0.8#6...
Building bzip2[core,tool]:x64-mingw-dynamic-degoras@1.0.8#6...
D:\vcpkg\triplets\community\x64-mingw-dynamic-degoras.cmake: info: loaded community triplet from here. Community triplets are not built in the curated registry and are thus less likely to succeed.
-- Using DEGORAS-PROJECT custom triplet
Downloading bzip2-1.0.8.tar.gz, trying https://sourceware.org/pub/bzip2/bzip2-1.0.8.tar.gz
Successfully downloaded bzip2-1.0.8.tar.gz
-- Extracting source D:/vcpkg/downloads/bzip2-1.0.8.tar.gz
-- Applying patch fix-import-export-macros.patch
-- Using source at D:/vcpkg/buildtrees/bzip2/src/bzip2-1-336d4794a3.clean
-- Configuring x64-mingw-dynamic-degoras
-- Building x64-mingw-dynamic-degoras-rel
-- Fixing pkgconfig file: D:/vcpkg/packages/bzip2_x64-mingw-dynamic-degoras/lib/pkgconfig/bzip2.pc
-- Using cached msys2-mingw-w64-x86_64-pkgconf-1~2.4.3-1-any.pkg.tar.zst
-- Using cached msys2-msys2-runtime-3.6.2-2-x86_64.pkg.tar.zst
-- Using msys root at D:/vcpkg/downloads/tools/msys2/9272adbcaf19caef
-- Installing: D:/vcpkg/packages/bzip2_x64-mingw-dynamic-degoras/share/bzip2/copyright
-- Performing post-build validation
Starting submission of bzip2[core,tool]:x64-mingw-dynamic-degoras@1.0.8#6 to 1 binary cache(s) in the background
Elapsed time to handle bzip2:x64-mingw-dynamic-degoras: 4.3 s
bzip2:x64-mingw-dynamic-degoras package ABI: a827d8ea146a958b00e92380caad186a9386e55662ffe960e6eeef0081cc63ec
Completed submission of brotli:x64-mingw-dynamic-degoras@1.2.0 to 1 binary cache(s) in 134 ms
Installing 3/20 expat:x64-mingw-dynamic-degoras@2.7.3...
Building expat:x64-mingw-dynamic-degoras@2.7.3...
D:\vcpkg\triplets\community\x64-mingw-dynamic-degoras.cmake: info: loaded community triplet from here. Community triplets are not built in the curated registry and are thus less likely to succeed.
-- Using DEGORAS-PROJECT custom triplet
Downloading https://github.com/libexpat/libexpat/archive/R_2_7_3.tar.gz -> libexpat-libexpat-R_2_7_3.tar.gz
Successfully downloaded libexpat-libexpat-R_2_7_3.tar.gz
-- Extracting source D:/vcpkg/downloads/libexpat-libexpat-R_2_7_3.tar.gz
-- Using source at D:/vcpkg/buildtrees/expat/src/R_2_7_3-c331528ffe.clean
-- Configuring x64-mingw-dynamic-degoras
-- Building x64-mingw-dynamic-degoras-rel
-- Fixing pkgconfig file: D:/vcpkg/packages/expat_x64-mingw-dynamic-degoras/lib/pkgconfig/expat.pc
-- Using cached msys2-mingw-w64-x86_64-pkgconf-1~2.4.3-1-any.pkg.tar.zst
-- Using cached msys2-msys2-runtime-3.6.2-2-x86_64.pkg.tar.zst
-- Using msys root at D:/vcpkg/downloads/tools/msys2/9272adbcaf19caef
-- Installing: D:/vcpkg/packages/expat_x64-mingw-dynamic-degoras/share/expat/copyright
-- Performing post-build validation
Starting submission of expat:x64-mingw-dynamic-degoras@2.7.3 to 1 binary cache(s) in the background
Elapsed time to handle expat:x64-mingw-dynamic-degoras: 9.6 s
expat:x64-mingw-dynamic-degoras package ABI: 5c55487809ee530619c104786b4baca7080db4def9093f4356e3e2ea5ea9d5fd
Completed submission of bzip2[core,tool]:x64-mingw-dynamic-degoras@1.0.8#6 to 1 binary cache(s) in 57.1 ms
Installing 4/20 dbus:x64-mingw-dynamic-degoras@1.16.2#2...
Building dbus:x64-mingw-dynamic-degoras@1.16.2#2...
D:\vcpkg\triplets\community\x64-mingw-dynamic-degoras.cmake: info: loaded community triplet from here. Community triplets are not built in the curated registry and are thus less likely to succeed.
-- Using DEGORAS-PROJECT custom triplet
Downloading https://gitlab.freedesktop.org//dbus/dbus/-/archive/dbus-1.16.2/dbus-dbus-1.16.2.tar.gz -> dbus-dbus-dbus-1.16.2.tar.gz
Successfully downloaded dbus-dbus-dbus-1.16.2.tar.gz
-- Extracting source D:/vcpkg/downloads/dbus-dbus-dbus-1.16.2.tar.gz
-- Applying patch cmake.dep.patch
-- Applying patch pkgconfig.patch
-- Applying patch getpeereid.patch
-- Applying patch libsystemd.patch
-- Applying patch remove-path.patch
-- Applying patch remove-var-lib-dbus-creation.patch
-- Using source at D:/vcpkg/buildtrees/dbus/src/bus-1.16.2-02a7b61930.clean
-- Configuring x64-mingw-dynamic-degoras
-- Building x64-mingw-dynamic-degoras-rel
-- Fixing pkgconfig file: D:/vcpkg/packages/dbus_x64-mingw-dynamic-degoras/lib/pkgconfig/dbus-1.pc
-- Using cached msys2-mingw-w64-x86_64-pkgconf-1~2.4.3-1-any.pkg.tar.zst
-- Using cached msys2-msys2-runtime-3.6.2-2-x86_64.pkg.tar.zst
-- Using msys root at D:/vcpkg/downloads/tools/msys2/9272adbcaf19caef
-- Installing: D:/vcpkg/packages/dbus_x64-mingw-dynamic-degoras/share/dbus/copyright
-- Performing post-build validation
Starting submission of dbus:x64-mingw-dynamic-degoras@1.16.2#2 to 1 binary cache(s) in the background
Elapsed time to handle dbus:x64-mingw-dynamic-degoras: 1.3 min
dbus:x64-mingw-dynamic-degoras package ABI: 7ab6be18ba8f4f20fac385bb0cd2873d7578cbfb3367e3981ab08f57dcb3c12f
Completed submission of expat:x64-mingw-dynamic-degoras@2.7.3 to 1 binary cache(s) in 68.7 ms
Installing 5/20 double-conversion:x64-mingw-dynamic-degoras@3.3.1...
Building double-conversion:x64-mingw-dynamic-degoras@3.3.1...
D:\vcpkg\triplets\community\x64-mingw-dynamic-degoras.cmake: info: loaded community triplet from here. Community triplets are not built in the curated registry and are thus less likely to succeed.
-- Using DEGORAS-PROJECT custom triplet
Downloading https://github.com/google/double-conversion/archive/v3.3.1.tar.gz -> google-double-conversion-v3.3.1.tar.gz
Successfully downloaded google-double-conversion-v3.3.1.tar.gz
-- Extracting source D:/vcpkg/downloads/google-double-conversion-v3.3.1.tar.gz
-- Using source at D:/vcpkg/buildtrees/double-conversion/src/v3.3.1-d69b58b5e2.clean
-- Configuring x64-mingw-dynamic-degoras
-- Building x64-mingw-dynamic-degoras-rel
-- Installing: D:/vcpkg/packages/double-conversion_x64-mingw-dynamic-degoras/share/double-conversion/copyright
-- Performing post-build validation
Starting submission of double-conversion:x64-mingw-dynamic-degoras@3.3.1 to 1 binary cache(s) in the background
Elapsed time to handle double-conversion:x64-mingw-dynamic-degoras: 5 s
double-conversion:x64-mingw-dynamic-degoras package ABI: 0082197afe36da6348397389b4aae2aa235d5f855b0bb4a6edc23e85e3ada875
Completed submission of dbus:x64-mingw-dynamic-degoras@1.16.2#2 to 1 binary cache(s) in 125 ms
Installing 6/20 egl-registry:x64-mingw-dynamic-degoras@2024-01-25...
Building egl-registry:x64-mingw-dynamic-degoras@2024-01-25...
D:\vcpkg\triplets\community\x64-mingw-dynamic-degoras.cmake: info: loaded community triplet from here. Community triplets are not built in the curated registry and are thus less likely to succeed.
-- Using DEGORAS-PROJECT custom triplet
Downloading https://github.com/KhronosGroup/EGL-Registry/archive/7db3005d4c2cb439f129a0adc931f3274f9019e6.tar.gz -> KhronosGroup-EGL-Registry-7db3005d4c2cb439f129a0adc931f3274f9019e6.tar.gz
Successfully downloaded KhronosGroup-EGL-Registry-7db3005d4c2cb439f129a0adc931f3274f9019e6.tar.gz
-- Extracting source D:/vcpkg/downloads/KhronosGroup-EGL-Registry-7db3005d4c2cb439f129a0adc931f3274f9019e6.tar.gz
-- Using source at D:/vcpkg/buildtrees/egl-registry/src/274f9019e6-49d6bdb34a.clean
-- Installing: D:/vcpkg/packages/egl-registry_x64-mingw-dynamic-degoras/share/egl-registry/copyright
-- Performing post-build validation
Starting submission of egl-registry:x64-mingw-dynamic-degoras@2024-01-25 to 1 binary cache(s) in the background
Elapsed time to handle egl-registry:x64-mingw-dynamic-degoras: 1.3 s
egl-registry:x64-mingw-dynamic-degoras package ABI: 8bd8ff31b9254647e470241b928238790cb81487284ee039eb3f68a050cf5306
Completed submission of double-conversion:x64-mingw-dynamic-degoras@3.3.1 to 1 binary cache(s) in 38.6 ms
Installing 7/20 libpng:x64-mingw-dynamic-degoras@1.6.50...
Building libpng:x64-mingw-dynamic-degoras@1.6.50...
D:\vcpkg\triplets\community\x64-mingw-dynamic-degoras.cmake: info: loaded community triplet from here. Community triplets are not built in the curated registry and are thus less likely to succeed.
-- Using DEGORAS-PROJECT custom triplet
Downloading https://github.com/pnggroup/libpng/archive/v1.6.50.tar.gz -> pnggroup-libpng-v1.6.50.tar.gz
Successfully downloaded pnggroup-libpng-v1.6.50.tar.gz
-- Extracting source D:/vcpkg/downloads/pnggroup-libpng-v1.6.50.tar.gz
-- Applying patch cmake.patch
-- Using source at D:/vcpkg/buildtrees/libpng/src/v1.6.50-13b6aa9451.clean
-- Configuring x64-mingw-dynamic-degoras
-- Building x64-mingw-dynamic-degoras-rel
-- Installing: D:/vcpkg/packages/libpng_x64-mingw-dynamic-degoras/share/png/vcpkg-cmake-wrapper.cmake
-- Installing: D:/vcpkg/packages/libpng_x64-mingw-dynamic-degoras/share/libpng/libpng-config.cmake
-- Fixing pkgconfig file: D:/vcpkg/packages/libpng_x64-mingw-dynamic-degoras/lib/pkgconfig/libpng16.pc
-- Using cached msys2-mingw-w64-x86_64-pkgconf-1~2.4.3-1-any.pkg.tar.zst
-- Using cached msys2-msys2-runtime-3.6.2-2-x86_64.pkg.tar.zst
-- Using msys root at D:/vcpkg/downloads/tools/msys2/9272adbcaf19caef
-- Installing: D:/vcpkg/packages/libpng_x64-mingw-dynamic-degoras/lib/pkgconfig/libpng.pc
-- Installing: D:/vcpkg/packages/libpng_x64-mingw-dynamic-degoras/share/libpng/usage
-- Installing: D:/vcpkg/packages/libpng_x64-mingw-dynamic-degoras/share/libpng/copyright
-- Performing post-build validation
D:\vcpkg\ports\libpng\portfile.cmake: warning: The following dlls were found in ${CURRENT_PACKAGES_DIR}/lib or ${CURRENT_PACKAGES_DIR}/debug/lib. Please move them to ${CURRENT_PACKAGES_DIR}/bin or ${CURRENT_PACKAGES_DIR}/debug/bin, respectively.
D:\vcpkg\packages\libpng_x64-mingw-dynamic-degoras: note: the DLLs are relative to ${CURRENT_PACKAGES_DIR} here
note: lib/libpng.dll
D:\vcpkg\ports\libpng\portfile.cmake: warning: Found 1 post-build check problem(s). These are usually caused by bugs in portfile.cmake or the upstream build system. Please correct these before submitting this port to the curated registry.
Starting submission of libpng:x64-mingw-dynamic-degoras@1.6.50 to 1 binary cache(s) in the background
Elapsed time to handle libpng:x64-mingw-dynamic-degoras: 6.4 s
libpng:x64-mingw-dynamic-degoras package ABI: 24b670c55e155c004627c456e0bc0756d873de62597578a0e8a3710dd43f3a13
Completed submission of egl-registry:x64-mingw-dynamic-degoras@2024-01-25 to 1 binary cache(s) in 38.2 ms
Installing 8/20 freetype[brotli,bzip2,core,png,zlib]:x64-mingw-dynamic-degoras@2.13.3...
Building freetype[brotli,bzip2,core,png,zlib]:x64-mingw-dynamic-degoras@2.13.3...
D:\vcpkg\triplets\community\x64-mingw-dynamic-degoras.cmake: info: loaded community triplet from here. Community triplets are not built in the curated registry and are thus less likely to succeed.
-- Using DEGORAS-PROJECT custom triplet
Downloading https://gitlab.freedesktop.org//freetype/freetype/-/archive/VER-2-13-3/freetype-VER-2-13-3.tar.gz -> freetype-freetype-VER-2-13-3.tar.gz
Successfully downloaded freetype-freetype-VER-2-13-3.tar.gz
-- Extracting source D:/vcpkg/downloads/freetype-freetype-VER-2-13-3.tar.gz
-- Applying patch 0003-Fix-UWP.patch
-- Applying patch brotli-static.patch
-- Applying patch bzip2.patch
-- Applying patch fix-exports.patch
-- Using source at D:/vcpkg/buildtrees/freetype/src/VER-2-13-3-8b423a038b.clean
-- Configuring x64-mingw-dynamic-degoras
-- Building x64-mingw-dynamic-degoras-rel
-- Fixing pkgconfig file: D:/vcpkg/packages/freetype_x64-mingw-dynamic-degoras/lib/pkgconfig/freetype2.pc
-- Using cached msys2-mingw-w64-x86_64-pkgconf-1~2.4.3-1-any.pkg.tar.zst
-- Using cached msys2-msys2-runtime-3.6.2-2-x86_64.pkg.tar.zst
-- Using msys root at D:/vcpkg/downloads/tools/msys2/9272adbcaf19caef
-- Installing: D:/vcpkg/packages/freetype_x64-mingw-dynamic-degoras/share/freetype/usage
-- Performing post-build validation
Starting submission of freetype[brotli,bzip2,core,png,zlib]:x64-mingw-dynamic-degoras@2.13.3 to 1 binary cache(s) in the background
Elapsed time to handle freetype:x64-mingw-dynamic-degoras: 7.2 s
freetype:x64-mingw-dynamic-degoras package ABI: ee0a20ed983987dead55d4f5005879a10cc8616c47529387f49ae8a5f388236a
Completed submission of libpng:x64-mingw-dynamic-degoras@1.6.50 to 1 binary cache(s) in 84.5 ms
Installing 9/20 harfbuzz[core,freetype]:x64-mingw-dynamic-degoras@11.3.3...
Building harfbuzz[core,freetype]:x64-mingw-dynamic-degoras@11.3.3...
D:\vcpkg\triplets\community\x64-mingw-dynamic-degoras.cmake: info: loaded community triplet from here. Community triplets are not built in the curated registry and are thus less likely to succeed.
-- Using DEGORAS-PROJECT custom triplet
-- Found Python version '3.12.12 at D:/msys64/ucrt64/bin/python.exe'
-- Using meson: D:/vcpkg/downloads/tools/meson-1.9.0-d1fcc2/meson.py
Downloading https://github.com/harfbuzz/harfbuzz/archive/11.3.3.tar.gz -> harfbuzz-harfbuzz-11.3.3.tar.gz
Successfully downloaded harfbuzz-harfbuzz-11.3.3.tar.gz
-- Extracting source D:/vcpkg/downloads/harfbuzz-harfbuzz-11.3.3.tar.gz
-- Applying patch fix-win32-build.patch
-- Applying patch add-parameter-name.patch
-- Using source at D:/vcpkg/buildtrees/harfbuzz/src/11.3.3-815fa88617.clean
-- Using cached msys2-mingw-w64-x86_64-pkgconf-1~2.4.3-1-any.pkg.tar.zst
-- Using cached msys2-msys2-runtime-3.6.2-2-x86_64.pkg.tar.zst
-- Using msys root at D:/vcpkg/downloads/tools/msys2/9272adbcaf19caef
-- Configuring x64-mingw-dynamic-degoras-rel
-- Getting CMake variables for x64-mingw-dynamic-degoras
-- Loading CMake variables from D:/vcpkg/buildtrees/harfbuzz/cmake-get-vars_C_CXX-x64-mingw-dynamic-degoras.cmake.log
-- Configuring x64-mingw-dynamic-degoras-rel done
-- Package x64-mingw-dynamic-degoras-rel
-- Fixing pkgconfig file: D:/vcpkg/packages/harfbuzz_x64-mingw-dynamic-degoras/lib/pkgconfig/harfbuzz-subset.pc
-- Fixing pkgconfig file: D:/vcpkg/packages/harfbuzz_x64-mingw-dynamic-degoras/lib/pkgconfig/harfbuzz.pc
-- Installing: D:/vcpkg/packages/harfbuzz_x64-mingw-dynamic-degoras/share/harfbuzz/copyright
-- Installing: D:/vcpkg/packages/harfbuzz_x64-mingw-dynamic-degoras/share/harfbuzz/usage
-- Performing post-build validation
Starting submission of harfbuzz[core,freetype]:x64-mingw-dynamic-degoras@11.3.3 to 1 binary cache(s) in the background
Elapsed time to handle harfbuzz:x64-mingw-dynamic-degoras: 1.2 min
harfbuzz:x64-mingw-dynamic-degoras package ABI: a8d711e9daafd2088fd97009af5da9187be94cddb2bba668e7594addc0e41871
Completed submission of freetype[brotli,bzip2,core,png,zlib]:x64-mingw-dynamic-degoras@2.13.3 to 1 binary cache(s) in 143 ms
Installing 10/20 vcpkg-make:x64-mingw-dynamic-degoras@2025-10-26...
Building vcpkg-make:x64-mingw-dynamic-degoras@2025-10-26...
D:\vcpkg\triplets\community\x64-mingw-dynamic-degoras.cmake: info: loaded community triplet from here. Community triplets are not built in the curated registry and are thus less likely to succeed.
-- Using DEGORAS-PROJECT custom triplet
Downloading automake-1.17.tar.gz, trying https://ftpmirror.gnu.org/gnu/automake/automake-1.17.tar.gz
Successfully downloaded automake-1.17.tar.gz
-- Extracting source D:/vcpkg/downloads/automake-1.17.tar.gz
-- Using source at D:/vcpkg/buildtrees/vcpkg-make/src/automake-1-c362683103.clean
-- Getting CMake variables for x64-mingw-dynamic-degoras
-- Loading CMake variables from D:/vcpkg/buildtrees/vcpkg-make/cmake-get-vars_C_CXX-x64-mingw-dynamic-degoras.cmake.log
-- x64-mingw-dynamic-degoras autotools triplet: x86_64-pc-mingw32 (from vcpkg)
-- Performing post-build validation
Starting submission of vcpkg-make:x64-mingw-dynamic-degoras@2025-10-26 to 1 binary cache(s) in the background
Elapsed time to handle vcpkg-make:x64-mingw-dynamic-degoras: 6 s
vcpkg-make:x64-mingw-dynamic-degoras package ABI: 9be49be28a46f0987fd03c6e336a09a565399746f8924abd31fcefbf79ff21ea
Completed submission of harfbuzz[core,freetype]:x64-mingw-dynamic-degoras@11.3.3 to 1 binary cache(s) in 251 ms
Installing 11/20 icu[core,tools]:x64-mingw-dynamic-degoras@74.2#6...
Building icu[core,tools]:x64-mingw-dynamic-degoras@74.2#6...
D:\vcpkg\triplets\community\x64-mingw-dynamic-degoras.cmake: info: loaded community triplet from here. Community triplets are not built in the curated registry and are thus less likely to succeed.
-- Using DEGORAS-PROJECT custom triplet
Downloading https://github.com/unicode-org/icu/releases/download/release-74-2/icu4c-74_2-src.tgz -> icu4c-74_2-src.tgz
Successfully downloaded icu4c-74_2-src.tgz
-- Extracting source D:/vcpkg/downloads/icu4c-74_2-src.tgz
-- Applying patch disable-escapestr-tool.patch
-- Applying patch remove-MD-from-configure.patch
-- Applying patch fix_parallel_build_on_windows.patch
-- Applying patch fix-extra.patch
-- Applying patch mingw-dll-install.patch
-- Applying patch disable-static-prefix.patch
-- Applying patch fix-win-build.patch
-- Applying patch vcpkg-cross-data.patch
-- Applying patch darwin-rpath.patch
-- Applying patch mingw-strict-ansi.diff
-- Applying patch cleanup_msvc.patch
-- Using source at D:/vcpkg/buildtrees/icu/src/c-74_2-src-2c60f3f6bd.clean
-- Getting CMake variables for x64-mingw-dynamic-degoras
-- Loading CMake variables from D:/vcpkg/buildtrees/icu/cmake-get-vars_C_CXX-x64-mingw-dynamic-degoras.cmake.log
-- Using cached msys2-autoconf-wrapper-20240607-1-any.pkg.tar.zst
-- Using cached msys2-automake-wrapper-20240607-1-any.pkg.tar.zst
Downloading msys2-autoconf-archive-2023.02.20-1-any.pkg.tar.zst, trying https://mirror.msys2.org/msys/x86_64/autoconf-archive-2023.02.20-1-any.pkg.tar.zst
Successfully downloaded msys2-autoconf-archive-2023.02.20-1-any.pkg.tar.zst
-- Using cached msys2-binutils-2.44-1-x86_64.pkg.tar.zst
-- Using cached msys2-libtool-2.5.4-1-x86_64.pkg.tar.zst
-- Using cached msys2-make-4.4.1-2-x86_64.pkg.tar.zst
-- Using cached msys2-which-2.23-4-x86_64.pkg.tar.zst
-- Using cached msys2-bash-5.2.037-2-x86_64.pkg.tar.zst
-- Using cached msys2-coreutils-8.32-5-x86_64.pkg.tar.zst
-- Using cached msys2-file-5.46-2-x86_64.pkg.tar.zst
-- Using cached msys2-gawk-5.3.2-1-x86_64.pkg.tar.zst
-- Using cached msys2-grep-1~3.0-7-x86_64.pkg.tar.zst
-- Using cached msys2-gzip-1.14-1-x86_64.pkg.tar.zst
-- Using cached msys2-diffutils-3.12-1-x86_64.pkg.tar.zst
-- Using cached msys2-pkgconf-2.4.3-1-x86_64.pkg.tar.zst
-- Using cached msys2-sed-4.9-1-x86_64.pkg.tar.zst
-- Using cached msys2-msys2-runtime-3.6.2-2-x86_64.pkg.tar.zst
-- Using cached msys2-autoconf2.72-2.72-3-any.pkg.tar.zst
-- Using cached msys2-automake1.16-1.16.5-1-any.pkg.tar.zst
-- Using cached msys2-automake1.17-1.17-1-any.pkg.tar.zst
-- Using cached msys2-libiconv-1.18-1-x86_64.pkg.tar.zst
-- Using cached msys2-libintl-0.22.5-1-x86_64.pkg.tar.zst
-- Using cached msys2-zlib-1.3.1-1-x86_64.pkg.tar.zst
-- Using cached msys2-findutils-4.10.0-2-x86_64.pkg.tar.zst
-- Using cached msys2-tar-1.35-2-x86_64.pkg.tar.zst
-- Using cached msys2-gmp-6.3.0-1-x86_64.pkg.tar.zst
-- Using cached msys2-gcc-libs-13.3.0-1-x86_64.pkg.tar.zst
-- Using cached msys2-libbz2-1.0.8-4-x86_64.pkg.tar.zst
-- Using cached msys2-liblzma-5.8.1-1-x86_64.pkg.tar.zst
-- Using cached msys2-libzstd-1.5.7-1-x86_64.pkg.tar.zst
-- Using cached msys2-libreadline-8.2.013-1-x86_64.pkg.tar.zst
-- Using cached msys2-mpfr-4.2.2-1-x86_64.pkg.tar.zst
-- Using cached msys2-libpcre-8.45-5-x86_64.pkg.tar.zst
-- Using cached msys2-m4-1.4.19-2-x86_64.pkg.tar.zst
-- Using cached msys2-perl-5.38.4-2-x86_64.pkg.tar.zst
-- Using cached msys2-ncurses-6.5.20240831-2-x86_64.pkg.tar.zst
-- Using cached msys2-libxcrypt-4.4.38-1-x86_64.pkg.tar.zst
-- Applying patch D:/vcpkg/scripts/cmake/compile_wrapper_consider_clang-cl.patch
-- Using msys root at D:/vcpkg/downloads/tools/msys2/8392cd453c24d30d
-- Generating configure for x64-mingw-dynamic-degoras
-- Finished generating configure for x64-mingw-dynamic-degoras
-- Configuring x64-mingw-dynamic-degoras-rel
-- Using cached msys2-autoconf-wrapper-20240607-1-any.pkg.tar.zst
-- Using cached msys2-automake-wrapper-20240607-1-any.pkg.tar.zst
-- Using cached msys2-autoconf-archive-2023.02.20-1-any.pkg.tar.zst
-- Using cached msys2-binutils-2.44-1-x86_64.pkg.tar.zst
-- Using cached msys2-libtool-2.5.4-1-x86_64.pkg.tar.zst
-- Using cached msys2-make-4.4.1-2-x86_64.pkg.tar.zst
-- Using cached msys2-which-2.23-4-x86_64.pkg.tar.zst
-- Using cached msys2-bash-5.2.037-2-x86_64.pkg.tar.zst
-- Using cached msys2-coreutils-8.32-5-x86_64.pkg.tar.zst
-- Using cached msys2-file-5.46-2-x86_64.pkg.tar.zst
-- Using cached msys2-gawk-5.3.2-1-x86_64.pkg.tar.zst
-- Using cached msys2-grep-1~3.0-7-x86_64.pkg.tar.zst
-- Using cached msys2-gzip-1.14-1-x86_64.pkg.tar.zst
-- Using cached msys2-diffutils-3.12-1-x86_64.pkg.tar.zst
-- Using cached msys2-pkgconf-2.4.3-1-x86_64.pkg.tar.zst
-- Using cached msys2-sed-4.9-1-x86_64.pkg.tar.zst
-- Using cached msys2-msys2-runtime-3.6.2-2-x86_64.pkg.tar.zst
-- Using cached msys2-autoconf2.72-2.72-3-any.pkg.tar.zst
-- Using cached msys2-automake1.16-1.16.5-1-any.pkg.tar.zst
-- Using cached msys2-automake1.17-1.17-1-any.pkg.tar.zst
-- Using cached msys2-libiconv-1.18-1-x86_64.pkg.tar.zst
-- Using cached msys2-libintl-0.22.5-1-x86_64.pkg.tar.zst
-- Using cached msys2-zlib-1.3.1-1-x86_64.pkg.tar.zst
-- Using cached msys2-findutils-4.10.0-2-x86_64.pkg.tar.zst
-- Using cached msys2-tar-1.35-2-x86_64.pkg.tar.zst
-- Using cached msys2-gmp-6.3.0-1-x86_64.pkg.tar.zst
-- Using cached msys2-gcc-libs-13.3.0-1-x86_64.pkg.tar.zst
-- Using cached msys2-libbz2-1.0.8-4-x86_64.pkg.tar.zst
-- Using cached msys2-liblzma-5.8.1-1-x86_64.pkg.tar.zst
-- Using cached msys2-libzstd-1.5.7-1-x86_64.pkg.tar.zst
-- Using cached msys2-libreadline-8.2.013-1-x86_64.pkg.tar.zst
-- Using cached msys2-mpfr-4.2.2-1-x86_64.pkg.tar.zst
-- Using cached msys2-libpcre-8.45-5-x86_64.pkg.tar.zst
-- Using cached msys2-m4-1.4.19-2-x86_64.pkg.tar.zst
-- Using cached msys2-perl-5.38.4-2-x86_64.pkg.tar.zst
-- Using cached msys2-ncurses-6.5.20240831-2-x86_64.pkg.tar.zst
-- Using cached msys2-libxcrypt-4.4.38-1-x86_64.pkg.tar.zst
-- Using msys root at D:/vcpkg/downloads/tools/msys2/8392cd453c24d30d
-- Building/Installing x64-mingw-dynamic-degoras-rel
-- Making target 'all' for x64-mingw-dynamic-degoras-rel
-- Making target 'install' for x64-mingw-dynamic-degoras-rel
-- Installing: D:/vcpkg/packages/icu_x64-mingw-dynamic-degoras/tools/icu/config/icucross.inc
-- Installing: D:/vcpkg/packages/icu_x64-mingw-dynamic-degoras/tools/icu/config/icucross.mk
-- Fixing pkgconfig file: D:/vcpkg/packages/icu_x64-mingw-dynamic-degoras/lib/pkgconfig/icu-i18n.pc
-- Fixing pkgconfig file: D:/vcpkg/packages/icu_x64-mingw-dynamic-degoras/lib/pkgconfig/icu-io.pc
-- Fixing pkgconfig file: D:/vcpkg/packages/icu_x64-mingw-dynamic-degoras/lib/pkgconfig/icu-uc.pc
-- Installing: D:/vcpkg/packages/icu_x64-mingw-dynamic-degoras/share/icu/copyright
-- Performing post-build validation
Starting submission of icu[core,tools]:x64-mingw-dynamic-degoras@74.2#6 to 1 binary cache(s) in the background
Elapsed time to handle icu:x64-mingw-dynamic-degoras: 2.9 min
icu:x64-mingw-dynamic-degoras package ABI: 7966c3297963bfa2b408e36169a45f99a13c4cd13fff66dc3c05e6064f742946
Completed submission of vcpkg-make:x64-mingw-dynamic-degoras@2025-10-26 to 1 binary cache(s) in 33.2 ms
Installing 12/20 libjpeg-turbo:x64-mingw-dynamic-degoras@3.1.2...
Building libjpeg-turbo:x64-mingw-dynamic-degoras@3.1.2...
D:\vcpkg\triplets\community\x64-mingw-dynamic-degoras.cmake: info: loaded community triplet from here. Community triplets are not built in the curated registry and are thus less likely to succeed.
-- Using DEGORAS-PROJECT custom triplet
Downloading https://github.com/libjpeg-turbo/libjpeg-turbo/archive/3.1.2.tar.gz -> libjpeg-turbo-libjpeg-turbo-3.1.2.tar.gz
Successfully downloaded libjpeg-turbo-libjpeg-turbo-3.1.2.tar.gz
-- Extracting source D:/vcpkg/downloads/libjpeg-turbo-libjpeg-turbo-3.1.2.tar.gz
-- Applying patch add-options-for-docs-headers.patch
-- Applying patch workaround_cmake_system_processor.patch
-- Using source at D:/vcpkg/buildtrees/libjpeg-turbo/src/3.1.2-8e222f7626.clean
-- Configuring x64-mingw-dynamic-degoras
-- Building x64-mingw-dynamic-degoras-rel
-- Fixing pkgconfig file: D:/vcpkg/packages/libjpeg-turbo_x64-mingw-dynamic-degoras/lib/pkgconfig/libjpeg.pc
-- Fixing pkgconfig file: D:/vcpkg/packages/libjpeg-turbo_x64-mingw-dynamic-degoras/lib/pkgconfig/libturbojpeg.pc
-- Using cached msys2-mingw-w64-x86_64-pkgconf-1~2.4.3-1-any.pkg.tar.zst
-- Using cached msys2-msys2-runtime-3.6.2-2-x86_64.pkg.tar.zst
-- Using msys root at D:/vcpkg/downloads/tools/msys2/9272adbcaf19caef
-- Installing: D:/vcpkg/packages/libjpeg-turbo_x64-mingw-dynamic-degoras/share/libjpeg-turbo/copyright
-- Performing post-build validation
Starting submission of libjpeg-turbo:x64-mingw-dynamic-degoras@3.1.2 to 1 binary cache(s) in the background
Elapsed time to handle libjpeg-turbo:x64-mingw-dynamic-degoras: 15 s
libjpeg-turbo:x64-mingw-dynamic-degoras package ABI: 2dc40004c4814a75371829537ed8053c7363c5399b8cd9e538868d91a77bb209
Completed submission of icu[core,tools]:x64-mingw-dynamic-degoras@74.2#6 to 1 binary cache(s) in 3.1 s
Installing 13/20 lz4:x64-mingw-dynamic-degoras@1.10.0...
Building lz4:x64-mingw-dynamic-degoras@1.10.0...
D:\vcpkg\triplets\community\x64-mingw-dynamic-degoras.cmake: info: loaded community triplet from here. Community triplets are not built in the curated registry and are thus less likely to succeed.
-- Using DEGORAS-PROJECT custom triplet
Downloading https://github.com/lz4/lz4/archive/v1.10.0.tar.gz -> lz4-lz4-v1.10.0.tar.gz
Successfully downloaded lz4-lz4-v1.10.0.tar.gz
-- Extracting source D:/vcpkg/downloads/lz4-lz4-v1.10.0.tar.gz
-- Applying patch target-lz4-lz4.diff
-- Using source at D:/vcpkg/buildtrees/lz4/src/v1.10.0-61bd08d80e.clean
-- Configuring x64-mingw-dynamic-degoras
-- Building x64-mingw-dynamic-degoras-rel
-- Fixing pkgconfig file: D:/vcpkg/packages/lz4_x64-mingw-dynamic-degoras/lib/pkgconfig/liblz4.pc
-- Using cached msys2-mingw-w64-x86_64-pkgconf-1~2.4.3-1-any.pkg.tar.zst
-- Using cached msys2-msys2-runtime-3.6.2-2-x86_64.pkg.tar.zst
-- Using msys root at D:/vcpkg/downloads/tools/msys2/9272adbcaf19caef
-- Installing: D:/vcpkg/packages/lz4_x64-mingw-dynamic-degoras/share/lz4/usage
-- Installing: D:/vcpkg/packages/lz4_x64-mingw-dynamic-degoras/share/lz4/copyright
-- Performing post-build validation
Starting submission of lz4:x64-mingw-dynamic-degoras@1.10.0 to 1 binary cache(s) in the background
Elapsed time to handle lz4:x64-mingw-dynamic-degoras: 8.7 s
lz4:x64-mingw-dynamic-degoras package ABI: 31e8482f9bb7953f61549e1b26a96a3639c19b0af77f4690a1ad35e1f7399558
Completed submission of libjpeg-turbo:x64-mingw-dynamic-degoras@3.1.2 to 1 binary cache(s) in 130 ms
Installing 14/20 libpq[core,lz4,openssl,zlib]:x64-mingw-dynamic-degoras@16.9#1...
Building libpq[core,lz4,openssl,zlib]:x64-mingw-dynamic-degoras@16.9#1...
D:\vcpkg\triplets\community\x64-mingw-dynamic-degoras.cmake: info: loaded community triplet from here. Community triplets are not built in the curated registry and are thus less likely to succeed.
-- Using DEGORAS-PROJECT custom triplet
Downloading postgresql-16.9.tar.bz2, trying https://ftp.postgresql.org/pub/source/v16.9/postgresql-16.9.tar.bz2
Successfully downloaded postgresql-16.9.tar.bz2
-- Extracting source D:/vcpkg/downloads/postgresql-16.9.tar.bz2
-- Applying patch unix/installdirs.patch
-- Applying patch unix/fix-configure.patch
-- Applying patch unix/single-linkage.patch
-- Applying patch unix/no-server-tools.patch
-- Applying patch unix/mingw-install.patch
-- Applying patch unix/python.patch
-- Applying patch windows/macro-def.patch
-- Applying patch windows/win_bison_flex.patch
-- Applying patch windows/msbuild.patch
-- Applying patch windows/spin_delay.patch
-- Applying patch windows/tcl-9.0-alpha.patch
-- Applying patch android/unversioned_so.patch
-- Using source at D:/vcpkg/buildtrees/libpq/src/tgresql-16-e1df654f15.clean
-- Getting CMake variables for x64-mingw-dynamic-degoras
-- Loading CMake variables from D:/vcpkg/buildtrees/libpq/cmake-get-vars_C_CXX-x64-mingw-dynamic-degoras.cmake.log
Downloading https://github.com/lexxmark/winflexbison/releases/download/v2.5.24/win_flex_bison-2.5.24.zip -> win_flex_bison-2.5.24.zip
Successfully downloaded win_flex_bison-2.5.24.zip
-- Getting CMake variables for x64-mingw-dynamic-degoras
Downloading tzcode-2025b-1-x86_64.pkg.tar.zst, trying https://mirror.msys2.org/msys/x86_64/tzcode-2025b-1-x86_64.pkg.tar.zst
Successfully downloaded tzcode-2025b-1-x86_64.pkg.tar.zst
-- Using cached msys2-autoconf-wrapper-20240607-1-any.pkg.tar.zst
-- Using cached msys2-automake-wrapper-20240607-1-any.pkg.tar.zst
-- Using cached msys2-binutils-2.44-1-x86_64.pkg.tar.zst
-- Using cached msys2-libtool-2.5.4-1-x86_64.pkg.tar.zst
-- Using cached msys2-make-4.4.1-2-x86_64.pkg.tar.zst
-- Using cached msys2-pkgconf-2.4.3-1-x86_64.pkg.tar.zst
-- Using cached msys2-which-2.23-4-x86_64.pkg.tar.zst
-- Using cached msys2-autoconf-archive-2023.02.20-1-any.pkg.tar.zst
-- Using cached msys2-bash-5.2.037-2-x86_64.pkg.tar.zst
-- Using cached msys2-coreutils-8.32-5-x86_64.pkg.tar.zst
-- Using cached msys2-file-5.46-2-x86_64.pkg.tar.zst
-- Using cached msys2-gawk-5.3.2-1-x86_64.pkg.tar.zst
-- Using cached msys2-grep-1~3.0-7-x86_64.pkg.tar.zst
-- Using cached msys2-gzip-1.14-1-x86_64.pkg.tar.zst
-- Using cached msys2-diffutils-3.12-1-x86_64.pkg.tar.zst
-- Using cached msys2-sed-4.9-1-x86_64.pkg.tar.zst
-- Using cached msys2-msys2-runtime-3.6.2-2-x86_64.pkg.tar.zst
-- Using cached msys2-autoconf2.72-2.72-3-any.pkg.tar.zst
-- Using cached msys2-automake1.16-1.16.5-1-any.pkg.tar.zst
-- Using cached msys2-automake1.17-1.17-1-any.pkg.tar.zst
-- Using cached msys2-libiconv-1.18-1-x86_64.pkg.tar.zst
-- Using cached msys2-libintl-0.22.5-1-x86_64.pkg.tar.zst
-- Using cached msys2-zlib-1.3.1-1-x86_64.pkg.tar.zst
-- Using cached msys2-findutils-4.10.0-2-x86_64.pkg.tar.zst
-- Using cached msys2-tar-1.35-2-x86_64.pkg.tar.zst
-- Using cached msys2-gmp-6.3.0-1-x86_64.pkg.tar.zst
-- Using cached msys2-gcc-libs-13.3.0-1-x86_64.pkg.tar.zst
-- Using cached msys2-libbz2-1.0.8-4-x86_64.pkg.tar.zst
-- Using cached msys2-liblzma-5.8.1-1-x86_64.pkg.tar.zst
-- Using cached msys2-libzstd-1.5.7-1-x86_64.pkg.tar.zst
-- Using cached msys2-libreadline-8.2.013-1-x86_64.pkg.tar.zst
-- Using cached msys2-mpfr-4.2.2-1-x86_64.pkg.tar.zst
-- Using cached msys2-libpcre-8.45-5-x86_64.pkg.tar.zst
-- Using cached msys2-m4-1.4.19-2-x86_64.pkg.tar.zst
-- Using cached msys2-perl-5.38.4-2-x86_64.pkg.tar.zst
-- Using cached msys2-ncurses-6.5.20240831-2-x86_64.pkg.tar.zst
-- Using cached msys2-libxcrypt-4.4.38-1-x86_64.pkg.tar.zst
-- Applying patch D:/vcpkg/scripts/cmake/compile_wrapper_consider_clang-cl.patch
-- Using msys root at D:/vcpkg/downloads/tools/msys2/1e95d4d3c5d3b260
-- Generating configure for x64-mingw-dynamic-degoras
-- Finished generating configure for x64-mingw-dynamic-degoras
-- Using cached msys2-mingw-w64-x86_64-pkgconf-1~2.4.3-1-any.pkg.tar.zst
-- Using cached msys2-msys2-runtime-3.6.2-2-x86_64.pkg.tar.zst
-- Using msys root at D:/vcpkg/downloads/tools/msys2/9272adbcaf19caef
-- Configuring x64-mingw-dynamic-degoras-rel
-- Building x64-mingw-dynamic-degoras-rel
-- Installing x64-mingw-dynamic-degoras-rel
-- Fixing pkgconfig file: D:/vcpkg/packages/libpq_x64-mingw-dynamic-degoras/lib/pkgconfig/libecpg.pc
-- Fixing pkgconfig file: D:/vcpkg/packages/libpq_x64-mingw-dynamic-degoras/lib/pkgconfig/libecpg_compat.pc
-- Fixing pkgconfig file: D:/vcpkg/packages/libpq_x64-mingw-dynamic-degoras/lib/pkgconfig/libpgtypes.pc
-- Fixing pkgconfig file: D:/vcpkg/packages/libpq_x64-mingw-dynamic-degoras/lib/pkgconfig/libpq.pc
-- Installing: D:/vcpkg/packages/libpq_x64-mingw-dynamic-degoras/share/libpq/usage
-- Installing: D:/vcpkg/packages/libpq_x64-mingw-dynamic-degoras/share/libpq/copyright
-- Performing post-build validation
Starting submission of libpq[core,lz4,openssl,zlib]:x64-mingw-dynamic-degoras@16.9#1 to 1 binary cache(s) in the background
Elapsed time to handle libpq:x64-mingw-dynamic-degoras: 2.1 min
libpq:x64-mingw-dynamic-degoras package ABI: 7a2166d48a415d847d8a135962eb1e651a56b0d7e685f79ced6992abb1a201fd
Completed submission of lz4:x64-mingw-dynamic-degoras@1.10.0 to 1 binary cache(s) in 64 ms
Installing 15/20 opengl-registry:x64-mingw-dynamic-degoras@2024-02-10#1...
Building opengl-registry:x64-mingw-dynamic-degoras@2024-02-10#1...
D:\vcpkg\triplets\community\x64-mingw-dynamic-degoras.cmake: info: loaded community triplet from here. Community triplets are not built in the curated registry and are thus less likely to succeed.
-- Using DEGORAS-PROJECT custom triplet
Downloading https://github.com/KhronosGroup/OpenGL-Registry/archive/3530768138c5ba3dfbb2c43c830493f632f7ea33.tar.gz -> KhronosGroup-OpenGL-Registry-3530768138c5ba3dfbb2c43c830493f632f7ea33.tar.gz
Successfully downloaded KhronosGroup-OpenGL-Registry-3530768138c5ba3dfbb2c43c830493f632f7ea33.tar.gz
-- Extracting source D:/vcpkg/downloads/KhronosGroup-OpenGL-Registry-3530768138c5ba3dfbb2c43c830493f632f7ea33.tar.gz
-- Using source at D:/vcpkg/buildtrees/opengl-registry/src/f632f7ea33-4952f9ace9.clean
-- Installing: D:/vcpkg/packages/opengl-registry_x64-mingw-dynamic-degoras/share/opengl-registry/copyright
-- Performing post-build validation
Starting submission of opengl-registry:x64-mingw-dynamic-degoras@2024-02-10#1 to 1 binary cache(s) in the background
Elapsed time to handle opengl-registry:x64-mingw-dynamic-degoras: 6.7 s
opengl-registry:x64-mingw-dynamic-degoras package ABI: 0e77342701b7728d7a8a16aa6dd40896868c39fdda497027bbac1045f90e5f2f
Completed submission of libpq[core,lz4,openssl,zlib]:x64-mingw-dynamic-degoras@16.9#1 to 1 binary cache(s) in 183 ms
Installing 16/20 opengl:x64-mingw-dynamic-degoras@2022-12-04#3...
Building opengl:x64-mingw-dynamic-degoras@2022-12-04#3...
D:\vcpkg\triplets\community\x64-mingw-dynamic-degoras.cmake: info: loaded community triplet from here. Community triplets are not built in the curated registry and are thus less likely to succeed.
-- Using DEGORAS-PROJECT custom triplet
-- Fixing pkgconfig file: D:/vcpkg/packages/opengl_x64-mingw-dynamic-degoras/lib/pkgconfig/glu.pc
-- Fixing pkgconfig file: D:/vcpkg/packages/opengl_x64-mingw-dynamic-degoras/lib/pkgconfig/opengl.pc
-- Using cached msys2-mingw-w64-x86_64-pkgconf-1~2.4.3-1-any.pkg.tar.zst
-- Using cached msys2-msys2-runtime-3.6.2-2-x86_64.pkg.tar.zst
-- Using msys root at D:/vcpkg/downloads/tools/msys2/9272adbcaf19caef
-- Installing: D:/vcpkg/packages/opengl_x64-mingw-dynamic-degoras/share/opengl/usage
-- Skipping post-build validation due to VCPKG_POLICY_EMPTY_PACKAGE
Starting submission of opengl:x64-mingw-dynamic-degoras@2022-12-04#3 to 1 binary cache(s) in the background
Elapsed time to handle opengl:x64-mingw-dynamic-degoras: 102 ms
opengl:x64-mingw-dynamic-degoras package ABI: 57733ac54de4afe806d0ab818dd4e8bed51ab1c807a600d83185c3e676dec7c2
Installing 17/20 pcre2[core,jit,platform-default-features]:x64-mingw-dynamic-degoras@10.47...
Building pcre2[core,jit,platform-default-features]:x64-mingw-dynamic-degoras@10.47...
D:\vcpkg\triplets\community\x64-mingw-dynamic-degoras.cmake: info: loaded community triplet from here. Community triplets are not built in the curated registry and are thus less likely to succeed.
-- Using DEGORAS-PROJECT custom triplet
Downloading https://github.com/PCRE2Project/pcre2/archive/pcre2-10.47.tar.gz -> PCRE2Project-pcre2-pcre2-10.47.tar.gz
Successfully downloaded PCRE2Project-pcre2-pcre2-10.47.tar.gz
-- Extracting source D:/vcpkg/downloads/PCRE2Project-pcre2-pcre2-10.47.tar.gz
-- Applying patch pcre2-10.35_fix-uwp.patch
-- Applying patch no-static-suffix.patch
-- Using source at D:/vcpkg/buildtrees/pcre2/src/cre2-10.47-7b8426e64a.clean
Downloading https://github.com/zherczeg/sljit/archive/45f910b78c6605ebf5b53d3ec7cb00f2312fe417.tar.gz -> zherczeg-sljit-45f910b78c6605ebf5b53d3ec7cb00f2312fe417.tar.gz
Successfully downloaded zherczeg-sljit-45f910b78c6605ebf5b53d3ec7cb00f2312fe417.tar.gz
-- Extracting source D:/vcpkg/downloads/zherczeg-sljit-45f910b78c6605ebf5b53d3ec7cb00f2312fe417.tar.gz
-- Using source at D:/vcpkg/buildtrees/pcre2/src/f2312fe417-2bbc527107.clean
-- Configuring x64-mingw-dynamic-degoras
CMake Warning at installed/x64-mingw-dynamic-degoras/share/vcpkg-cmake/vcpkg_cmake_configure.cmake:344 (message):
  The following variables are not used in CMakeLists.txt:

      PCRE2_STATIC_RUNTIME

  Please recheck them and remove the unnecessary options from the
  `vcpkg_cmake_configure` call.

  If these options should still be passed for whatever reason, please use the
  `MAYBE_UNUSED_VARIABLES` argument.
Call Stack (most recent call first):
  ports/pcre2/portfile.cmake:34 (vcpkg_cmake_configure)
  scripts/ports.cmake:206 (include)


-- Building x64-mingw-dynamic-degoras-rel
-- Fixing pkgconfig file: D:/vcpkg/packages/pcre2_x64-mingw-dynamic-degoras/lib/pkgconfig/libpcre2-16.pc
-- Fixing pkgconfig file: D:/vcpkg/packages/pcre2_x64-mingw-dynamic-degoras/lib/pkgconfig/libpcre2-32.pc
-- Fixing pkgconfig file: D:/vcpkg/packages/pcre2_x64-mingw-dynamic-degoras/lib/pkgconfig/libpcre2-8.pc
-- Fixing pkgconfig file: D:/vcpkg/packages/pcre2_x64-mingw-dynamic-degoras/lib/pkgconfig/libpcre2-posix.pc
-- Using cached msys2-mingw-w64-x86_64-pkgconf-1~2.4.3-1-any.pkg.tar.zst
-- Using cached msys2-msys2-runtime-3.6.2-2-x86_64.pkg.tar.zst
-- Using msys root at D:/vcpkg/downloads/tools/msys2/9272adbcaf19caef
-- Installing: D:/vcpkg/packages/pcre2_x64-mingw-dynamic-degoras/share/pcre2/usage
-- Installing: D:/vcpkg/packages/pcre2_x64-mingw-dynamic-degoras/share/pcre2/copyright
-- Performing post-build validation
Starting submission of pcre2[core,jit,platform-default-features]:x64-mingw-dynamic-degoras@10.47 to 1 binary cache(s) in the background
Elapsed time to handle pcre2:x64-mingw-dynamic-degoras: 20 s
pcre2:x64-mingw-dynamic-degoras package ABI: c694ca4b6a52ba2b8c7e4e493b55072fa93085d1b50c4ae4d8b3b7896f599b3f
Completed submission of opengl-registry:x64-mingw-dynamic-degoras@2024-02-10#1 to 1 binary cache(s) in 276 ms
Completed submission of opengl:x64-mingw-dynamic-degoras@2022-12-04#3 to 1 binary cache(s) in 28.1 ms
Installing 18/20 sqlite3[core,json1]:x64-mingw-dynamic-degoras@3.50.4...
Building sqlite3[core,json1]:x64-mingw-dynamic-degoras@3.50.4...
D:\vcpkg\triplets\community\x64-mingw-dynamic-degoras.cmake: info: loaded community triplet from here. Community triplets are not built in the curated registry and are thus less likely to succeed.
-- Using DEGORAS-PROJECT custom triplet
Downloading https://sqlite.org/2025/sqlite-autoconf-3500400.tar.gz -> sqlite-autoconf-3500400.zip
Successfully downloaded sqlite-autoconf-3500400.zip
-- Extracting source D:/vcpkg/downloads/sqlite-autoconf-3500400.zip
-- Applying patch fix-arm-uwp.patch
-- Applying patch add-config-include.patch
-- Using source at D:/vcpkg/buildtrees/sqlite3/src/nf-3500400-27a76b56ef.clean
-- Configuring x64-mingw-dynamic-degoras
-- Building x64-mingw-dynamic-degoras-rel
-- Fixing pkgconfig file: D:/vcpkg/packages/sqlite3_x64-mingw-dynamic-degoras/lib/pkgconfig/sqlite3.pc
-- Using cached msys2-mingw-w64-x86_64-pkgconf-1~2.4.3-1-any.pkg.tar.zst
-- Using cached msys2-msys2-runtime-3.6.2-2-x86_64.pkg.tar.zst
-- Using msys root at D:/vcpkg/downloads/tools/msys2/9272adbcaf19caef
-- Installing: D:/vcpkg/packages/sqlite3_x64-mingw-dynamic-degoras/share/sqlite3/usage
-- Performing post-build validation
Starting submission of sqlite3[core,json1]:x64-mingw-dynamic-degoras@3.50.4 to 1 binary cache(s) in the background
Elapsed time to handle sqlite3:x64-mingw-dynamic-degoras: 36 s
sqlite3:x64-mingw-dynamic-degoras package ABI: 7ef3e9fcab5bc209b508062a21602f1cbfa29a3454370bc637de1efea2019f59
Completed submission of pcre2[core,jit,platform-default-features]:x64-mingw-dynamic-degoras@10.47 to 1 binary cache(s) in 142 ms
Installing 19/20 zstd:x64-mingw-dynamic-degoras@1.5.7...
Building zstd:x64-mingw-dynamic-degoras@1.5.7...
D:\vcpkg\triplets\community\x64-mingw-dynamic-degoras.cmake: info: loaded community triplet from here. Community triplets are not built in the curated registry and are thus less likely to succeed.
-- Using DEGORAS-PROJECT custom triplet
Downloading https://github.com/facebook/zstd/archive/v1.5.7.tar.gz -> facebook-zstd-v1.5.7.tar.gz
Successfully downloaded facebook-zstd-v1.5.7.tar.gz
-- Extracting source D:/vcpkg/downloads/facebook-zstd-v1.5.7.tar.gz
-- Applying patch no-static-suffix.patch
-- Applying patch fix-emscripten-and-clang-cl.patch
-- Applying patch fix-windows-rc-compile.patch
-- Using source at D:/vcpkg/buildtrees/zstd/src/v1.5.7-bb6cae2b2e.clean
-- Configuring x64-mingw-dynamic-degoras
-- Building x64-mingw-dynamic-degoras-rel
-- Fixing pkgconfig file: D:/vcpkg/packages/zstd_x64-mingw-dynamic-degoras/lib/pkgconfig/libzstd.pc
-- Using cached msys2-mingw-w64-x86_64-pkgconf-1~2.4.3-1-any.pkg.tar.zst
-- Using cached msys2-msys2-runtime-3.6.2-2-x86_64.pkg.tar.zst
-- Using msys root at D:/vcpkg/downloads/tools/msys2/9272adbcaf19caef
-- Installing: D:/vcpkg/packages/zstd_x64-mingw-dynamic-degoras/share/zstd/usage
-- Performing post-build validation
Starting submission of zstd:x64-mingw-dynamic-degoras@1.5.7 to 1 binary cache(s) in the background
Elapsed time to handle zstd:x64-mingw-dynamic-degoras: 16 s
zstd:x64-mingw-dynamic-degoras package ABI: 47641861340cae1a2117fe470ec18f66bb66f830705a9c7bbc4b174b294b8a28
Completed submission of sqlite3[core,json1]:x64-mingw-dynamic-degoras@3.50.4 to 1 binary cache(s) in 197 ms
Installing 20/20 qtbase[brotli,concurrent,core,dbus,dnslookup,doubleconversion,freetype,gui,harfbuzz,icu,jpeg,network,opengl,openssl,pcre2,png,sql,sql-psql,sql-sqlite,testlib,thread,widgets,zstd]:x64-mingw-dynamic-degoras@6.9.1#1...
Building qtbase[brotli,concurrent,core,dbus,dnslookup,doubleconversion,freetype,gui,harfbuzz,icu,jpeg,network,opengl,openssl,pcre2,png,sql,sql-psql,sql-sqlite,testlib,thread,widgets,zstd]:x64-mingw-dynamic-degoras@6.9.1#1...
D:\vcpkg\triplets\community\x64-mingw-dynamic-degoras.cmake: info: loaded community triplet from here. Community triplets are not built in the curated registry and are thus less likely to succeed.
-- Using DEGORAS-PROJECT custom triplet
-- Using cached msys2-mingw-w64-x86_64-pkgconf-1~2.4.3-1-any.pkg.tar.zst
-- Using cached msys2-msys2-runtime-3.6.2-2-x86_64.pkg.tar.zst
-- Using msys root at D:/vcpkg/downloads/tools/msys2/9272adbcaf19caef
Downloading qtbase-everywhere-src-6.9.1.tar.xz, trying https://download.qt.io/archive/qt/6.9/6.9.1/submodules/qtbase-everywhere-src-6.9.1.tar.xz
Successfully downloaded qtbase-everywhere-src-6.9.1.tar.xz
-- Extracting source D:/vcpkg/downloads/qtbase-everywhere-src-6.9.1.tar.xz
-- Applying patch allow_outside_prefix.patch
-- Applying patch config_install.patch
-- Applying patch fix_cmake_build.patch
-- Applying patch harfbuzz.patch
-- Applying patch fix_egl.patch
-- Applying patch fix_egl_2.patch
-- Applying patch installed_dir.patch
-- Applying patch GLIB2-static.patch
-- Applying patch clang-cl_source_location.patch
-- Applying patch clang-cl_QGADGET_fix.diff
-- Applying patch fix-host-aliasing.patch
-- Applying patch fix_deploy_windows.patch
-- Applying patch fix-link-lib-discovery.patch
-- Applying patch macdeployqt-symlinks.patch
-- Applying patch fix-missing-include.patch
-- Applying patch moltenvk.patch
-- Applying patch xcodebuild-not-installed.patch
-- Applying patch fix-libresolv-test.patch
-- Applying patch dont_force_cmakecache_latest.patch
-- Using source at D:/vcpkg/buildtrees/qtbase/src/here-src-6-a3a448d0ba.clean
-- Configuring x64-mingw-dynamic-degoras
-- Building x64-mingw-dynamic-degoras-rel
-- Fixing pkgconfig file: D:/vcpkg/packages/qtbase_x64-mingw-dynamic-degoras/lib/pkgconfig/Qt6Concurrent.pc
-- Fixing pkgconfig file: D:/vcpkg/packages/qtbase_x64-mingw-dynamic-degoras/lib/pkgconfig/Qt6Core.pc
-- Fixing pkgconfig file: D:/vcpkg/packages/qtbase_x64-mingw-dynamic-degoras/lib/pkgconfig/Qt6DBus.pc
-- Fixing pkgconfig file: D:/vcpkg/packages/qtbase_x64-mingw-dynamic-degoras/lib/pkgconfig/Qt6Gui.pc
-- Fixing pkgconfig file: D:/vcpkg/packages/qtbase_x64-mingw-dynamic-degoras/lib/pkgconfig/Qt6Network.pc
-- Fixing pkgconfig file: D:/vcpkg/packages/qtbase_x64-mingw-dynamic-degoras/lib/pkgconfig/Qt6OpenGL.pc
-- Fixing pkgconfig file: D:/vcpkg/packages/qtbase_x64-mingw-dynamic-degoras/lib/pkgconfig/Qt6OpenGLWidgets.pc
-- Fixing pkgconfig file: D:/vcpkg/packages/qtbase_x64-mingw-dynamic-degoras/lib/pkgconfig/Qt6Platform.pc
-- Fixing pkgconfig file: D:/vcpkg/packages/qtbase_x64-mingw-dynamic-degoras/lib/pkgconfig/Qt6PrintSupport.pc
-- Fixing pkgconfig file: D:/vcpkg/packages/qtbase_x64-mingw-dynamic-degoras/lib/pkgconfig/Qt6Sql.pc
-- Fixing pkgconfig file: D:/vcpkg/packages/qtbase_x64-mingw-dynamic-degoras/lib/pkgconfig/Qt6Test.pc
-- Fixing pkgconfig file: D:/vcpkg/packages/qtbase_x64-mingw-dynamic-degoras/lib/pkgconfig/Qt6Widgets.pc
-- Fixing pkgconfig file: D:/vcpkg/packages/qtbase_x64-mingw-dynamic-degoras/lib/pkgconfig/Qt6Xml.pc
-- Performing post-build validation
Starting submission of qtbase[brotli,concurrent,core,dbus,dnslookup,doubleconversion,freetype,gui,harfbuzz,icu,jpeg,network,opengl,openssl,pcre2,png,sql,sql-psql,sql-sqlite,testlib,thread,widgets,zstd]:x64-mingw-dynamic-degoras@6.9.1#1 to 1 binary cache(s) in the background
Elapsed time to handle qtbase:x64-mingw-dynamic-degoras: 11 min
qtbase:x64-mingw-dynamic-degoras package ABI: 3c9f2c1c25e16634d4fd30fd6d99738ee8a0556da95e55a972011fdc7e11173c
Total install time: 22 min
Installed contents are licensed to you by owners. Microsoft is not responsible for, nor does it grant any licenses to, third-party packages.
Some packages did not declare an SPDX license. Check the `copyright` file for each package for more information about their licensing.
Packages installed in this vcpkg installation declare the following licenses:
(AFL-2.1 OR GPL-2.0-or-later)
(BSD-3-Clause OR GPL-2.0-only)
(FTL OR GPL-2.0-or-later)
BSD-2-Clause
BSD-3-Clause
ICU
MIT
MIT-Modern-Variant
PostgreSQL
blessing
bzip2-1.0.6
libpng-2.0
qtbase provides CMake targets:

  # this is heuristically generated, and may not be correct
  find_package(Qt6 CONFIG REQUIRED)
  # note: 37 additional targets are not displayed.
  target_link_libraries(main PRIVATE DB2::DB2 PPS::PPS Oracle::OCI Libb2::Libb2)

  find_package(Qt6Concurrent CONFIG REQUIRED)
  target_link_libraries(main PRIVATE Qt6::Concurrent)

  find_package(Qt6ConcurrentPrivate CONFIG REQUIRED)
  target_link_libraries(main PRIVATE Qt6::ConcurrentPrivate)

  find_package(Qt6Core CONFIG REQUIRED)
  target_link_libraries(main PRIVATE Qt6::Core)

  find_package(Qt6CorePrivate CONFIG REQUIRED)
  target_link_libraries(main PRIVATE Qt6::CorePrivate)

  find_package(Qt6DBus CONFIG REQUIRED)
  target_link_libraries(main PRIVATE Qt6::DBus)

  find_package(Qt6DBusPrivate CONFIG REQUIRED)
  target_link_libraries(main PRIVATE Qt6::DBusPrivate)

  find_package(Qt6DeviceDiscoverySupportPrivate CONFIG REQUIRED)
  target_link_libraries(main PRIVATE Qt6::DeviceDiscoverySupportPrivate)

  find_package(Qt6EntryPointPrivate CONFIG REQUIRED)
  target_link_libraries(main PRIVATE Qt6::EntryPointPrivate Qt6::EntryPointImplementation)

  find_package(Qt6ExampleIconsPrivate CONFIG REQUIRED)
  target_link_libraries(main PRIVATE Qt6::ExampleIconsPrivate Qt6::ExampleIconsPrivate_resources_1)

  find_package(Qt6ExamplesAssetDownloaderPrivate CONFIG REQUIRED)
  target_link_libraries(main PRIVATE Qt6::ExamplesAssetDownloaderPrivate)

  find_package(Qt6FbSupportPrivate CONFIG REQUIRED)
  target_link_libraries(main PRIVATE Qt6::FbSupportPrivate)

  find_package(Qt6Gui CONFIG REQUIRED)
  # note: 5 additional targets are not displayed.
  target_link_libraries(main PRIVATE Qt6::Gui Qt6::QGifPlugin Qt6::QICOPlugin Qt6::QJpegPlugin)

  find_package(Qt6GuiPrivate CONFIG REQUIRED)
  target_link_libraries(main PRIVATE Qt6::GuiPrivate)

  find_package(Qt6Network CONFIG REQUIRED)
  # note: 1 additional targets are not displayed.
  target_link_libraries(main PRIVATE Qt6::Network Qt6::QNLMNIPlugin Qt6::QSchannelBackendPlugin Qt6::QTlsBackendOpenSSLPlugin)

  find_package(Qt6NetworkPrivate CONFIG REQUIRED)
  target_link_libraries(main PRIVATE Qt6::NetworkPrivate)

  find_package(Qt6OpenGL CONFIG REQUIRED)
  target_link_libraries(main PRIVATE Qt6::OpenGL)

  find_package(Qt6OpenGLPrivate CONFIG REQUIRED)
  target_link_libraries(main PRIVATE Qt6::OpenGLPrivate)

  find_package(Qt6OpenGLWidgets CONFIG REQUIRED)
  target_link_libraries(main PRIVATE Qt6::OpenGLWidgets)

  find_package(Qt6OpenGLWidgetsPrivate CONFIG REQUIRED)
  target_link_libraries(main PRIVATE Qt6::OpenGLWidgetsPrivate)

  find_package(Qt6PrintSupport CONFIG REQUIRED)
  target_link_libraries(main PRIVATE Qt6::PrintSupport)

  find_package(Qt6PrintSupportPrivate CONFIG REQUIRED)
  target_link_libraries(main PRIVATE Qt6::PrintSupportPrivate)

  find_package(Qt6Sql CONFIG REQUIRED)
  target_link_libraries(main PRIVATE Qt6::Sql Qt6::QPSQLDriverPlugin Qt6::QSQLiteDriverPlugin)

  find_package(Qt6SqlPrivate CONFIG REQUIRED)
  target_link_libraries(main PRIVATE Qt6::SqlPrivate)

  find_package(Qt6Test CONFIG REQUIRED)
  target_link_libraries(main PRIVATE Qt6::Test)

  find_package(Qt6TestInternalsPrivate CONFIG REQUIRED)
  target_link_libraries(main PRIVATE Qt6::TestInternalsPrivate)

  find_package(Qt6TestPrivate CONFIG REQUIRED)
  target_link_libraries(main PRIVATE Qt6::TestPrivate)

  find_package(Qt6Widgets CONFIG REQUIRED)
  target_link_libraries(main PRIVATE Qt6::Widgets Qt6::QModernWindowsStylePlugin)

  find_package(Qt6WidgetsPrivate CONFIG REQUIRED)
  target_link_libraries(main PRIVATE Qt6::WidgetsPrivate)

  find_package(Qt6Xml CONFIG REQUIRED)
  target_link_libraries(main PRIVATE Qt6::Xml)

  find_package(Qt6XmlPrivate CONFIG REQUIRED)
  target_link_libraries(main PRIVATE Qt6::XmlPrivate)

qtbase provides pkg-config modules:

  # Qt Concurrent module
  Qt6Concurrent

  # Qt Core module
  Qt6Core

  # Qt DBus module
  Qt6DBus

  # Qt Gui module
  Qt6Gui

  # Qt Network module
  Qt6Network

  # Qt OpenGL module
  Qt6OpenGL

  # Qt OpenGLWidgets module
  Qt6OpenGLWidgets

  # Qt Platform module
  Qt6Platform

  # Qt PrintSupport module
  Qt6PrintSupport

  # Qt Sql module
  Qt6Sql

  # Qt Test module
  Qt6Test

  # Qt Widgets module
  Qt6Widgets

  # Qt Xml module
  Qt6Xml

Completed submission of zstd:x64-mingw-dynamic-degoras@1.5.7 to 1 binary cache(s) in 151 ms
Waiting for 1 remaining binary cache submissions...
Completed submission of qtbase[brotli,concurrent,core,dbus,dnslookup,doubleconversion,freetype,gui,harfbuzz,icu,jpeg,network,opengl,openssl,pcre2,png,sql,sql-psql,sql-sqlite,testlib,thread,widgets,zstd]:x64-mingw-dynamic-degoras@6.9.1#1 to 1 binary cache(s) in 4 s (1/1)
All requested installations completed successfully in: 22 min
[2025-11-04T22:22:07Z][INFO]['qtbase' installed successfully.]
[2025-11-04T22:22:07Z][INFO][Installing 'qt5compat'...]
Computing installation plan...
The following packages will be built and installed:
    qt5compat[big-codecs,codecs,core,qml,textcodec]:x64-mingw-dynamic-degoras@6.9.1
  * qtdeclarative:x64-mingw-dynamic-degoras@6.9.1
  * qtlanguageserver:x64-mingw-dynamic-degoras@6.9.1
  * qtshadertools:x64-mingw-dynamic-degoras@6.9.1
  * qtsvg:x64-mingw-dynamic-degoras@6.9.1
Additional packages (*) will be modified to complete this operation.
Detecting compiler hash for triplet x64-mingw-dynamic-degoras...
Compiler found: D:/msys64/ucrt64/bin/x86_64-w64-mingw32-g++.exe
Restored 0 package(s) from D:\packages\vcpkg in 55.4 us. Use --debug to see more details.
Installing 1/5 qtlanguageserver:x64-mingw-dynamic-degoras@6.9.1...
Building qtlanguageserver:x64-mingw-dynamic-degoras@6.9.1...
D:\vcpkg\triplets\community\x64-mingw-dynamic-degoras.cmake: info: loaded community triplet from here. Community triplets are not built in the curated registry and are thus less likely to succeed.
-- Using DEGORAS-PROJECT custom triplet
Downloading qtlanguageserver-everywhere-src-6.9.1.tar.xz, trying https://download.qt.io/archive/qt/6.9/6.9.1/submodules/qtlanguageserver-everywhere-src-6.9.1.tar.xz
Successfully downloaded qtlanguageserver-everywhere-src-6.9.1.tar.xz
-- Extracting source D:/vcpkg/downloads/qtlanguageserver-everywhere-src-6.9.1.tar.xz
-- Using source at D:/vcpkg/buildtrees/qtlanguageserver/src/here-src-6-7b5c80f5a8.clean
-- Configuring x64-mingw-dynamic-degoras
-- Building x64-mingw-dynamic-degoras-rel
-- Using cached msys2-mingw-w64-x86_64-pkgconf-1~2.4.3-1-any.pkg.tar.zst
-- Using cached msys2-msys2-runtime-3.6.2-2-x86_64.pkg.tar.zst
-- Using msys root at D:/vcpkg/downloads/tools/msys2/9272adbcaf19caef
-- Performing post-build validation
Starting submission of qtlanguageserver:x64-mingw-dynamic-degoras@6.9.1 to 1 binary cache(s) in the background
Elapsed time to handle qtlanguageserver:x64-mingw-dynamic-degoras: 46 s
qtlanguageserver:x64-mingw-dynamic-degoras package ABI: 0a7f02e96cb15167b3bef2af52a4e660a69d9168c8551935c71c95f6f719d5c2
Installing 2/5 qtshadertools:x64-mingw-dynamic-degoras@6.9.1...
Building qtshadertools:x64-mingw-dynamic-degoras@6.9.1...
D:\vcpkg\triplets\community\x64-mingw-dynamic-degoras.cmake: info: loaded community triplet from here. Community triplets are not built in the curated registry and are thus less likely to succeed.
-- Using DEGORAS-PROJECT custom triplet
Downloading qtshadertools-everywhere-src-6.9.1.tar.xz, trying https://download.qt.io/archive/qt/6.9/6.9.1/submodules/qtshadertools-everywhere-src-6.9.1.tar.xz
Successfully downloaded qtshadertools-everywhere-src-6.9.1.tar.xz
-- Extracting source D:/vcpkg/downloads/qtshadertools-everywhere-src-6.9.1.tar.xz
-- Using source at D:/vcpkg/buildtrees/qtshadertools/src/here-src-6-d5f85d4ebc.clean
-- Configuring x64-mingw-dynamic-degoras
-- Building x64-mingw-dynamic-degoras-rel
-- Fixing pkgconfig file: D:/vcpkg/packages/qtshadertools_x64-mingw-dynamic-degoras/lib/pkgconfig/Qt6ShaderTools.pc
-- Using cached msys2-mingw-w64-x86_64-pkgconf-1~2.4.3-1-any.pkg.tar.zst
-- Using cached msys2-msys2-runtime-3.6.2-2-x86_64.pkg.tar.zst
-- Using msys root at D:/vcpkg/downloads/tools/msys2/9272adbcaf19caef
-- Performing post-build validation
Starting submission of qtshadertools:x64-mingw-dynamic-degoras@6.9.1 to 1 binary cache(s) in the background
Elapsed time to handle qtshadertools:x64-mingw-dynamic-degoras: 1.3 min
qtshadertools:x64-mingw-dynamic-degoras package ABI: 159475b8d5624de421b2734473b1d94ebade6761682bc5350b7c945e6267a3f8
Completed submission of qtlanguageserver:x64-mingw-dynamic-degoras@6.9.1 to 1 binary cache(s) in 372 ms
Installing 3/5 qtsvg:x64-mingw-dynamic-degoras@6.9.1...
Building qtsvg:x64-mingw-dynamic-degoras@6.9.1...
D:\vcpkg\triplets\community\x64-mingw-dynamic-degoras.cmake: info: loaded community triplet from here. Community triplets are not built in the curated registry and are thus less likely to succeed.
-- Using DEGORAS-PROJECT custom triplet
Downloading qtsvg-everywhere-src-6.9.1.tar.xz, trying https://download.qt.io/archive/qt/6.9/6.9.1/submodules/qtsvg-everywhere-src-6.9.1.tar.xz
Successfully downloaded qtsvg-everywhere-src-6.9.1.tar.xz
-- Extracting source D:/vcpkg/downloads/qtsvg-everywhere-src-6.9.1.tar.xz
-- Using source at D:/vcpkg/buildtrees/qtsvg/src/here-src-6-df6f165f5c.clean
-- Configuring x64-mingw-dynamic-degoras
-- Building x64-mingw-dynamic-degoras-rel
-- Fixing pkgconfig file: D:/vcpkg/packages/qtsvg_x64-mingw-dynamic-degoras/lib/pkgconfig/Qt6Svg.pc
-- Fixing pkgconfig file: D:/vcpkg/packages/qtsvg_x64-mingw-dynamic-degoras/lib/pkgconfig/Qt6SvgWidgets.pc
-- Using cached msys2-mingw-w64-x86_64-pkgconf-1~2.4.3-1-any.pkg.tar.zst
-- Using cached msys2-msys2-runtime-3.6.2-2-x86_64.pkg.tar.zst
-- Using msys root at D:/vcpkg/downloads/tools/msys2/9272adbcaf19caef
-- Performing post-build validation
Starting submission of qtsvg:x64-mingw-dynamic-degoras@6.9.1 to 1 binary cache(s) in the background
Elapsed time to handle qtsvg:x64-mingw-dynamic-degoras: 27 s
qtsvg:x64-mingw-dynamic-degoras package ABI: c73ed82de3cc50ebc89881fef77db08d8b50deb28544758d1d580b8458270c8b
Completed submission of qtshadertools:x64-mingw-dynamic-degoras@6.9.1 to 1 binary cache(s) in 827 ms
Installing 4/5 qtdeclarative:x64-mingw-dynamic-degoras@6.9.1...
Building qtdeclarative:x64-mingw-dynamic-degoras@6.9.1...
D:\vcpkg\triplets\community\x64-mingw-dynamic-degoras.cmake: info: loaded community triplet from here. Community triplets are not built in the curated registry and are thus less likely to succeed.
-- Using DEGORAS-PROJECT custom triplet
Downloading qtdeclarative-everywhere-src-6.9.1.tar.xz, trying https://download.qt.io/archive/qt/6.9/6.9.1/submodules/qtdeclarative-everywhere-src-6.9.1.tar.xz
Successfully downloaded qtdeclarative-everywhere-src-6.9.1.tar.xz
-- Extracting source D:/vcpkg/downloads/qtdeclarative-everywhere-src-6.9.1.tar.xz
-- Using source at D:/vcpkg/buildtrees/qtdeclarative/src/here-src-6-64fcc28293.clean
-- Configuring x64-mingw-dynamic-degoras
-- Building x64-mingw-dynamic-degoras-rel
-- Fixing pkgconfig file: D:/vcpkg/packages/qtdeclarative_x64-mingw-dynamic-degoras/lib/pkgconfig/Qt6LabsAnimation.pc
-- Fixing pkgconfig file: D:/vcpkg/packages/qtdeclarative_x64-mingw-dynamic-degoras/lib/pkgconfig/Qt6LabsFolderListModel.pc
-- Fixing pkgconfig file: D:/vcpkg/packages/qtdeclarative_x64-mingw-dynamic-degoras/lib/pkgconfig/Qt6LabsPlatform.pc
-- Fixing pkgconfig file: D:/vcpkg/packages/qtdeclarative_x64-mingw-dynamic-degoras/lib/pkgconfig/Qt6LabsQmlModels.pc
-- Fixing pkgconfig file: D:/vcpkg/packages/qtdeclarative_x64-mingw-dynamic-degoras/lib/pkgconfig/Qt6LabsSettings.pc
-- Fixing pkgconfig file: D:/vcpkg/packages/qtdeclarative_x64-mingw-dynamic-degoras/lib/pkgconfig/Qt6LabsSharedImage.pc
-- Fixing pkgconfig file: D:/vcpkg/packages/qtdeclarative_x64-mingw-dynamic-degoras/lib/pkgconfig/Qt6LabsWavefrontMesh.pc
-- Fixing pkgconfig file: D:/vcpkg/packages/qtdeclarative_x64-mingw-dynamic-degoras/lib/pkgconfig/Qt6Qml.pc
-- Fixing pkgconfig file: D:/vcpkg/packages/qtdeclarative_x64-mingw-dynamic-degoras/lib/pkgconfig/Qt6QmlAssetDownloader.pc
-- Fixing pkgconfig file: D:/vcpkg/packages/qtdeclarative_x64-mingw-dynamic-degoras/lib/pkgconfig/Qt6QmlCompiler.pc
-- Fixing pkgconfig file: D:/vcpkg/packages/qtdeclarative_x64-mingw-dynamic-degoras/lib/pkgconfig/Qt6QmlCore.pc
-- Fixing pkgconfig file: D:/vcpkg/packages/qtdeclarative_x64-mingw-dynamic-degoras/lib/pkgconfig/Qt6QmlIntegration.pc
-- Fixing pkgconfig file: D:/vcpkg/packages/qtdeclarative_x64-mingw-dynamic-degoras/lib/pkgconfig/Qt6QmlLocalStorage.pc
-- Fixing pkgconfig file: D:/vcpkg/packages/qtdeclarative_x64-mingw-dynamic-degoras/lib/pkgconfig/Qt6QmlMeta.pc
-- Fixing pkgconfig file: D:/vcpkg/packages/qtdeclarative_x64-mingw-dynamic-degoras/lib/pkgconfig/Qt6QmlModels.pc
-- Fixing pkgconfig file: D:/vcpkg/packages/qtdeclarative_x64-mingw-dynamic-degoras/lib/pkgconfig/Qt6QmlNetwork.pc
-- Fixing pkgconfig file: D:/vcpkg/packages/qtdeclarative_x64-mingw-dynamic-degoras/lib/pkgconfig/Qt6QmlWorkerScript.pc
-- Fixing pkgconfig file: D:/vcpkg/packages/qtdeclarative_x64-mingw-dynamic-degoras/lib/pkgconfig/Qt6QmlXmlListModel.pc
-- Fixing pkgconfig file: D:/vcpkg/packages/qtdeclarative_x64-mingw-dynamic-degoras/lib/pkgconfig/Qt6Quick.pc
-- Fixing pkgconfig file: D:/vcpkg/packages/qtdeclarative_x64-mingw-dynamic-degoras/lib/pkgconfig/Qt6QuickControls2.pc
-- Fixing pkgconfig file: D:/vcpkg/packages/qtdeclarative_x64-mingw-dynamic-degoras/lib/pkgconfig/Qt6QuickControls2Basic.pc
-- Fixing pkgconfig file: D:/vcpkg/packages/qtdeclarative_x64-mingw-dynamic-degoras/lib/pkgconfig/Qt6QuickControls2BasicStyleImpl.pc
-- Fixing pkgconfig file: D:/vcpkg/packages/qtdeclarative_x64-mingw-dynamic-degoras/lib/pkgconfig/Qt6QuickControls2FluentWinUI3StyleImpl.pc
-- Fixing pkgconfig file: D:/vcpkg/packages/qtdeclarative_x64-mingw-dynamic-degoras/lib/pkgconfig/Qt6QuickControls2Fusion.pc
-- Fixing pkgconfig file: D:/vcpkg/packages/qtdeclarative_x64-mingw-dynamic-degoras/lib/pkgconfig/Qt6QuickControls2FusionStyleImpl.pc
-- Fixing pkgconfig file: D:/vcpkg/packages/qtdeclarative_x64-mingw-dynamic-degoras/lib/pkgconfig/Qt6QuickControls2Imagine.pc
-- Fixing pkgconfig file: D:/vcpkg/packages/qtdeclarative_x64-mingw-dynamic-degoras/lib/pkgconfig/Qt6QuickControls2ImagineStyleImpl.pc
-- Fixing pkgconfig file: D:/vcpkg/packages/qtdeclarative_x64-mingw-dynamic-degoras/lib/pkgconfig/Qt6QuickControls2Impl.pc
-- Fixing pkgconfig file: D:/vcpkg/packages/qtdeclarative_x64-mingw-dynamic-degoras/lib/pkgconfig/Qt6QuickControls2Material.pc
-- Fixing pkgconfig file: D:/vcpkg/packages/qtdeclarative_x64-mingw-dynamic-degoras/lib/pkgconfig/Qt6QuickControls2MaterialStyleImpl.pc
-- Fixing pkgconfig file: D:/vcpkg/packages/qtdeclarative_x64-mingw-dynamic-degoras/lib/pkgconfig/Qt6QuickControls2Universal.pc
-- Fixing pkgconfig file: D:/vcpkg/packages/qtdeclarative_x64-mingw-dynamic-degoras/lib/pkgconfig/Qt6QuickControls2UniversalStyleImpl.pc
-- Fixing pkgconfig file: D:/vcpkg/packages/qtdeclarative_x64-mingw-dynamic-degoras/lib/pkgconfig/Qt6QuickControls2WindowsStyleImpl.pc
-- Fixing pkgconfig file: D:/vcpkg/packages/qtdeclarative_x64-mingw-dynamic-degoras/lib/pkgconfig/Qt6QuickDialogs2.pc
-- Fixing pkgconfig file: D:/vcpkg/packages/qtdeclarative_x64-mingw-dynamic-degoras/lib/pkgconfig/Qt6QuickDialogs2QuickImpl.pc
-- Fixing pkgconfig file: D:/vcpkg/packages/qtdeclarative_x64-mingw-dynamic-degoras/lib/pkgconfig/Qt6QuickDialogs2Utils.pc
-- Fixing pkgconfig file: D:/vcpkg/packages/qtdeclarative_x64-mingw-dynamic-degoras/lib/pkgconfig/Qt6QuickEffects.pc
-- Fixing pkgconfig file: D:/vcpkg/packages/qtdeclarative_x64-mingw-dynamic-degoras/lib/pkgconfig/Qt6QuickLayouts.pc
-- Fixing pkgconfig file: D:/vcpkg/packages/qtdeclarative_x64-mingw-dynamic-degoras/lib/pkgconfig/Qt6QuickTemplates2.pc
-- Fixing pkgconfig file: D:/vcpkg/packages/qtdeclarative_x64-mingw-dynamic-degoras/lib/pkgconfig/Qt6QuickTest.pc
-- Fixing pkgconfig file: D:/vcpkg/packages/qtdeclarative_x64-mingw-dynamic-degoras/lib/pkgconfig/Qt6QuickVectorImage.pc
-- Fixing pkgconfig file: D:/vcpkg/packages/qtdeclarative_x64-mingw-dynamic-degoras/lib/pkgconfig/Qt6QuickWidgets.pc
-- Using cached msys2-mingw-w64-x86_64-pkgconf-1~2.4.3-1-any.pkg.tar.zst
-- Using cached msys2-msys2-runtime-3.6.2-2-x86_64.pkg.tar.zst
-- Using msys root at D:/vcpkg/downloads/tools/msys2/9272adbcaf19caef
-- Performing post-build validation
Starting submission of qtdeclarative:x64-mingw-dynamic-degoras@6.9.1 to 1 binary cache(s) in the background
Elapsed time to handle qtdeclarative:x64-mingw-dynamic-degoras: 22 min
qtdeclarative:x64-mingw-dynamic-degoras package ABI: cb36a951f89053b810748bec490236ae0744770722e68abc67d633197b468ed9
Completed submission of qtsvg:x64-mingw-dynamic-degoras@6.9.1 to 1 binary cache(s) in 173 ms
Installing 5/5 qt5compat[big-codecs,codecs,core,qml,textcodec]:x64-mingw-dynamic-degoras@6.9.1...
Building qt5compat[big-codecs,codecs,core,qml,textcodec]:x64-mingw-dynamic-degoras@6.9.1...
D:\vcpkg\triplets\community\x64-mingw-dynamic-degoras.cmake: info: loaded community triplet from here. Community triplets are not built in the curated registry and are thus less likely to succeed.
-- Using DEGORAS-PROJECT custom triplet
Downloading qt5compat-everywhere-src-6.9.1.tar.xz, trying https://download.qt.io/archive/qt/6.9/6.9.1/submodules/qt5compat-everywhere-src-6.9.1.tar.xz
Successfully downloaded qt5compat-everywhere-src-6.9.1.tar.xz
-- Extracting source D:/vcpkg/downloads/qt5compat-everywhere-src-6.9.1.tar.xz
-- Using source at D:/vcpkg/buildtrees/qt5compat/src/here-src-6-19e29be7a7.clean
-- Configuring x64-mingw-dynamic-degoras
-- Building x64-mingw-dynamic-degoras-rel
-- Fixing pkgconfig file: D:/vcpkg/packages/qt5compat_x64-mingw-dynamic-degoras/lib/pkgconfig/Qt6Core5Compat.pc
-- Using cached msys2-mingw-w64-x86_64-pkgconf-1~2.4.3-1-any.pkg.tar.zst
-- Using cached msys2-msys2-runtime-3.6.2-2-x86_64.pkg.tar.zst
-- Using msys root at D:/vcpkg/downloads/tools/msys2/9272adbcaf19caef
-- Performing post-build validation
Starting submission of qt5compat[big-codecs,codecs,core,qml,textcodec]:x64-mingw-dynamic-degoras@6.9.1 to 1 binary cache(s) in the background
Elapsed time to handle qt5compat:x64-mingw-dynamic-degoras: 31 s
qt5compat:x64-mingw-dynamic-degoras package ABI: 58d01b1d097fda962c4a68637c2e4685eafb389a2c507fe8d406474e27f8b1bf
Total install time: 25 min
Installed contents are licensed to you by owners. Microsoft is not responsible for, nor does it grant any licenses to, third-party packages.
Some packages did not declare an SPDX license. Check the `copyright` file for each package for more information about their licensing.
qt5compat provides CMake targets:

  # this is heuristically generated, and may not be correct
  find_package(Qt6Core5Compat CONFIG REQUIRED)
  target_link_libraries(main PRIVATE Qt6::Core5Compat)

  find_package(Qt6Core5CompatPrivate CONFIG REQUIRED)
  target_link_libraries(main PRIVATE Qt6::Core5CompatPrivate)

qt5compat provides pkg-config modules:

  # Qt Core5Compat module
  Qt6Core5Compat

Completed submission of qtdeclarative:x64-mingw-dynamic-degoras@6.9.1 to 1 binary cache(s) in 4.5 s
Waiting for 1 remaining binary cache submissions...
Completed submission of qt5compat[big-codecs,codecs,core,qml,textcodec]:x64-mingw-dynamic-degoras@6.9.1 to 1 binary cache(s) in 220 ms (1/1)
All requested installations completed successfully in: 25 min
[2025-11-04T22:47:38Z][INFO]['qt5compat' installed successfully.]
[2025-11-04T22:47:38Z][INFO][Installing 'qtnetworkauth'...]
Computing installation plan...
The following packages will be built and installed:
    qtnetworkauth:x64-mingw-dynamic-degoras@6.9.1
Detecting compiler hash for triplet x64-mingw-dynamic-degoras...
Compiler found: D:/msys64/ucrt64/bin/x86_64-w64-mingw32-g++.exe
Restored 0 package(s) from D:\packages\vcpkg in 33.5 us. Use --debug to see more details.
Installing 1/1 qtnetworkauth:x64-mingw-dynamic-degoras@6.9.1...
Building qtnetworkauth:x64-mingw-dynamic-degoras@6.9.1...
D:\vcpkg\triplets\community\x64-mingw-dynamic-degoras.cmake: info: loaded community triplet from here. Community triplets are not built in the curated registry and are thus less likely to succeed.
-- Using DEGORAS-PROJECT custom triplet
Downloading qtnetworkauth-everywhere-src-6.9.1.tar.xz, trying https://download.qt.io/archive/qt/6.9/6.9.1/submodules/qtnetworkauth-everywhere-src-6.9.1.tar.xz
Successfully downloaded qtnetworkauth-everywhere-src-6.9.1.tar.xz
-- Extracting source D:/vcpkg/downloads/qtnetworkauth-everywhere-src-6.9.1.tar.xz
-- Using source at D:/vcpkg/buildtrees/qtnetworkauth/src/here-src-6-3886cee138.clean
-- Configuring x64-mingw-dynamic-degoras
-- Building x64-mingw-dynamic-degoras-rel
-- Fixing pkgconfig file: D:/vcpkg/packages/qtnetworkauth_x64-mingw-dynamic-degoras/lib/pkgconfig/Qt6NetworkAuth.pc
-- Using cached msys2-mingw-w64-x86_64-pkgconf-1~2.4.3-1-any.pkg.tar.zst
-- Using cached msys2-msys2-runtime-3.6.2-2-x86_64.pkg.tar.zst
-- Using msys root at D:/vcpkg/downloads/tools/msys2/9272adbcaf19caef
-- Performing post-build validation
Starting submission of qtnetworkauth:x64-mingw-dynamic-degoras@6.9.1 to 1 binary cache(s) in the background
Elapsed time to handle qtnetworkauth:x64-mingw-dynamic-degoras: 13 s
qtnetworkauth:x64-mingw-dynamic-degoras package ABI: 7818175598dc2411b3929d541172eb8e1469d1eb762bff0541725dc5e0be3490
Total install time: 13 s
Installed contents are licensed to you by owners. Microsoft is not responsible for, nor does it grant any licenses to, third-party packages.
Some packages did not declare an SPDX license. Check the `copyright` file for each package for more information about their licensing.
qtnetworkauth provides CMake targets:

  # this is heuristically generated, and may not be correct
  find_package(Qt6NetworkAuth CONFIG REQUIRED)
  target_link_libraries(main PRIVATE Qt6::NetworkAuth)

  find_package(Qt6NetworkAuthPrivate CONFIG REQUIRED)
  target_link_libraries(main PRIVATE Qt6::NetworkAuthPrivate)

qtnetworkauth provides pkg-config modules:

  # Qt NetworkAuth module
  Qt6NetworkAuth

Waiting for 1 remaining binary cache submissions...
Completed submission of qtnetworkauth:x64-mingw-dynamic-degoras@6.9.1 to 1 binary cache(s) in 113 ms (1/1)
All requested installations completed successfully in: 13 s
[2025-11-04T22:47:54Z][INFO]['qtnetworkauth' installed successfully.]
[2025-11-04T22:47:54Z][INFO][Installing 'qtmultimedia'...]
Computing installation plan...
The following packages will be built and installed:
    qtmultimedia[core,widgets]:x64-mingw-dynamic-degoras@6.9.1
Detecting compiler hash for triplet x64-mingw-dynamic-degoras...
Compiler found: D:/msys64/ucrt64/bin/x86_64-w64-mingw32-g++.exe
Restored 0 package(s) from D:\packages\vcpkg in 40.8 us. Use --debug to see more details.
Installing 1/1 qtmultimedia[core,widgets]:x64-mingw-dynamic-degoras@6.9.1...
Building qtmultimedia[core,widgets]:x64-mingw-dynamic-degoras@6.9.1...
D:\vcpkg\triplets\community\x64-mingw-dynamic-degoras.cmake: info: loaded community triplet from here. Community triplets are not built in the curated registry and are thus less likely to succeed.
-- Using DEGORAS-PROJECT custom triplet
Downloading qtmultimedia-everywhere-src-6.9.1.tar.xz, trying https://download.qt.io/archive/qt/6.9/6.9.1/submodules/qtmultimedia-everywhere-src-6.9.1.tar.xz
Successfully downloaded qtmultimedia-everywhere-src-6.9.1.tar.xz
-- Extracting source D:/vcpkg/downloads/qtmultimedia-everywhere-src-6.9.1.tar.xz
-- Applying patch static_find_modules.patch
-- Applying patch fix_avfoundation_target.patch
-- Applying patch remove-static-ssl-stub.patch
-- Applying patch ffmpeg-compile-def.patch
-- Applying patch ffmpeg.patch
-- Applying patch 9c33ede.diff
-- Using source at D:/vcpkg/buildtrees/qtmultimedia/src/here-src-6-215c981cb2.clean
-- Configuring x64-mingw-dynamic-degoras
-- Building x64-mingw-dynamic-degoras-rel
-- Fixing pkgconfig file: D:/vcpkg/packages/qtmultimedia_x64-mingw-dynamic-degoras/lib/pkgconfig/Qt6Multimedia.pc
-- Fixing pkgconfig file: D:/vcpkg/packages/qtmultimedia_x64-mingw-dynamic-degoras/lib/pkgconfig/Qt6MultimediaWidgets.pc
-- Fixing pkgconfig file: D:/vcpkg/packages/qtmultimedia_x64-mingw-dynamic-degoras/lib/pkgconfig/Qt6SpatialAudio.pc
-- Using cached msys2-mingw-w64-x86_64-pkgconf-1~2.4.3-1-any.pkg.tar.zst
-- Using cached msys2-msys2-runtime-3.6.2-2-x86_64.pkg.tar.zst
-- Using msys root at D:/vcpkg/downloads/tools/msys2/9272adbcaf19caef
-- Performing post-build validation
Starting submission of qtmultimedia[core,widgets]:x64-mingw-dynamic-degoras@6.9.1 to 1 binary cache(s) in the background
Elapsed time to handle qtmultimedia:x64-mingw-dynamic-degoras: 1.5 min
qtmultimedia:x64-mingw-dynamic-degoras package ABI: c89e2f7d318de7bcb605321df6e12d44a9816135614fd0beb34f2dbd350b5e8f
Total install time: 1.5 min
Installed contents are licensed to you by owners. Microsoft is not responsible for, nor does it grant any licenses to, third-party packages.
Some packages did not declare an SPDX license. Check the `copyright` file for each package for more information about their licensing.
qtmultimedia provides CMake targets:

  # this is heuristically generated, and may not be correct
  find_package(Qt6BundledResonanceAudio CONFIG REQUIRED)
  target_link_libraries(main PRIVATE Qt6::BundledResonanceAudio)

  find_package(Qt6Multimedia CONFIG REQUIRED)
  target_link_libraries(main PRIVATE Qt6::Multimedia Qt6::QWindowsMediaPlugin)

  find_package(Qt6MultimediaPrivate CONFIG REQUIRED)
  target_link_libraries(main PRIVATE Qt6::MultimediaPrivate)

  find_package(Qt6MultimediaTestLibPrivate CONFIG REQUIRED)
  target_link_libraries(main PRIVATE Qt6::MultimediaTestLibPrivate)

  find_package(Qt6MultimediaWidgets CONFIG REQUIRED)
  target_link_libraries(main PRIVATE Qt6::MultimediaWidgets)

  find_package(Qt6MultimediaWidgetsPrivate CONFIG REQUIRED)
  target_link_libraries(main PRIVATE Qt6::MultimediaWidgetsPrivate)

  find_package(Qt6SpatialAudio CONFIG REQUIRED)
  target_link_libraries(main PRIVATE Qt6::SpatialAudio)

  find_package(Qt6SpatialAudioPrivate CONFIG REQUIRED)
  target_link_libraries(main PRIVATE Qt6::SpatialAudioPrivate)

qtmultimedia provides pkg-config modules:

  # Qt Multimedia module
  Qt6Multimedia

  # Qt MultimediaWidgets module
  Qt6MultimediaWidgets

  # Qt SpatialAudio module
  Qt6SpatialAudio

Waiting for 1 remaining binary cache submissions...
Completed submission of qtmultimedia[core,widgets]:x64-mingw-dynamic-degoras@6.9.1 to 1 binary cache(s) in 346 ms (1/1)
All requested installations completed successfully in: 1.5 min
[2025-11-04T22:49:24Z][INFO]['qtmultimedia' installed successfully.]
[2025-11-04T22:49:24Z][INFO][Installing 'qtsvg'...]
Computing installation plan...
The following packages are already installed:
    qtsvg:x64-mingw-dynamic-degoras@6.9.1
Total install time: 704 us
qtsvg provides CMake targets:

  # this is heuristically generated, and may not be correct
  find_package(Qt6Svg CONFIG REQUIRED)
  target_link_libraries(main PRIVATE Qt6::Svg)

  find_package(Qt6SvgPrivate CONFIG REQUIRED)
  target_link_libraries(main PRIVATE Qt6::SvgPrivate)

  find_package(Qt6SvgWidgets CONFIG REQUIRED)
  target_link_libraries(main PRIVATE Qt6::SvgWidgets)

  find_package(Qt6SvgWidgetsPrivate CONFIG REQUIRED)
  target_link_libraries(main PRIVATE Qt6::SvgWidgetsPrivate)

qtsvg provides pkg-config modules:

  # Qt Svg module
  Qt6Svg

  # Qt SvgWidgets module
  Qt6SvgWidgets

All requested installations completed successfully in: 704 us
[2025-11-04T22:49:25Z][INFO]['qtsvg' installed successfully.]
[2025-11-04T22:49:25Z][INFO][STEP 2: OK]
[2025-11-04T22:49:25Z][INFO][STEP 3: Retrieve versions of installed packages]
[2025-11-04T22:49:26Z][INFO][Installed: qt5compat version 6.9.1]
[2025-11-04T22:49:26Z][INFO][Installed: qtbase version 6.9.1#1]
[2025-11-04T22:49:26Z][INFO][Installed: qtmultimedia version 6.9.1]
[2025-11-04T22:49:26Z][INFO][Installed: qtnetworkauth version 6.9.1]
[2025-11-04T22:49:26Z][INFO][Installed: qtsvg version 6.9.1]
[2025-11-04T22:49:26Z][INFO][STEP 3: OK]
[2025-11-04T22:49:26Z][INFO][DEGORAS-PROJECT VCPKG Qt deps setup completed successfully.]
[2025-11-04T22:49:26Z][INFO][TOTAL EXECUTION TIME: 2935.9452876 seconds  (00:48:55)]
