=================================================================
  DEGORAS-PROJECT VCPKG QT6 SETUP SCRIPT
-----------------------------------------------------------------
  Author:  Angel Vera Herrera
  Updated: 26/10/2025
  Version: 251026
=================================================================
Parameters:
-----------------------------------------------------------------
Install Drive    = D
MSYS2 bin path   = D:\msys64\usr\bin
-----------------------------------------------------------------
[2025-10-27T01:33:43Z][INFO][STEP 1: Initial checks and preparations.]
[2025-10-27T01:33:43Z][INFO][Checking permissions...]
[2025-10-27T01:33:43Z][INFO][Checking letter format...]
[2025-10-27T01:33:43Z][INFO][Checking if Dev Drive exists...]
[2025-10-27T01:33:43Z][INFO][Dev Drive detected at D:\]
[2025-10-27T01:33:43Z][INFO][Checking if msys2 bash exists...]
[2025-10-27T01:33:43Z][INFO][STEP 1: OK]
[2025-10-27T01:33:43Z][INFO][STEP 2: Install required Qt6 packages with triplet 'x64-mingw-dynamic-degoras']
[2025-10-27T01:33:43Z][INFO][Installing 'qtbase'...]
Computing installation plan...
The following packages are already installed:
    qtbase[core,zstd,widgets,thread,testlib,sql-sqlite,sql-psql,sql,png,pcre2,openssl,opengl,network,jpeg,icu,harfbuzz,gui,freetype,doubleconversion,dnslookup,dbus,concurrent,brotli]:x64-mingw-dynamic-degoras@6.9.1#1
Total install time: 721 us
qtbase provides CMake targets:

  # this is heuristically generated, and may not be correct
  find_package(Qt6 CONFIG REQUIRED)
  # note: 37 additional targets are not displayed.
  target_link_libraries(main PRIVATE DB2::DB2 PPS::PPS Oracle::OCI Libb2::Libb2)

  find_package(Qt6Concurrent CONFIG REQUIRED)
  target_link_libraries(main PRIVATE Qt6::Concurrent)

  find_package(Qt6ConcurrentPrivate CONFIG REQUIRED)
  target_link_libraries(main PRIVATE Qt6::ConcurrentPrivate)

  find_package(Qt6Core CONFIG REQUIRED)
  target_link_libraries(main PRIVATE Qt6::Core)

  find_package(Qt6CorePrivate CONFIG REQUIRED)
  target_link_libraries(main PRIVATE Qt6::CorePrivate)

  find_package(Qt6DBus CONFIG REQUIRED)
  target_link_libraries(main PRIVATE Qt6::DBus)

  find_package(Qt6DBusPrivate CONFIG REQUIRED)
  target_link_libraries(main PRIVATE Qt6::DBusPrivate)

  find_package(Qt6DeviceDiscoverySupportPrivate CONFIG REQUIRED)
  target_link_libraries(main PRIVATE Qt6::DeviceDiscoverySupportPrivate)

  find_package(Qt6EntryPointPrivate CONFIG REQUIRED)
  target_link_libraries(main PRIVATE Qt6::EntryPointPrivate Qt6::EntryPointImplementation)

  find_package(Qt6ExampleIconsPrivate CONFIG REQUIRED)
  target_link_libraries(main PRIVATE Qt6::ExampleIconsPrivate Qt6::ExampleIconsPrivate_resources_1)

  find_package(Qt6ExamplesAssetDownloaderPrivate CONFIG REQUIRED)
  target_link_libraries(main PRIVATE Qt6::ExamplesAssetDownloaderPrivate)

  find_package(Qt6FbSupportPrivate CONFIG REQUIRED)
  target_link_libraries(main PRIVATE Qt6::FbSupportPrivate)

  find_package(Qt6Gui CONFIG REQUIRED)
  # note: 5 additional targets are not displayed.
  target_link_libraries(main PRIVATE Qt6::Gui Qt6::QGifPlugin Qt6::QICOPlugin Qt6::QJpegPlugin)

  find_package(Qt6GuiPrivate CONFIG REQUIRED)
  target_link_libraries(main PRIVATE Qt6::GuiPrivate)

  find_package(Qt6Network CONFIG REQUIRED)
  # note: 1 additional targets are not displayed.
  target_link_libraries(main PRIVATE Qt6::Network Qt6::QNLMNIPlugin Qt6::QSchannelBackendPlugin Qt6::QTlsBackendOpenSSLPlugin)

  find_package(Qt6NetworkPrivate CONFIG REQUIRED)
  target_link_libraries(main PRIVATE Qt6::NetworkPrivate)

  find_package(Qt6OpenGL CONFIG REQUIRED)
  target_link_libraries(main PRIVATE Qt6::OpenGL)

  find_package(Qt6OpenGLPrivate CONFIG REQUIRED)
  target_link_libraries(main PRIVATE Qt6::OpenGLPrivate)

  find_package(Qt6OpenGLWidgets CONFIG REQUIRED)
  target_link_libraries(main PRIVATE Qt6::OpenGLWidgets)

  find_package(Qt6OpenGLWidgetsPrivate CONFIG REQUIRED)
  target_link_libraries(main PRIVATE Qt6::OpenGLWidgetsPrivate)

  find_package(Qt6PrintSupport CONFIG REQUIRED)
  target_link_libraries(main PRIVATE Qt6::PrintSupport)

  find_package(Qt6PrintSupportPrivate CONFIG REQUIRED)
  target_link_libraries(main PRIVATE Qt6::PrintSupportPrivate)

  find_package(Qt6Sql CONFIG REQUIRED)
  target_link_libraries(main PRIVATE Qt6::Sql Qt6::QPSQLDriverPlugin Qt6::QSQLiteDriverPlugin)

  find_package(Qt6SqlPrivate CONFIG REQUIRED)
  target_link_libraries(main PRIVATE Qt6::SqlPrivate)

  find_package(Qt6Test CONFIG REQUIRED)
  target_link_libraries(main PRIVATE Qt6::Test)

  find_package(Qt6TestInternalsPrivate CONFIG REQUIRED)
  target_link_libraries(main PRIVATE Qt6::TestInternalsPrivate)

  find_package(Qt6TestPrivate CONFIG REQUIRED)
  target_link_libraries(main PRIVATE Qt6::TestPrivate)

  find_package(Qt6Widgets CONFIG REQUIRED)
  target_link_libraries(main PRIVATE Qt6::Widgets Qt6::QModernWindowsStylePlugin)

  find_package(Qt6WidgetsPrivate CONFIG REQUIRED)
  target_link_libraries(main PRIVATE Qt6::WidgetsPrivate)

  find_package(Qt6Xml CONFIG REQUIRED)
  target_link_libraries(main PRIVATE Qt6::Xml)

  find_package(Qt6XmlPrivate CONFIG REQUIRED)
  target_link_libraries(main PRIVATE Qt6::XmlPrivate)

qtbase provides pkg-config modules:

  # Qt Concurrent module
  Qt6Concurrent

  # Qt Core module
  Qt6Core

  # Qt DBus module
  Qt6DBus

  # Qt Gui module
  Qt6Gui

  # Qt Network module
  Qt6Network

  # Qt OpenGL module
  Qt6OpenGL

  # Qt OpenGLWidgets module
  Qt6OpenGLWidgets

  # Qt Platform module
  Qt6Platform

  # Qt PrintSupport module
  Qt6PrintSupport

  # Qt Sql module
  Qt6Sql

  # Qt Test module
  Qt6Test

  # Qt Widgets module
  Qt6Widgets

  # Qt Xml module
  Qt6Xml

All requested installations completed successfully in: 721 us
[2025-10-27T01:33:44Z][INFO]['qtbase' installed successfully.]
[2025-10-27T01:33:44Z][INFO][Installing 'qt5compat'...]
Computing installation plan...
The following packages are already installed:
    qt5compat[core,textcodec,qml,codecs,big-codecs]:x64-mingw-dynamic-degoras@6.9.1
Total install time: 706 us
qt5compat provides CMake targets:

  # this is heuristically generated, and may not be correct
  find_package(Qt6Core5Compat CONFIG REQUIRED)
  target_link_libraries(main PRIVATE Qt6::Core5Compat)

  find_package(Qt6Core5CompatPrivate CONFIG REQUIRED)
  target_link_libraries(main PRIVATE Qt6::Core5CompatPrivate)

qt5compat provides pkg-config modules:

  # Qt Core5Compat module
  Qt6Core5Compat

All requested installations completed successfully in: 706 us
[2025-10-27T01:33:45Z][INFO]['qt5compat' installed successfully.]
[2025-10-27T01:33:45Z][INFO][Installing 'qtnetworkauth'...]
Computing installation plan...
The following packages are already installed:
    qtnetworkauth:x64-mingw-dynamic-degoras@6.9.1
Total install time: 959 us
qtnetworkauth provides CMake targets:

  # this is heuristically generated, and may not be correct
  find_package(Qt6NetworkAuth CONFIG REQUIRED)
  target_link_libraries(main PRIVATE Qt6::NetworkAuth)

  find_package(Qt6NetworkAuthPrivate CONFIG REQUIRED)
  target_link_libraries(main PRIVATE Qt6::NetworkAuthPrivate)

qtnetworkauth provides pkg-config modules:

  # Qt NetworkAuth module
  Qt6NetworkAuth

All requested installations completed successfully in: 959 us
[2025-10-27T01:33:46Z][INFO]['qtnetworkauth' installed successfully.]
[2025-10-27T01:33:46Z][INFO][Installing 'qtmultimedia'...]
Computing installation plan...
The following packages are already installed:
    qtmultimedia[core,widgets]:x64-mingw-dynamic-degoras@6.9.1
Total install time: 752 us
qtmultimedia provides CMake targets:

  # this is heuristically generated, and may not be correct
  find_package(Qt6BundledResonanceAudio CONFIG REQUIRED)
  target_link_libraries(main PRIVATE Qt6::BundledResonanceAudio)

  find_package(Qt6Multimedia CONFIG REQUIRED)
  target_link_libraries(main PRIVATE Qt6::Multimedia Qt6::QWindowsMediaPlugin)

  find_package(Qt6MultimediaPrivate CONFIG REQUIRED)
  target_link_libraries(main PRIVATE Qt6::MultimediaPrivate)

  find_package(Qt6MultimediaTestLibPrivate CONFIG REQUIRED)
  target_link_libraries(main PRIVATE Qt6::MultimediaTestLibPrivate)

  find_package(Qt6MultimediaWidgets CONFIG REQUIRED)
  target_link_libraries(main PRIVATE Qt6::MultimediaWidgets)

  find_package(Qt6MultimediaWidgetsPrivate CONFIG REQUIRED)
  target_link_libraries(main PRIVATE Qt6::MultimediaWidgetsPrivate)

  find_package(Qt6SpatialAudio CONFIG REQUIRED)
  target_link_libraries(main PRIVATE Qt6::SpatialAudio)

  find_package(Qt6SpatialAudioPrivate CONFIG REQUIRED)
  target_link_libraries(main PRIVATE Qt6::SpatialAudioPrivate)

qtmultimedia provides pkg-config modules:

  # Qt Multimedia module
  Qt6Multimedia

  # Qt MultimediaWidgets module
  Qt6MultimediaWidgets

  # Qt SpatialAudio module
  Qt6SpatialAudio

All requested installations completed successfully in: 752 us
[2025-10-27T01:33:47Z][INFO]['qtmultimedia' installed successfully.]
[2025-10-27T01:33:47Z][INFO][Installing 'qt-advanced-docking-system'...]
Computing installation plan...
The following packages are already installed:
    qt-advanced-docking-system:x64-mingw-dynamic-degoras@4.4.1
Total install time: 768 us
qt-advanced-docking-system provides CMake targets:

  # this is heuristically generated, and may not be correct
  find_package(qtadvanceddocking-qt6 CONFIG REQUIRED)
  target_link_libraries(main PRIVATE ads::qtadvanceddocking-qt6)

All requested installations completed successfully in: 768 us
[2025-10-27T01:33:48Z][INFO]['qt-advanced-docking-system' installed successfully.]
[2025-10-27T01:33:48Z][INFO][STEP 2: OK]
[2025-10-27T01:33:48Z][INFO][STEP 3: Retrieve versions of installed packages]
[2025-10-27T01:33:49Z][INFO][Installed: qt5compat version 6.9.1]
[2025-10-27T01:33:49Z][INFO][Installed: qtbase version 6.9.1#1]
[2025-10-27T01:33:49Z][INFO][Installed: qtmultimedia version 6.9.1]
[2025-10-27T01:33:49Z][INFO][Installed: qtnetworkauth version 6.9.1]
[2025-10-27T01:33:49Z][INFO][STEP 3: OK]
[2025-10-27T01:33:49Z][INFO][DEGORAS-PROJECT VCPKG Qt6 setup completed successfully.]
