=================================================================
  DEGORAS-PROJECT VCPKG PACKAGES SETUP SCRIPT
-----------------------------------------------------------------
  Author:  Angel Vera Herrera
  Updated: 26/10/2025
  Version: 251026
=================================================================
Parameters:
-----------------------------------------------------------------
Install Drive    = D
MSYS2 bin path   = D:\msys64\usr\bin
-----------------------------------------------------------------
[2025-10-27T01:34:39Z][INFO][STEP 1: Initial checks and preparations.]
[2025-10-27T01:34:39Z][INFO][Checking permissions...]
[2025-10-27T01:34:39Z][INFO][Checking letter format...]
[2025-10-27T01:34:39Z][INFO][Checking if Dev Drive exists...]
[2025-10-27T01:34:39Z][INFO][Dev Drive detected at D:\]
[2025-10-27T01:34:39Z][INFO][Checking if msys2 bash exists...]
[2025-10-27T01:34:39Z][INFO][STEP 1: OK]
[2025-10-27T01:34:39Z][INFO][STEP 2: Install example lib 'fmt' with triplet 'x64-mingw-dynamic-degoras']
Computing installation plan...
The following packages are already installed:
    fmt:x64-mingw-dynamic-degoras@12.0.0
Total install time: 698 us
The package fmt provides CMake targets:

    find_package(fmt CONFIG REQUIRED)
    target_link_libraries(main PRIVATE fmt::fmt)

    # Or use the header-only version
    find_package(fmt CONFIG REQUIRED)
    target_link_libraries(main PRIVATE fmt::fmt-header-only)

All requested installations completed successfully in: 698 us
