=================================================================
  DEGORAS-PROJECT VCPKG QT6 DEPS SETUP SCRIPT
-----------------------------------------------------------------
  Author:  Angel Vera Herrera
  Updated: 26/10/2025
  Version: 251026
=================================================================
Parameters:
-----------------------------------------------------------------
Install Drive    = D
MSYS2 bin path   = D:\msys64\usr\bin
-----------------------------------------------------------------
[2025-11-05T02:38:13Z][INFO][STEP 1: Initial checks and preparations.]
[2025-11-05T02:38:13Z][INFO][Checking permissions...]
[2025-11-05T02:38:13Z][INFO][Checking letter format...]
[2025-11-05T02:38:13Z][INFO][Checking if Dev Drive exists...]
[2025-11-05T02:38:14Z][INFO][Dev Drive detected at D:\]
[2025-11-05T02:38:14Z][INFO][Checking if msys2 bash exists...]
[2025-11-05T02:38:14Z][INFO][STEP 1: OK]
[2025-11-05T02:38:14Z][INFO][STEP 1.5: Creating temporary JOM shim...]
[2025-11-05T02:38:14Z][INFO][Fake jom.exe shim created at D:\\vcpkg\downloads\tools\jom\jom-1_1_4\jom.exe]
[2025-11-05T02:38:14Z][INFO][STEP 2: Install required Qt6 deps packages with triplet 'x64-mingw-dynamic-degoras']
[2025-11-05T02:38:14Z][INFO][Installing 'qwt'...]
Computing installation plan...
The following packages are already installed:
    qwt:x64-mingw-dynamic-degoras@6.3.0
Total install time: 747 us
qwt provides CMake targets:

  # this is heuristically generated, and may not be correct
  find_package(unofficial-qwt CONFIG REQUIRED)
  target_link_libraries(main PRIVATE unofficial::qwt::qwt)

All requested installations completed successfully in: 747 us
[2025-11-05T02:38:15Z][INFO]['qwt' installed successfully.]
[2025-11-05T02:38:15Z][INFO][Installing 'qt-advanced-docking-system'...]
Computing installation plan...
The following packages are already installed:
    qt-advanced-docking-system:x64-mingw-dynamic-degoras@4.4.1
Total install time: 784 us
qt-advanced-docking-system provides CMake targets:

  # this is heuristically generated, and may not be correct
  find_package(qtadvanceddocking-qt6 CONFIG REQUIRED)
  target_link_libraries(main PRIVATE ads::qtadvanceddocking-qt6)

All requested installations completed successfully in: 784 us
[2025-11-05T02:38:16Z][INFO]['qt-advanced-docking-system' installed successfully.]
[2025-11-05T02:38:16Z][INFO][STEP 2: OK]
[2025-11-05T02:38:16Z][INFO][STEP 2.5: Restoring original JOM state...]
[2025-11-05T02:38:16Z][INFO][Original jom.exe restored.]
[2025-11-05T02:38:16Z][INFO][STEP 3: Retrieve versions of installed packages]
[2025-11-05T02:38:17Z][INFO][Installed: qwt version 6.3.0]
[2025-11-05T02:38:17Z][INFO][STEP 3: OK]
[2025-11-05T02:38:17Z][INFO][DEGORAS-PROJECT VCPKG Qt6 deps setup completed successfully.]
[2025-11-05T02:38:17Z][INFO][TOTAL EXECUTION TIME: 3.534453 seconds  (00:00:03)]
