=================================================================
  DEGORAS-PROJECT VCPKG CLONE SETUP SCRIPT
-----------------------------------------------------------------
  Author:  Angel Vera Herrera
  Updated: 26/10/2025
  Version: 251026
=================================================================
Parameters:
-----------------------------------------------------------------
Install Drive    = D
VCPKG Repository = https://github.com/microsoft/vcpkg.git
VCPKG Baseline   = 446682c6c338d68ed986972ffc3529f7d63c1555
MSYS2 bin path   = D:\msys64\usr\bin
-----------------------------------------------------------------
[2025-11-04T20:51:17Z][INFO][STEP 1: Initial checks and preparations.]
[2025-11-04T20:51:17Z][INFO][Checking permissions...]
[2025-11-04T20:51:17Z][INFO][Checking letter format...]
[2025-11-04T20:51:17Z][INFO][Checking if Dev Drive exists...]
[2025-11-04T20:51:17Z][INFO][Dev Drive detected at D:\]
[2025-11-04T20:51:17Z][INFO][Checking if git tool exists...]
[2025-11-04T20:51:17Z][INFO][Checking if msys2 bash exists...]
[2025-11-04T20:51:17Z][INFO][STEP 1: OK]
[2025-11-04T20:51:17Z][INFO][STEP 2: Clone vcpkg repository.]
[2025-11-04T20:52:26Z][ERROR][Failed to clone vcpkg repository (ExitCode=128).]
[2025-11-04T20:52:26Z][ERROR][Setup failed!]
