=================================================================
  DEGORAS-PROJECT MSYS2 UCRT64 ENVIRONMENT SETUP SCRIPT
-----------------------------------------------------------------
  Author:  Angel Vera Herrera
  Updated: 26/10/2025
  Version: 251026
=================================================================
Parameters:
-----------------------------------------------------------------
Drive Letter     = D
MSYS2 URL        = https://repo.msys2.org/distrib/msys2-x86_64-latest.sfx.exe
CMake URL        = https://repo.msys2.org/mingw/ucrt64/mingw-w64-ucrt-x86_64-cmake-3.30.5-1-any.pkg.tar.zst
Ninja URL        = https://repo.msys2.org/mingw/ucrt64/mingw-w64-ucrt-x86_64-ninja-1.12.1-1-any.pkg.tar.zst
GCC URL          = https://repo.msys2.org/mingw/ucrt64/mingw-w64-ucrt-x86_64-gcc-15.2.0-8-any.pkg.tar.zst
GCC Libs URL     = https://repo.msys2.org/mingw/ucrt64/mingw-w64-ucrt-x86_64-gcc-libs-15.2.0-8-any.pkg.tar.zst
GDB URL          = https://repo.msys2.org/mingw/ucrt64/mingw-w64-ucrt-x86_64-gdb-16.2-1-any.pkg.tar.zst
Make URL         = https://repo.msys2.org/mingw/ucrt64/mingw-w64-ucrt-x86_64-make-4.4.1-2-any.pkg.tar.zst
Doxygen URL          = https://repo.msys2.org/mingw/ucrt64/mingw-w64-ucrt-x86_64-doxygen-1.12.0-1-any.pkg.tar.zst
Graphviz URL         = https://repo.msys2.org/mingw/ucrt64/mingw-w64-ucrt-x86_64-graphviz-12.2.1-1-any.pkg.tar.zst
Current Path     = C:\Users\rigesenv\Desktop\DEGORAS-PROJECT_ENVIRONMENT_SETUP-20251026T1930
MSYS2 Packs Path = C:\Users\rigesenv\Desktop\DEGORAS-PROJECT_ENVIRONMENT_SETUP-20251026T1930\PACKAGES_MSYS2
=================================================================
[2025-11-04T20:33:32Z][INFO][STEP 1: Initial checks and preparations.]
[2025-11-04T20:33:32Z][INFO][Checking permissions...]
[2025-11-04T20:33:32Z][INFO][Checking letter format...]
[2025-11-04T20:33:32Z][INFO][Checking if Dev Drive exists...]
[2025-11-04T20:33:32Z][INFO][Dev Drive detected at D:\]
[2025-11-04T20:33:32Z][INFO][Checking if MSYS64 folder exists...]
[2025-11-04T20:33:32Z][INFO][Checking if local MSYS2 packages folder exists...]
[2025-11-04T20:33:32Z][INFO][Using existing MSYS2 package cache at: C:\Users\rigesenv\Desktop\DEGORAS-PROJECT_ENVIRONMENT_SETUP-20251026T1930\PACKAGES_MSYS2]
[2025-11-04T20:33:32Z][INFO][STEP 1: OK]
[2025-11-04T20:33:32Z][INFO][STEP 2: Download MSYS2 and required packages if not present.]
[2025-11-04T20:33:32Z][INFO][Package already exists: C:\Users\rigesenv\Desktop\DEGORAS-PROJECT_ENVIRONMENT_SETUP-20251026T1930\PACKAGES_MSYS2\msys2-x86_64-latest.sfx.exe]
[2025-11-04T20:33:32Z][INFO][Package already exists: C:\Users\rigesenv\Desktop\DEGORAS-PROJECT_ENVIRONMENT_SETUP-20251026T1930\PACKAGES_MSYS2\mingw-w64-ucrt-x86_64-make-4.4.1-2-any.pkg.tar.zst]
[2025-11-04T20:33:32Z][INFO][Package already exists: C:\Users\rigesenv\Desktop\DEGORAS-PROJECT_ENVIRONMENT_SETUP-20251026T1930\PACKAGES_MSYS2\mingw-w64-ucrt-x86_64-ninja-1.12.1-1-any.pkg.tar.zst]
[2025-11-04T20:33:32Z][INFO][Package already exists: C:\Users\rigesenv\Desktop\DEGORAS-PROJECT_ENVIRONMENT_SETUP-20251026T1930\PACKAGES_MSYS2\mingw-w64-ucrt-x86_64-gdb-16.2-1-any.pkg.tar.zst]
[2025-11-04T20:33:32Z][INFO][Package already exists: C:\Users\rigesenv\Desktop\DEGORAS-PROJECT_ENVIRONMENT_SETUP-20251026T1930\PACKAGES_MSYS2\mingw-w64-ucrt-x86_64-cmake-3.30.5-1-any.pkg.tar.zst]
[2025-11-04T20:33:32Z][INFO][Package already exists: C:\Users\rigesenv\Desktop\DEGORAS-PROJECT_ENVIRONMENT_SETUP-20251026T1930\PACKAGES_MSYS2\mingw-w64-ucrt-x86_64-gcc-15.2.0-8-any.pkg.tar.zst]
[2025-11-04T20:33:32Z][INFO][Package already exists: C:\Users\rigesenv\Desktop\DEGORAS-PROJECT_ENVIRONMENT_SETUP-20251026T1930\PACKAGES_MSYS2\mingw-w64-ucrt-x86_64-gcc-libs-15.2.0-8-any.pkg.tar.zst]
[2025-11-04T20:33:32Z][INFO][Downloading: https://repo.msys2.org/mingw/ucrt64/mingw-w64-ucrt-x86_64-doxygen-1.12.0-1-any.pkg.tar.zst]
[2025-11-04T20:33:39Z][INFO][Downloading: https://repo.msys2.org/mingw/ucrt64/mingw-w64-ucrt-x86_64-graphviz-12.2.1-1-any.pkg.tar.zst]
[2025-11-04T20:33:41Z][INFO][STEP 2: OK]
[2025-11-04T20:33:41Z][INFO][STEP 3: Extract MSYS2 and perform initial run.]
[2025-11-04T20:33:41Z][INFO][Extracting MSYS2 to: D:\]
[2025-11-04T20:33:44Z][INFO][Extraction complete.]
[2025-11-04T20:33:44Z][INFO][Running MSYS2 bash for initial keyring setup...]
[2025-11-04T20:33:59Z][INFO][MSYS2 keyring initialized.]
[2025-11-04T20:33:59Z][INFO][STEP 3: OK]
[2025-11-04T20:33:59Z][INFO][STEP 3.5: Locking pacman repos to [msys] and [ucrt64] only.]
[2025-11-04T20:33:59Z][INFO][Non-UCRT repo blocks disabled.]
[2025-11-04T20:33:59Z][INFO][STEP 4: Upgrade MSYS2 core system.]
[2025-11-04T20:33:59Z][INFO][Running core system upgrade pass 1...]
[2025-11-04T20:34:15Z][INFO][Running core system upgrade pass 2...]
[2025-11-04T20:34:55Z][INFO][Running core system upgrade pass 3...]
[2025-11-04T20:34:57Z][INFO][STEP 4: OK]
[2025-11-04T20:34:57Z][INFO][STEP 5: Install toolchain and utilities.]
[2025-11-04T20:34:57Z][INFO][Installing generic development dependencies...]
[2025-11-04T20:35:18Z][INFO][Installing GNU Make...]
[2025-11-04T20:35:36Z][INFO][Creating make.exe symlink...]
[2025-11-04T20:35:36Z][INFO][Symlink created successfully.]
[2025-11-04T20:35:36Z][INFO][Installing Ninja...]
[2025-11-04T20:35:37Z][INFO][Installing GDB...]
[2025-11-04T20:36:13Z][INFO][Installing CMake...]
[2025-11-04T20:36:33Z][INFO][Installing GCC and runtime libs...]
[2025-11-04T20:36:57Z][INFO][STEP 5: OK]
[2025-11-04T20:36:57Z][INFO][STEP 5.5: Removing non-UCRT shells and directories.]
[2025-11-04T20:36:57Z][INFO][Deleting D:\msys64\mingw32]
[2025-11-04T20:36:57Z][INFO][Deleting D:\msys64\mingw64]
[2025-11-04T20:36:57Z][INFO][Deleting D:\msys64\clang64]
[2025-11-04T20:36:57Z][INFO][Deleting D:\msys64\clangarm64]
[2025-11-04T20:36:57Z][INFO][Deleting D:\msys64\mingw32.exe]
[2025-11-04T20:36:57Z][INFO][Deleting D:\msys64\mingw64.exe]
[2025-11-04T20:36:57Z][INFO][Deleting D:\msys64\clang64.exe]
[2025-11-04T20:36:57Z][INFO][Deleting D:\msys64\clangarm64.exe]
[2025-11-04T20:36:57Z][INFO][STEP 5.5: OK]
[2025-11-04T20:36:57Z][INFO][STEP 6: Show toolchain versions.]
[2025-11-04T20:36:58Z][INFO][GCC   - gcc.exe (Rev8, Built by MSYS2 project) 15.2.0]
[2025-11-04T20:36:58Z][INFO][CMake - cmake version 3.30.5]
[2025-11-04T20:36:58Z][INFO][Ninja - 1.12.1]
[2025-11-04T20:36:58Z][INFO][Make  - GNU Make 4.4.1]
[2025-11-04T20:36:58Z][INFO][GDB   - GNU gdb (GDB) 16.2]
[2025-11-04T20:36:58Z][INFO][Git   - ]
[2025-11-04T20:36:58Z][INFO][STEP 6: OK]
[2025-11-04T20:36:58Z][INFO][STEP 7: Install Doxygen, Graphviz, ccache, curl, unzip.]
[2025-11-04T20:39:17Z][ERROR][Installation failed (exit code 1).]
[2025-11-04T20:39:17Z][ERROR][Setup failed!]
