=================================================================
  DEGORAS-PROJECT VCPKG DEPS SETUP SCRIPT
-----------------------------------------------------------------
  Author:  Angel Vera Herrera
  Updated: 26/10/2025
  Version: 251026
=================================================================
Parameters:
-----------------------------------------------------------------
Install Drive    = E
MSYS2 bin path   = E:\msys64\usr\bin
-----------------------------------------------------------------
[2025-11-07T01:44:14Z][INFO][STEP 1: Initial checks and preparations.]
[2025-11-07T01:44:14Z][INFO][Checking permissions...]
[2025-11-07T01:44:14Z][INFO][Checking letter format...]
[2025-11-07T01:44:14Z][INFO][Checking if Dev Drive exists...]
[2025-11-07T01:44:14Z][INFO][Dev Drive detected at E:\]
[2025-11-07T01:44:14Z][INFO][Checking if msys2 bash exists...]
[2025-11-07T01:44:14Z][INFO][STEP 1: OK]
[2025-11-07T01:44:14Z][INFO][STEP 2: Install example lib 'fmt' with triplet 'x64-mingw-dynamic-degoras']
Computing installation plan...
The following packages will be built and installed:
    fmt:x64-mingw-dynamic-degoras@12.1.0
  * vcpkg-cmake:x64-mingw-dynamic-degoras@2024-04-23
  * vcpkg-cmake-config:x64-mingw-dynamic-degoras@2024-05-23
Additional packages (*) will be modified to complete this operation.
Detecting compiler hash for triplet x64-mingw-dynamic-degoras...
-- Using %HTTP(S)_PROXY% in environment variables.
Compiler found: E:/msys64/ucrt64/bin/x86_64-w64-mingw32-g++.exe
Restored 0 package(s) from E:\packages\vcpkg in 61.1 us. Use --debug to see more details.
Installing 1/3 vcpkg-cmake:x64-mingw-dynamic-degoras@2024-04-23...
Building vcpkg-cmake:x64-mingw-dynamic-degoras@2024-04-23...
E:\vcpkg\triplets\community\x64-mingw-dynamic-degoras.cmake: info: loaded community triplet from here. Community triplets are not built in the curated registry and are thus less likely to succeed.
-- [DEGORAS] Using DEGORAS-PROJECT custom triplet
-- Installing: E:/vcpkg/packages/vcpkg-cmake_x64-mingw-dynamic-degoras/share/vcpkg-cmake/vcpkg_cmake_configure.cmake
-- Installing: E:/vcpkg/packages/vcpkg-cmake_x64-mingw-dynamic-degoras/share/vcpkg-cmake/vcpkg_cmake_build.cmake
-- Installing: E:/vcpkg/packages/vcpkg-cmake_x64-mingw-dynamic-degoras/share/vcpkg-cmake/vcpkg_cmake_install.cmake
-- Installing: E:/vcpkg/packages/vcpkg-cmake_x64-mingw-dynamic-degoras/share/vcpkg-cmake/vcpkg-port-config.cmake
-- Installing: E:/vcpkg/packages/vcpkg-cmake_x64-mingw-dynamic-degoras/share/vcpkg-cmake/copyright
-- Performing post-build validation
Starting submission of vcpkg-cmake:x64-mingw-dynamic-degoras@2024-04-23 to 1 binary cache(s) in the background
Elapsed time to handle vcpkg-cmake:x64-mingw-dynamic-degoras: 47.3 ms
vcpkg-cmake:x64-mingw-dynamic-degoras package ABI: d59e2e6be489a4908677a5dd1dac0c9ffc03c0d3d9dcd4cabf8bc9b9d8d62850
Installing 2/3 vcpkg-cmake-config:x64-mingw-dynamic-degoras@2024-05-23...
Building vcpkg-cmake-config:x64-mingw-dynamic-degoras@2024-05-23...
E:\vcpkg\triplets\community\x64-mingw-dynamic-degoras.cmake: info: loaded community triplet from here. Community triplets are not built in the curated registry and are thus less likely to succeed.
-- [DEGORAS] Using DEGORAS-PROJECT custom triplet
-- Installing: E:/vcpkg/packages/vcpkg-cmake-config_x64-mingw-dynamic-degoras/share/vcpkg-cmake-config/vcpkg_cmake_config_fixup.cmake
-- Installing: E:/vcpkg/packages/vcpkg-cmake-config_x64-mingw-dynamic-degoras/share/vcpkg-cmake-config/vcpkg-port-config.cmake
-- Installing: E:/vcpkg/packages/vcpkg-cmake-config_x64-mingw-dynamic-degoras/share/vcpkg-cmake-config/copyright
-- Skipping post-build validation due to VCPKG_POLICY_EMPTY_PACKAGE
Starting submission of vcpkg-cmake-config:x64-mingw-dynamic-degoras@2024-05-23 to 1 binary cache(s) in the background
Elapsed time to handle vcpkg-cmake-config:x64-mingw-dynamic-degoras: 47.7 ms
vcpkg-cmake-config:x64-mingw-dynamic-degoras package ABI: 98a54fb705eddb9ea1b50d700a2255d875bae916f47f81ba1d4b59bcbb06a742
Completed submission of vcpkg-cmake:x64-mingw-dynamic-degoras@2024-04-23 to 1 binary cache(s) in 31.9 ms
Installing 3/3 fmt:x64-mingw-dynamic-degoras@12.1.0...
Building fmt:x64-mingw-dynamic-degoras@12.1.0...
E:\vcpkg\triplets\community\x64-mingw-dynamic-degoras.cmake: info: loaded community triplet from here. Community triplets are not built in the curated registry and are thus less likely to succeed.
-- [DEGORAS] Using DEGORAS-PROJECT custom triplet
Downloading https://github.com/fmtlib/fmt/archive/12.1.0.tar.gz -> fmtlib-fmt-12.1.0.tar.gz
error: https://github.com/fmtlib/fmt/archive/12.1.0.tar.gz: WinHttpSetOption failed with exit code 87.
note: If you are using a proxy, please ensure your proxy settings are correct.
Possible causes are:
1. You are actually using an HTTP proxy, but setting HTTPS_PROXY variable to `https//address:port`.
This is not correct, because `https://` prefix claims the proxy is an HTTPS proxy, while your proxy (v2ray, shadowsocksr, etc...) is an HTTP proxy.
Try setting `http://address:port` to both HTTP_PROXY and HTTPS_PROXY instead.
2. If you are using Windows, vcpkg will automatically use your Windows IE Proxy Settings set by your proxy software. See: https://github.com/microsoft/vcpkg-tool/pull/77
The value set by your proxy might be wrong, or have same `https://` prefix issue.
3. Your proxy's remote server is out of service.
If you believe this is not a temporary download server failure and vcpkg needs to be changed to download this file from a different location, please submit an issue to https://github.com/Microsoft/vcpkg/issues
CMake Error at scripts/cmake/vcpkg_download_distfile.cmake:136 (message):
  Download failed, halting portfile.
Call Stack (most recent call first):
  scripts/cmake/vcpkg_from_github.cmake:120 (vcpkg_download_distfile)
  ports/fmt/portfile.cmake:1 (vcpkg_from_github)
  scripts/ports.cmake:206 (include)


error: building fmt:x64-mingw-dynamic-degoras failed with: BUILD_FAILED
See https://learn.microsoft.com/vcpkg/troubleshoot/build-failures?WT.mc_id=vcpkg_inproduct_cli for more information.
Elapsed time to handle fmt:x64-mingw-dynamic-degoras: 62.2 ms
Please ensure you're using the latest port files with `git pull` and `vcpkg update`.
Then check for known issues at:
  https://github.com/microsoft/vcpkg/issues?q=is%3Aissue+is%3Aopen+in%3Atitle+fmt
You can submit a new issue at:
  https://github.com/microsoft/vcpkg/issues/new?title=%5Bfmt%5D%20build%20error%20on%20x64-mingw-dynamic-degoras&body=Copy%20issue%20body%20from%20E%3A%2Fvcpkg%2Finstalled%2Fvcpkg%2Fissue_body.md

Completed submission of vcpkg-cmake-config:x64-mingw-dynamic-degoras@2024-05-23 to 1 binary cache(s) in 28 ms
warning: The vcpkg E:\vcpkg\vcpkg.exe is using detected vcpkg root E:\vcpkg and ignoring mismatched VCPKG_ROOT environment value S:\vcpkg. To suppress this message, unset the environment variable or use the --vcpkg-root command line switch.
[2025-11-07T01:44:17Z][INFO][STEP 2: OK]
[2025-11-07T01:44:17Z][INFO][STEP 3: Install required packages with triplet 'x64-mingw-dynamic-degoras']
[2025-11-07T01:44:17Z][INFO][Installing 'fmt'...]
Computing installation plan...
The following packages will be built and installed:
    fmt:x64-mingw-dynamic-degoras@12.1.0
Detecting compiler hash for triplet x64-mingw-dynamic-degoras...
-- Using %HTTP(S)_PROXY% in environment variables.
Compiler found: E:/msys64/ucrt64/bin/x86_64-w64-mingw32-g++.exe
