=================================================================
  DEGORAS-PROJECT VCPKG CLONE SETUP SCRIPT
-----------------------------------------------------------------
  Author:  Angel Vera Herrera
  Updated: 26/10/2025
  Version: 251026
=================================================================
Parameters:
-----------------------------------------------------------------
Install Drive    = D
VCPKG Repository = https://github.com/microsoft/vcpkg.git
VCPKG Baseline   = 271a5b8850aa50f9a40269cbf3cf414b36e333d6
MSYS2 bin path   = D:\msys64\usr\bin
-----------------------------------------------------------------
[2025-10-26T20:00:00Z][INFO][STEP 1: Initial checks and preparations.]
[2025-10-26T20:00:00Z][INFO][Checking permissions...]
[2025-10-26T20:00:00Z][INFO][Checking letter format...]
[2025-10-26T20:00:00Z][INFO][Checking if Dev Drive exists...]
[2025-10-26T20:00:00Z][INFO][Dev Drive detected at D:\]
[2025-10-26T20:00:00Z][INFO][Checking if git tool exists...]
[2025-10-26T20:00:00Z][INFO][Checking if msys2 bash exists...]
[2025-10-26T20:00:00Z][INFO][STEP 1: OK]
[2025-10-26T20:00:00Z][INFO][STEP 2: Clone vcpkg repository.]
[2025-10-26T20:00:00Z][INFO][vcpkg already exists. Skipping.]
[2025-10-26T20:00:00Z][INFO][Checking out baseline commit 271a5b8850aa50f9a40269cbf3cf414b36e333d6]
[2025-10-26T20:00:01Z][INFO][vcpkg checked out to baseline 271a5b8850aa50f9a40269cbf3cf414b36e333d6]
[2025-10-26T20:00:01Z][INFO][STEP 2: OK]
[2025-10-26T20:00:01Z][INFO][STEP 3: Bootstrap vcpkg.]
[2025-10-26T20:00:01Z][INFO][Already bootstrapped. Skipping.]
[2025-10-26T20:00:02Z][INFO][vcpkg package management program version 2025-10-16-71538f2694db93da4668782d094768ba74c45991]
[2025-10-26T20:00:02Z][INFO][See LICENSE.txt for license information.]
[2025-10-26T20:00:02Z][INFO][STEP 3: OK]
[2025-10-26T20:00:02Z][INFO][STEP 4: Setup environment variables.]
[2025-10-26T20:00:02Z][INFO][VCPKG_ROOT = D:\vcpkg]
[2025-10-26T20:00:02Z][INFO][VCPKG_DEFAULT_BINARY_CACHE = D:\packages\vcpkg]
[2025-10-26T20:00:02Z][INFO][Appending environment variables to D:\degoras-env-variables.env]
[2025-10-26T20:00:02Z][INFO][STEP 4: OK]
[2025-10-26T20:00:02Z][INFO][STEP 5: Installing controlled triplet 'x64-mingw-dynamic-degoras'...]
[2025-10-26T20:00:02Z][INFO][Triplet copied to: D:\\vcpkg\triplets\community\x64-mingw-dynamic-degoras.cmake]
[2025-10-26T20:00:02Z][INFO][STEP 5: OK]
[2025-10-26T20:00:02Z][INFO][DEGORAS-PROJECT VCPKG clone setup completed successfully.]
