=================================================================
  DEGORAS-PROJECT MSYS2 UCRT64 ENVIRONMENT SETUP SCRIPT
-----------------------------------------------------------------
  Author:  Angel Vera Herrera
  Updated: 26/10/2025
  Version: 251026
=================================================================
Parameters:
-----------------------------------------------------------------
Drive Letter     = D
MSYS2 URL        = https://repo.msys2.org/distrib/msys2-x86_64-latest.sfx.exe
CMake URL        = https://repo.msys2.org/mingw/ucrt64/mingw-w64-ucrt-x86_64-cmake-3.30.5-1-any.pkg.tar.zst
Ninja URL        = https://repo.msys2.org/mingw/ucrt64/mingw-w64-ucrt-x86_64-ninja-1.12.1-1-any.pkg.tar.zst
GCC URL          = https://repo.msys2.org/mingw/ucrt64/mingw-w64-ucrt-x86_64-gcc-15.2.0-8-any.pkg.tar.zst
GCC Libs URL     = https://repo.msys2.org/mingw/ucrt64/mingw-w64-ucrt-x86_64-gcc-libs-15.2.0-8-any.pkg.tar.zst
GDB URL          = https://repo.msys2.org/mingw/ucrt64/mingw-w64-ucrt-x86_64-gdb-16.2-1-any.pkg.tar.zst
Make URL         = https://repo.msys2.org/mingw/ucrt64/mingw-w64-ucrt-x86_64-make-4.4.1-2-any.pkg.tar.zst
Doxygen URL          = https://repo.msys2.org/mingw/ucrt64/mingw-w64-ucrt-x86_64-doxygen-1.12.0-1-any.pkg.tar.zst
Graphviz URL         = https://repo.msys2.org/mingw/ucrt64/mingw-w64-ucrt-x86_64-graphviz-12.2.1-1-any.pkg.tar.zst
Current Path     = C:\Users\rigesenv\Desktop\DEGORAS-PROJECT_ENVIRONMENT_SETUP-20251026T1930
MSYS2 Packs Path = C:\Users\rigesenv\Desktop\DEGORAS-PROJECT_ENVIRONMENT_SETUP-20251026T1930\PACKAGES_MSYS2
=================================================================
[2025-11-04T20:42:35Z][INFO][STEP 1: Initial checks and preparations.]
[2025-11-04T20:42:35Z][INFO][Checking permissions...]
[2025-11-04T20:42:35Z][INFO][Checking letter format...]
[2025-11-04T20:42:35Z][INFO][Checking if Dev Drive exists...]
[2025-11-04T20:42:35Z][INFO][Dev Drive detected at D:\]
[2025-11-04T20:42:35Z][INFO][Checking if MSYS64 folder exists...]
[2025-11-04T20:42:35Z][INFO][Checking if local MSYS2 packages folder exists...]
[2025-11-04T20:42:35Z][INFO][Using existing MSYS2 package cache at: C:\Users\rigesenv\Desktop\DEGORAS-PROJECT_ENVIRONMENT_SETUP-20251026T1930\PACKAGES_MSYS2]
[2025-11-04T20:42:35Z][INFO][STEP 1: OK]
[2025-11-04T20:42:35Z][INFO][STEP 2: Download MSYS2 and required packages if not present.]
[2025-11-04T20:42:35Z][INFO][Package already exists: C:\Users\rigesenv\Desktop\DEGORAS-PROJECT_ENVIRONMENT_SETUP-20251026T1930\PACKAGES_MSYS2\msys2-x86_64-latest.sfx.exe]
[2025-11-04T20:42:35Z][INFO][Package already exists: C:\Users\rigesenv\Desktop\DEGORAS-PROJECT_ENVIRONMENT_SETUP-20251026T1930\PACKAGES_MSYS2\mingw-w64-ucrt-x86_64-make-4.4.1-2-any.pkg.tar.zst]
[2025-11-04T20:42:35Z][INFO][Package already exists: C:\Users\rigesenv\Desktop\DEGORAS-PROJECT_ENVIRONMENT_SETUP-20251026T1930\PACKAGES_MSYS2\mingw-w64-ucrt-x86_64-ninja-1.12.1-1-any.pkg.tar.zst]
[2025-11-04T20:42:35Z][INFO][Package already exists: C:\Users\rigesenv\Desktop\DEGORAS-PROJECT_ENVIRONMENT_SETUP-20251026T1930\PACKAGES_MSYS2\mingw-w64-ucrt-x86_64-gdb-16.2-1-any.pkg.tar.zst]
[2025-11-04T20:42:35Z][INFO][Package already exists: C:\Users\rigesenv\Desktop\DEGORAS-PROJECT_ENVIRONMENT_SETUP-20251026T1930\PACKAGES_MSYS2\mingw-w64-ucrt-x86_64-cmake-3.30.5-1-any.pkg.tar.zst]
[2025-11-04T20:42:35Z][INFO][Package already exists: C:\Users\rigesenv\Desktop\DEGORAS-PROJECT_ENVIRONMENT_SETUP-20251026T1930\PACKAGES_MSYS2\mingw-w64-ucrt-x86_64-gcc-15.2.0-8-any.pkg.tar.zst]
[2025-11-04T20:42:35Z][INFO][Package already exists: C:\Users\rigesenv\Desktop\DEGORAS-PROJECT_ENVIRONMENT_SETUP-20251026T1930\PACKAGES_MSYS2\mingw-w64-ucrt-x86_64-gcc-libs-15.2.0-8-any.pkg.tar.zst]
[2025-11-04T20:42:35Z][INFO][Package already exists: C:\Users\rigesenv\Desktop\DEGORAS-PROJECT_ENVIRONMENT_SETUP-20251026T1930\PACKAGES_MSYS2\mingw-w64-ucrt-x86_64-doxygen-1.12.0-1-any.pkg.tar.zst]
[2025-11-04T20:42:35Z][INFO][Package already exists: C:\Users\rigesenv\Desktop\DEGORAS-PROJECT_ENVIRONMENT_SETUP-20251026T1930\PACKAGES_MSYS2\mingw-w64-ucrt-x86_64-graphviz-12.2.1-1-any.pkg.tar.zst]
[2025-11-04T20:42:35Z][INFO][STEP 2: OK]
[2025-11-04T20:42:35Z][INFO][STEP 3: Extract MSYS2 and perform initial run.]
[2025-11-04T20:42:35Z][INFO][Extracting MSYS2 to: D:\]
[2025-11-04T20:42:38Z][INFO][Extraction complete.]
[2025-11-04T20:42:38Z][INFO][Running MSYS2 bash for initial keyring setup...]
[2025-11-04T20:42:56Z][INFO][MSYS2 keyring initialized.]
[2025-11-04T20:42:56Z][INFO][STEP 3: OK]
[2025-11-04T20:42:56Z][INFO][STEP 3.5: Locking pacman repos to [msys] and [ucrt64] only.]
[2025-11-04T20:42:56Z][INFO][Non-UCRT repo blocks disabled.]
[2025-11-04T20:42:56Z][INFO][STEP 4: Upgrade MSYS2 core system.]
[2025-11-04T20:42:56Z][INFO][Running core system upgrade pass 1...]
[2025-11-04T20:43:15Z][INFO][Running core system upgrade pass 2...]
[2025-11-04T20:43:45Z][INFO][Running core system upgrade pass 3...]
[2025-11-04T20:43:47Z][INFO][STEP 4: OK]
[2025-11-04T20:43:47Z][INFO][STEP 5: Install toolchain and utilities.]
[2025-11-04T20:43:47Z][INFO][Installing generic development dependencies...]
[2025-11-04T20:44:06Z][INFO][Installing GNU Make...]
[2025-11-04T20:44:24Z][INFO][Creating make.exe symlink...]
[2025-11-04T20:44:24Z][INFO][Symlink created successfully.]
[2025-11-04T20:44:24Z][INFO][Installing Ninja...]
[2025-11-04T20:44:26Z][INFO][Installing GDB...]
[2025-11-04T20:44:50Z][INFO][Installing CMake...]
[2025-11-04T20:45:08Z][INFO][Installing GCC and runtime libs...]
[2025-11-04T20:45:46Z][INFO][STEP 5: OK]
[2025-11-04T20:45:46Z][INFO][STEP 5.5: Removing non-UCRT shells and directories.]
[2025-11-04T20:45:46Z][INFO][Deleting D:\msys64\mingw32]
[2025-11-04T20:45:46Z][INFO][Deleting D:\msys64\mingw64]
[2025-11-04T20:45:46Z][INFO][Deleting D:\msys64\clang64]
[2025-11-04T20:45:46Z][INFO][Deleting D:\msys64\clangarm64]
[2025-11-04T20:45:46Z][INFO][Deleting D:\msys64\mingw32.exe]
[2025-11-04T20:45:46Z][INFO][Deleting D:\msys64\mingw64.exe]
[2025-11-04T20:45:46Z][INFO][Deleting D:\msys64\clang64.exe]
[2025-11-04T20:45:46Z][INFO][Deleting D:\msys64\clangarm64.exe]
[2025-11-04T20:45:46Z][INFO][STEP 5.5: OK]
[2025-11-04T20:45:46Z][INFO][STEP 6: Show toolchain versions.]
[2025-11-04T20:45:47Z][INFO][GCC   - gcc.exe (Rev8, Built by MSYS2 project) 15.2.0]
[2025-11-04T20:45:47Z][INFO][CMake - cmake version 3.30.5]
[2025-11-04T20:45:47Z][INFO][Ninja - 1.12.1]
[2025-11-04T20:45:47Z][INFO][Make  - GNU Make 4.4.1]
[2025-11-04T20:45:47Z][INFO][GDB   - GNU gdb (GDB) 16.2]
[2025-11-04T20:45:47Z][INFO][Git   - ]
[2025-11-04T20:45:47Z][INFO][STEP 6: OK]
[2025-11-04T20:45:47Z][INFO][STEP 7: Install other utilities.]
[2025-11-04T20:46:12Z][INFO][Verifying documentation and utility toolchain versions...]
[2025-11-04T20:46:13Z][INFO][------------------------------------------------------------]
[2025-11-04T20:46:13Z][INFO][Verifying installations...]
[2025-11-04T20:46:13Z][INFO][------------------------------------------------------------]
[2025-11-04T20:46:13Z][INFO][Doxygen  - 1.15.0]
[2025-11-04T20:46:13Z][INFO][curl     - curl 8.16.0 (Windows) libcurl/8.16.0 OpenSSL/3.6.0 zlib/1.3.1 brotli/1.1.0 zstd/1.5.7 libidn2/2.3.8 libpsl/0.21.5 libssh2/1.11.1 nghttp2/1.68.0 ngtcp2/1.17.0 nghttp3/1.12.0]
[2025-11-04T20:46:13Z][INFO][STEP 7: OK]
[2025-11-04T20:46:13Z][INFO][STEP 7: Setup environment variables and shortcout.]
[2025-11-04T20:46:13Z][INFO][UCRT64_ROOT = D:\msys64\ucrt64]
[2025-11-04T20:46:13Z][INFO][MINGW_ROOT = D:\msys64\ucrt64]
[2025-11-04T20:46:13Z][INFO][MSYS2_ROOT = D:\msys64]
[2025-11-04T20:46:13Z][INFO][MSYS2_BASH = D:\msys64\usr\bin\bash.exe]
[2025-11-04T20:46:13Z][INFO][Appending environment variables to D:\degoras-env-variables.env]
[2025-11-04T20:46:13Z][INFO][Creating shortcuts]
[2025-11-04T20:46:13Z][INFO][Existing shortcut removed: MSYS2 UCRT64]
[2025-11-04T20:46:13Z][INFO][Shortcut created on desktop: MSYS2 UCRT64]
[2025-11-04T20:46:13Z][INFO][Shortcut created on desktop: DEGORAS-PROJECT Environment]
[2025-11-04T20:46:13Z][INFO][STEP 7: OK]
[2025-11-04T20:46:13Z][INFO][MSYS2 environment setup completed successfully.]
[2025-11-04T20:46:13Z][INFO][TOTAL EXECUTION TIME: 217.8869646 seconds  (00:03:37)]
