=================================================================
  DEGORAS-PROJECT VCPKG PACKAGES SETUP SCRIPT
-----------------------------------------------------------------
  Author:  Angel Vera Herrera
  Updated: 26/10/2025
  Version: 251026
=================================================================
Parameters:
-----------------------------------------------------------------
Install Drive    = D
MSYS2 bin path   = D:\msys64\usr\bin
-----------------------------------------------------------------
[2025-10-27T01:04:50Z][INFO][STEP 1: Initial checks and preparations.]
[2025-10-27T01:04:50Z][INFO][Checking permissions...]
[2025-10-27T01:04:50Z][INFO][Checking letter format...]
[2025-10-27T01:04:50Z][INFO][Checking if Dev Drive exists...]
[2025-10-27T01:04:50Z][INFO][Dev Drive detected at D:\]
[2025-10-27T01:04:50Z][INFO][Checking if msys2 bash exists...]
[2025-10-27T01:04:50Z][INFO][STEP 1: OK]
[2025-10-27T01:04:50Z][INFO][STEP 2: Install example lib 'fmt' with triplet 'x64-mingw-dynamic-degoras']
Computing installation plan...
The following packages are already installed:
    fmt:x64-mingw-dynamic-degoras@12.0.0
Total install time: 809 us
The package fmt provides CMake targets:

    find_package(fmt CONFIG REQUIRED)
    target_link_libraries(main PRIVATE fmt::fmt)

    # Or use the header-only version
    find_package(fmt CONFIG REQUIRED)
    target_link_libraries(main PRIVATE fmt::fmt-header-only)

All requested installations completed successfully in: 809 us
fmt:x64-mingw-dynamic-degoras                     12.0.0              {fmt} is an open-source formatting library provi...
[2025-10-27T01:04:51Z][INFO][Installed fmt version: 12.0.0]
[2025-10-27T01:04:51Z][INFO][STEP 2: OK]
[2025-10-27T01:04:51Z][INFO][STEP 3: Install required packages with triplet 'x64-mingw-dynamic-degoras']
[2025-10-27T01:04:51Z][INFO][Installing 'fmt'...]
Computing installation plan...
The following packages are already installed:
    fmt:x64-mingw-dynamic-degoras@12.0.0
Total install time: 680 us
The package fmt provides CMake targets:

    find_package(fmt CONFIG REQUIRED)
    target_link_libraries(main PRIVATE fmt::fmt)

    # Or use the header-only version
    find_package(fmt CONFIG REQUIRED)
    target_link_libraries(main PRIVATE fmt::fmt-header-only)

All requested installations completed successfully in: 680 us
[2025-10-27T01:04:52Z][INFO]['fmt' installed successfully.]
[2025-10-27T01:04:52Z][INFO][Installing 'nlohmann-json'...]
Computing installation plan...
The following packages are already installed:
    nlohmann-json:x64-mingw-dynamic-degoras@3.12.0#1
Total install time: 710 us
The package nlohmann-json provides CMake targets:

    find_package(nlohmann_json CONFIG REQUIRED)
    target_link_libraries(main PRIVATE nlohmann_json::nlohmann_json)

The package nlohmann-json can be configured to not provide implicit conversions via a custom triplet file:

    set(nlohmann-json_IMPLICIT_CONVERSIONS OFF)

For more information, see the docs here:
    
    https://json.nlohmann.me/api/macros/json_use_implicit_conversions/

All requested installations completed successfully in: 710 us
[2025-10-27T01:04:54Z][INFO]['nlohmann-json' installed successfully.]
[2025-10-27T01:04:54Z][INFO][Installing 'libbson'...]
Computing installation plan...
The following packages will be built and installed:
    libbson:x64-mingw-dynamic-degoras@1.30.6
Detecting compiler hash for triplet x64-mingw-dynamic-degoras...
error: while detecting compiler information:
The log file content at "D:\vcpkg\buildtrees\detect_compiler\stdout-x64-mingw-dynamic-degoras.log" is:
-- Using DEGORAS-PROJECT custom triplet
-- Configuring x64-mingw-dynamic-degoras
CMake Error at scripts/cmake/vcpkg_execute_required_process.cmake:127 (message):
    Command failed: D:/vcpkg/downloads/tools/ninja/1.13.1-windows/ninja.exe -v
    Working Directory: D:/vcpkg/buildtrees/detect_compiler/x64-mingw-dynamic-degoras-rel/vcpkg-parallel-configure
    Error code: 1
    See logs for more information:
      D:\vcpkg\buildtrees\detect_compiler\config-x64-mingw-dynamic-degoras-rel-CMakeCache.txt.log
      D:\vcpkg\buildtrees\detect_compiler\config-x64-mingw-dynamic-degoras-out.log

Call Stack (most recent call first):
  scripts/cmake/vcpkg_configure_cmake.cmake:293 (vcpkg_execute_required_process)
  scripts/detect_compiler/portfile.cmake:18 (vcpkg_configure_cmake)
  scripts/ports.cmake:206 (include)


error: vcpkg was unable to detect the active compiler's information. See above for the CMake failure output.
[2025-10-27T01:04:56Z][INFO]['libbson' installed successfully.]
[2025-10-27T01:04:56Z][INFO][Installing 'openssl'...]
Computing installation plan...
The following packages are already installed:
    openssl:x64-mingw-dynamic-degoras@3.6.0#2
Total install time: 663 us
openssl is compatible with built-in CMake targets:

  find_package(OpenSSL REQUIRED)
  target_link_libraries(main PRIVATE OpenSSL::SSL)
  target_link_libraries(main PRIVATE OpenSSL::Crypto)

All requested installations completed successfully in: 663 us
[2025-10-27T01:04:57Z][INFO]['openssl' installed successfully.]
[2025-10-27T01:04:57Z][INFO][Installing 'spdlog'...]
Computing installation plan...
The following packages will be built and installed:
    spdlog:x64-mingw-dynamic-degoras@1.16.0
Detecting compiler hash for triplet x64-mingw-dynamic-degoras...
error: while detecting compiler information:
The log file content at "D:\vcpkg\buildtrees\detect_compiler\stdout-x64-mingw-dynamic-degoras.log" is:
-- Using DEGORAS-PROJECT custom triplet
-- Configuring x64-mingw-dynamic-degoras
CMake Error at scripts/cmake/vcpkg_execute_required_process.cmake:127 (message):
    Command failed: D:/vcpkg/downloads/tools/ninja/1.13.1-windows/ninja.exe -v
    Working Directory: D:/vcpkg/buildtrees/detect_compiler/x64-mingw-dynamic-degoras-rel/vcpkg-parallel-configure
    Error code: 1
    See logs for more information:
      D:\vcpkg\buildtrees\detect_compiler\config-x64-mingw-dynamic-degoras-rel-CMakeCache.txt.log
      D:\vcpkg\buildtrees\detect_compiler\config-x64-mingw-dynamic-degoras-out.log

Call Stack (most recent call first):
  scripts/cmake/vcpkg_configure_cmake.cmake:293 (vcpkg_execute_required_process)
  scripts/detect_compiler/portfile.cmake:18 (vcpkg_configure_cmake)
  scripts/ports.cmake:206 (include)


error: vcpkg was unable to detect the active compiler's information. See above for the CMake failure output.
[2025-10-27T01:04:59Z][INFO]['spdlog' installed successfully.]
[2025-10-27T01:04:59Z][INFO][Installing 'zlib'...]
Computing installation plan...
The following packages are already installed:
    zlib:x64-mingw-dynamic-degoras@1.3.1
Total install time: 670 us
The package zlib is compatible with built-in CMake targets:

    find_package(ZLIB REQUIRED)
    target_link_libraries(main PRIVATE ZLIB::ZLIB)

All requested installations completed successfully in: 670 us
