=================================================================
  DEGORAS-PROJECT VCPKG CLONE SETUP SCRIPT
-----------------------------------------------------------------
  Author:  Angel Vera Herrera
  Updated: 26/10/2025
  Version: 251026
=================================================================
Parameters:
-----------------------------------------------------------------
Install Drive    = E
VCPKG Repository = https://github.com/microsoft/vcpkg.git
VCPKG Baseline   = 446682c6c338d68ed986972ffc3529f7d63c1555
MSYS2 bin path   = E:\msys64\usr\bin
-----------------------------------------------------------------
[2025-11-07T01:27:08Z][INFO][STEP 1: Initial checks and preparations.]
[2025-11-07T01:27:08Z][INFO][Checking permissions...]
[2025-11-07T01:27:08Z][INFO][Checking letter format...]
[2025-11-07T01:27:08Z][INFO][Checking if Dev Drive exists...]
[2025-11-07T01:27:08Z][INFO][Dev Drive detected at E:\]
[2025-11-07T01:27:08Z][INFO][Checking if git tool exists...]
[2025-11-07T01:27:08Z][INFO][Checking if msys2 bash exists...]
[2025-11-07T01:27:08Z][INFO][STEP 1: OK]
[2025-11-07T01:27:08Z][INFO][STEP 2: Clone vcpkg repository.]
[2025-11-07T01:27:24Z][INFO][Checking out baseline commit 446682c6c338d68ed986972ffc3529f7d63c1555]
[2025-11-07T01:27:25Z][INFO][vcpkg checked out to baseline 446682c6c338d68ed986972ffc3529f7d63c1555]
[2025-11-07T01:27:25Z][INFO][STEP 2: OK]
[2025-11-07T01:27:25Z][INFO][STEP 3: Bootstrap vcpkg.]
[2025-11-07T01:27:27Z][INFO][Bootstrap completed. vcpkg.exe located at: E:\\vcpkg\vcpkg.exe]
[2025-11-07T01:27:27Z][INFO][Querying vcpkg version and baseline...]
[2025-11-07T01:27:28Z][INFO][vcpkg package management program version 2025-10-16-71538f2694db93da4668782d094768ba74c45991]
[2025-11-07T01:27:28Z][INFO][See LICENSE.txt for license information.]
[2025-11-07T01:27:28Z][INFO][STEP 3: OK]
[2025-11-07T01:27:28Z][INFO][STEP 4: Setup environment variables.]
[2025-11-07T01:27:28Z][INFO][VCPKG_ROOT = E:\vcpkg]
[2025-11-07T01:27:28Z][INFO][VCPKG_DEFAULT_BINARY_CACHE = E:\packages\vcpkg]
[2025-11-07T01:27:28Z][INFO][Appending environment variables to E:\degoras-env-variables.env]
[2025-11-07T01:27:28Z][INFO][STEP 4: OK]
[2025-11-07T01:27:28Z][INFO][STEP 5: Installing controlled triplet 'x64-mingw-dynamic-degoras'...]
[2025-11-07T01:27:28Z][INFO][Triplet copied to: E:\\vcpkg\triplets\community\x64-mingw-dynamic-degoras.cmake]
[2025-11-07T01:27:28Z][INFO][STEP 5: OK]
[2025-11-07T01:27:28Z][INFO][STEP 6: Adding VCPKG environment exports...]
[2025-11-07T01:27:28Z][INFO][VCPKG_DEFAULT_TRIPLET=x64-mingw-dynamic-degoras]
[2025-11-07T01:27:28Z][INFO][VCPKG_DEFAULT_HOST_TRIPLET=x64-mingw-dynamic-degoras]
[2025-11-07T01:27:28Z][INFO][Environment exports appended to E:\degoras-env-variables.env]
[2025-11-07T01:27:28Z][INFO][STEP 6: OK]
[2025-11-07T01:27:28Z][INFO][DEGORAS-PROJECT VCPKG clone setup completed successfully.]
[2025-11-07T01:27:28Z][INFO][TOTAL EXECUTION TIME: 20.2686387 seconds  (00:00:20)]
