===========================================================
  DEGORAS-PROJECT DEVELOPMENT DRIVE SETUP SCRIPT
-----------------------------------------------------------------
  Author:  Angel Vera Herrera
  Updated: 26/10/2025
  Version: 251026
=================================================================
Parameters:
-----------------------------------------------------------------
Drive Label        = DEGORAS_DEV
Drive Letter       = D
Size (GB)          = 50
VHDX Root          = C:\
VHDX Path          = C:\DevDrives
VHDX Filepath      = C:\DevDrives\DEGORAS_DEV.vhdx
Current Path       = C:\Users\rigesenv\Desktop\DEGORAS-PROJECT_ENVIRONMENT_SETUP-20251026T1930
Test Examples Path = C:\Users\rigesenv\Desktop\DEGORAS-PROJECT_ENVIRONMENT_SETUP-20251026T1930\CODE_EXAMPLES
Setup Scripts Path = C:\Users\rigesenv\Desktop\DEGORAS-PROJECT_ENVIRONMENT_SETUP-20251026T1930\SCRIPTS_ENV
=================================================================
[2025-11-04T20:23:00Z][INFO][STEP 1: Initial checks and preparations.]
[2025-11-04T20:23:00Z][INFO][Checking permissions...]
[2025-11-04T20:23:00Z][INFO][Checking letter format...]
[2025-11-04T20:23:00Z][INFO][Checking if VHD already exists...]
[2025-11-04T20:23:00Z][INFO][Checking if drive letter is in use...]
[2025-11-04T20:23:00Z][INFO][Checking disk space...]
[2025-11-04T20:23:00Z][INFO][Available Space = 47888519168 bytes]
[2025-11-04T20:23:00Z][INFO][Required Space  = 53687091200 bytes]
[2025-11-04T20:23:00Z][ERROR][Not enough free space on drive C]
[2025-11-04T20:23:00Z][ERROR][Setup failed!]
