=================================================================
  DEGORAS-PROJECT VCPKG CLONE SETUP SCRIPT
-----------------------------------------------------------------
  Author:  Angel Vera Herrera
  Updated: 26/10/2025
  Version: 251026
=================================================================
Parameters:
-----------------------------------------------------------------
Install Drive    = D
VCPKG Repository = https://github.com/microsoft/vcpkg.git
VCPKG Baseline   = 446682c6c338d68ed986972ffc3529f7d63c1555
MSYS2 bin path   = D:\msys64\usr\bin
-----------------------------------------------------------------
[2025-11-05T00:33:59Z][INFO][STEP 1: Initial checks and preparations.]
[2025-11-05T00:33:59Z][INFO][Checking permissions...]
[2025-11-05T00:33:59Z][INFO][Checking letter format...]
[2025-11-05T00:33:59Z][INFO][Checking if Dev Drive exists...]
[2025-11-05T00:34:00Z][INFO][Dev Drive detected at D:\]
[2025-11-05T00:34:00Z][INFO][Checking if git tool exists...]
[2025-11-05T00:34:00Z][INFO][Checking if msys2 bash exists...]
[2025-11-05T00:34:00Z][INFO][STEP 1: OK]
[2025-11-05T00:34:00Z][INFO][STEP 2: Clone vcpkg repository.]
[2025-11-05T00:34:19Z][INFO][Checking out baseline commit 446682c6c338d68ed986972ffc3529f7d63c1555]
[2025-11-05T00:34:20Z][INFO][vcpkg checked out to baseline 446682c6c338d68ed986972ffc3529f7d63c1555]
[2025-11-05T00:34:20Z][INFO][STEP 2: OK]
[2025-11-05T00:34:20Z][INFO][STEP 3: Bootstrap vcpkg.]
[2025-11-05T00:34:22Z][INFO][Bootstrap completed. vcpkg.exe located at: D:\\vcpkg\vcpkg.exe]
[2025-11-05T00:34:22Z][INFO][Querying vcpkg version and baseline...]
[2025-11-05T00:34:23Z][INFO][vcpkg package management program version 2025-10-16-71538f2694db93da4668782d094768ba74c45991]
[2025-11-05T00:34:23Z][INFO][See LICENSE.txt for license information.]
[2025-11-05T00:34:23Z][INFO][STEP 3: OK]
[2025-11-05T00:34:23Z][INFO][STEP 4: Setup environment variables.]
[2025-11-05T00:34:23Z][INFO][VCPKG_ROOT = D:\vcpkg]
[2025-11-05T00:34:23Z][INFO][VCPKG_DEFAULT_BINARY_CACHE = D:\packages\vcpkg]
[2025-11-05T00:34:23Z][INFO][Appending environment variables to D:\degoras-env-variables.env]
[2025-11-05T00:34:23Z][INFO][STEP 4: OK]
[2025-11-05T00:34:23Z][INFO][STEP 5: Installing controlled triplet 'x64-mingw-dynamic-degoras'...]
[2025-11-05T00:34:23Z][ERROR][Triplet SHA256 file not found: C:\Users\rigesenv\Desktop\DEGORAS-PROJECT_ENVIRONMENT_SETUP-20251026T1930\VCPKG_TRIPLETS\x64-mingw-dynamic-degoras.sha256]
[2025-11-05T00:34:23Z][ERROR][Setup failed!]
