=================================================================
  DEGORAS-PROJECT VCPKG QT6 SETUP SCRIPT
-----------------------------------------------------------------
  Author:  Angel Vera Herrera
  Updated: 26/10/2025
  Version: 251026
=================================================================
Parameters:
-----------------------------------------------------------------
Install Drive    = D
MSYS2 bin path   = D:\msys64\usr\bin
-----------------------------------------------------------------
[2025-10-27T01:19:56Z][INFO][STEP 1: Initial checks and preparations.]
[2025-10-27T01:19:56Z][INFO][Checking permissions...]
[2025-10-27T01:19:56Z][INFO][Checking letter format...]
[2025-10-27T01:19:56Z][INFO][Checking if Dev Drive exists...]
[2025-10-27T01:19:56Z][INFO][Dev Drive detected at D:\]
[2025-10-27T01:19:56Z][INFO][Checking if msys2 bash exists...]
[2025-10-27T01:19:56Z][INFO][STEP 1: OK]
[2025-10-27T01:19:56Z][INFO][STEP 2: Install required Qt6 packages with triplet 'x64-mingw-dynamic-degoras']
[2025-10-27T01:19:56Z][INFO][Installing 'qtbase'...]
/C/Users/rigesenv/AppData/Local/Temp/install_qtbase.sh: línea 7: ./vcpkg: No such file or directory
[2025-10-27T01:19:57Z][INFO]['qtbase' installed successfully.]
[2025-10-27T01:19:57Z][INFO][Installing 'qt5compat'...]
/C/Users/rigesenv/AppData/Local/Temp/install_qt5compat.sh: línea 7: ./vcpkg: No such file or directory
[2025-10-27T01:19:58Z][INFO]['qt5compat' installed successfully.]
[2025-10-27T01:19:58Z][INFO][Installing 'qtnetworkauth'...]
/C/Users/rigesenv/AppData/Local/Temp/install_qtnetworkauth.sh: línea 7: ./vcpkg: No such file or directory
[2025-10-27T01:19:59Z][INFO]['qtnetworkauth' installed successfully.]
[2025-10-27T01:19:59Z][INFO][Installing 'qtmultimedia'...]
/C/Users/rigesenv/AppData/Local/Temp/install_qtmultimedia.sh: línea 7: ./vcpkg: No such file or directory
[2025-10-27T01:20:00Z][INFO]['qtmultimedia' installed successfully.]
[2025-10-27T01:20:00Z][INFO][Installing 'qt-advanced-docking-system'...]
/C/Users/rigesenv/AppData/Local/Temp/install_qt-advanced-docking-system.sh: línea 7: ./vcpkg: No such file or directory
[2025-10-27T01:20:01Z][INFO]['qt-advanced-docking-system' installed successfully.]
[2025-10-27T01:20:01Z][INFO][STEP 2: OK]
[2025-10-27T01:20:01Z][INFO][STEP 3: Retrieve versions of installed packages]
[2025-10-27T01:20:01Z][INFO][STEP 3: OK]
[2025-10-27T01:20:01Z][INFO][DEGORAS-PROJECT VCPKG Qt6 setup completed successfully.]
