=================================================================
  DEGORAS-PROJECT VCPKG CLONE SETUP SCRIPT
-----------------------------------------------------------------
  Author:  Angel Vera Herrera
  Updated: 26/10/2025
  Version: 251026
=================================================================
Parameters:
-----------------------------------------------------------------
Install Drive    = E
VCPKG Repository = https://github.com/microsoft/vcpkg.git
VCPKG Baseline   = 446682c6c338d68ed986972ffc3529f7d63c1555
MSYS2 bin path   = E:\msys64\usr\bin
-----------------------------------------------------------------
[2025-11-07T01:11:28Z][INFO][STEP 1: Initial checks and preparations.]
[2025-11-07T01:11:28Z][INFO][Checking permissions...]
[2025-11-07T01:11:28Z][INFO][Checking letter format...]
[2025-11-07T01:11:28Z][INFO][Checking if Dev Drive exists...]
[2025-11-07T01:11:28Z][INFO][Dev Drive detected at E:\]
[2025-11-07T01:11:28Z][INFO][Checking if git tool exists...]
[2025-11-07T01:11:28Z][INFO][Checking if msys2 bash exists...]
[2025-11-07T01:11:28Z][INFO][STEP 1: OK]
[2025-11-07T01:11:28Z][INFO][STEP 2: Clone vcpkg repository.]
[2025-11-07T01:11:49Z][ERROR][Failed to clone vcpkg repository (ExitCode=512).]
[2025-11-07T01:11:49Z][ERROR][Setup failed!]
