=================================================================
  DEGORAS-PROJECT VCPKG PACKAGES SETUP SCRIPT
-----------------------------------------------------------------
  Author:  Angel Vera Herrera
  Updated: 26/10/2025
  Version: 251026
=================================================================
Parameters:
-----------------------------------------------------------------
Install Drive    = D
MSYS2 bin path   = D:\msys64\usr\bin
-----------------------------------------------------------------
[2025-10-27T01:18:32Z][INFO][STEP 1: Initial checks and preparations.]
[2025-10-27T01:18:32Z][INFO][Checking permissions...]
[2025-10-27T01:18:32Z][INFO][Checking letter format...]
[2025-10-27T01:18:32Z][INFO][Checking if Dev Drive exists...]
[2025-10-27T01:18:32Z][INFO][Dev Drive detected at D:\]
[2025-10-27T01:18:32Z][INFO][Checking if msys2 bash exists...]
[2025-10-27T01:18:32Z][INFO][STEP 1: OK]
[2025-10-27T01:18:32Z][INFO][STEP 2: Install example lib 'fmt' with triplet 'x64-mingw-dynamic-degoras']
Computing installation plan...
The following packages are already installed:
    fmt:x64-mingw-dynamic-degoras@12.0.0
Total install time: 690 us
The package fmt provides CMake targets:

    find_package(fmt CONFIG REQUIRED)
    target_link_libraries(main PRIVATE fmt::fmt)

    # Or use the header-only version
    find_package(fmt CONFIG REQUIRED)
    target_link_libraries(main PRIVATE fmt::fmt-header-only)

All requested installations completed successfully in: 690 us
fmt:x64-mingw-dynamic-degoras                     12.0.0              {fmt} is an open-source formatting library provi...
[2025-10-27T01:18:34Z][INFO][Installed fmt version: 12.0.0]
[2025-10-27T01:18:34Z][INFO][STEP 2: OK]
[2025-10-27T01:18:34Z][INFO][STEP 3: Install required packages with triplet 'x64-mingw-dynamic-degoras']
[2025-10-27T01:18:34Z][INFO][Installing 'fmt'...]
Computing installation plan...
The following packages are already installed:
    fmt:x64-mingw-dynamic-degoras@12.0.0
Total install time: 689 us
The package fmt provides CMake targets:

    find_package(fmt CONFIG REQUIRED)
    target_link_libraries(main PRIVATE fmt::fmt)

    # Or use the header-only version
    find_package(fmt CONFIG REQUIRED)
    target_link_libraries(main PRIVATE fmt::fmt-header-only)

All requested installations completed successfully in: 689 us
[2025-10-27T01:18:35Z][INFO]['fmt' installed successfully.]
[2025-10-27T01:18:35Z][INFO][Installing 'nlohmann-json'...]
Computing installation plan...
The following packages are already installed:
    nlohmann-json:x64-mingw-dynamic-degoras@3.12.0#1
Total install time: 762 us
The package nlohmann-json provides CMake targets:

    find_package(nlohmann_json CONFIG REQUIRED)
    target_link_libraries(main PRIVATE nlohmann_json::nlohmann_json)

The package nlohmann-json can be configured to not provide implicit conversions via a custom triplet file:

    set(nlohmann-json_IMPLICIT_CONVERSIONS OFF)

For more information, see the docs here:
    
    https://json.nlohmann.me/api/macros/json_use_implicit_conversions/

All requested installations completed successfully in: 762 us
[2025-10-27T01:18:36Z][INFO]['nlohmann-json' installed successfully.]
[2025-10-27T01:18:36Z][INFO][Installing 'libbson'...]
Computing installation plan...
The following packages are already installed:
    libbson:x64-mingw-dynamic-degoras@1.30.6
Total install time: 709 us
libbson provides CMake targets:

    find_package(bson-1.0 CONFIG REQUIRED)
    target_link_libraries(main PRIVATE $<IF:$<TARGET_EXISTS:mongo::bson_static>,mongo::bson_static,mongo::bson_shared>)

All requested installations completed successfully in: 709 us
[2025-10-27T01:18:37Z][INFO]['libbson' installed successfully.]
[2025-10-27T01:18:37Z][INFO][Installing 'openssl'...]
Computing installation plan...
The following packages are already installed:
    openssl:x64-mingw-dynamic-degoras@3.6.0#2
Total install time: 744 us
openssl is compatible with built-in CMake targets:

  find_package(OpenSSL REQUIRED)
  target_link_libraries(main PRIVATE OpenSSL::SSL)
  target_link_libraries(main PRIVATE OpenSSL::Crypto)

All requested installations completed successfully in: 744 us
[2025-10-27T01:18:38Z][INFO]['openssl' installed successfully.]
[2025-10-27T01:18:38Z][INFO][Installing 'spdlog'...]
Computing installation plan...
The following packages are already installed:
    spdlog:x64-mingw-dynamic-degoras@1.16.0
Total install time: 698 us
The package spdlog provides CMake targets:

    find_package(spdlog CONFIG REQUIRED)
    target_link_libraries(main PRIVATE spdlog::spdlog)

    # Or use the header-only version
    find_package(spdlog CONFIG REQUIRED)
    target_link_libraries(main PRIVATE spdlog::spdlog_header_only)

All requested installations completed successfully in: 698 us
[2025-10-27T01:18:39Z][INFO]['spdlog' installed successfully.]
[2025-10-27T01:18:39Z][INFO][Installing 'zlib'...]
Computing installation plan...
The following packages are already installed:
    zlib:x64-mingw-dynamic-degoras@1.3.1
Total install time: 748 us
The package zlib is compatible with built-in CMake targets:

    find_package(ZLIB REQUIRED)
    target_link_libraries(main PRIVATE ZLIB::ZLIB)

All requested installations completed successfully in: 748 us
[2025-10-27T01:18:40Z][INFO]['zlib' installed successfully.]
[2025-10-27T01:18:40Z][INFO][Installing 'curl'...]
Computing installation plan...
The following packages are already installed:
    curl[core,sspi,ssl,non-http]:x64-mingw-dynamic-degoras@8.16.0
Total install time: 729 us
curl is compatible with built-in CMake targets:

    find_package(CURL REQUIRED)
    target_link_libraries(main PRIVATE CURL::libcurl)

All requested installations completed successfully in: 729 us
[2025-10-27T01:18:41Z][INFO]['curl' installed successfully.]
[2025-10-27T01:18:41Z][INFO][Installing 'mongo-c-driver'...]
Computing installation plan...
The following packages are already installed:
    mongo-c-driver:x64-mingw-dynamic-degoras@1.30.6
Total install time: 725 us
mongo-c-driver provides CMake targets:

  find_package(mongoc-1.0 CONFIG REQUIRED)
  target_link_libraries(main PRIVATE $<IF:$<TARGET_EXISTS:mongo::mongoc_shared>,mongo::mongoc_shared,mongo::mongoc_static>)

All requested installations completed successfully in: 725 us
[2025-10-27T01:18:42Z][INFO]['mongo-c-driver' installed successfully.]
[2025-10-27T01:18:42Z][INFO][Installing 'xerces-c'...]
Computing installation plan...
The following packages are already installed:
    xerces-c[core,network]:x64-mingw-dynamic-degoras@3.3.0
Total install time: 736 us
The package xerces-c is compatible with built-in CMake targets:

    find_package(XercesC REQUIRED)
    target_link_libraries(main PRIVATE XercesC::XercesC)

All requested installations completed successfully in: 736 us
[2025-10-27T01:18:43Z][INFO]['xerces-c' installed successfully.]
[2025-10-27T01:18:43Z][INFO][Installing 'zeromq'...]
Computing installation plan...
The following packages are already installed:
    zeromq:x64-mingw-dynamic-degoras@4.3.5#2
Total install time: 718 us
zeromq provides CMake targets:

  # this is heuristically generated, and may not be correct
  find_package(ZeroMQ CONFIG REQUIRED)
  target_link_libraries(main PRIVATE libzmq libzmq-static)

zeromq provides pkg-config modules:

  # 0MQ c++ library
  libzmq

All requested installations completed successfully in: 718 us
[2025-10-27T01:18:44Z][INFO]['zeromq' installed successfully.]
[2025-10-27T01:18:44Z][INFO][Installing 'cppzmq'...]
Computing installation plan...
The following packages are already installed:
    cppzmq:x64-mingw-dynamic-degoras@4.11.0
Total install time: 721 us
cppzmq provides CMake targets:

  # this is heuristically generated, and may not be correct
  find_package(cppzmq CONFIG REQUIRED)
  target_link_libraries(main PRIVATE cppzmq cppzmq-static)

cppzmq provides pkg-config modules:

  # C++ binding for libzmq
  cppzmq

All requested installations completed successfully in: 721 us
[2025-10-27T01:18:45Z][INFO]['cppzmq' installed successfully.]
[2025-10-27T01:18:45Z][INFO][STEP 3: OK]
[2025-10-27T01:18:45Z][INFO][STEP 4: Retrieve versions of installed packages]
[2025-10-27T01:18:46Z][INFO][Installed: cppzmq version 4.11.0]
[2025-10-27T01:18:46Z][INFO][Installed: curl version 8.16.0]
[2025-10-27T01:18:46Z][INFO][Installed: fmt version 12.0.0]
[2025-10-27T01:18:46Z][INFO][Installed: libbson version 1.30.6]
[2025-10-27T01:18:46Z][INFO][Installed: mongo-c-driver version 1.30.6]
[2025-10-27T01:18:46Z][INFO][Installed: nlohmann-json version 3.12.0#1]
[2025-10-27T01:18:46Z][INFO][Installed: openssl version 3.6.0#2]
[2025-10-27T01:18:46Z][INFO][Installed: spdlog version 1.16.0]
[2025-10-27T01:18:46Z][INFO][Installed: xerces-c version 3.3.0]
[2025-10-27T01:18:46Z][INFO][Installed: zeromq version 4.3.5#2]
[2025-10-27T01:18:46Z][INFO][Installed: zlib version 1.3.1]
[2025-10-27T01:18:46Z][INFO][STEP 4: OK]
[2025-10-27T01:18:46Z][INFO][DEGORAS-PROJECT VCPKG packs setup completed successfully.]
