=================================================================
  DEGORAS-PROJECT VCPKG QT6 SETUP SCRIPT
-----------------------------------------------------------------
  Author:  Angel Vera Herrera
  Updated: 26/10/2025
  Version: 251026
=================================================================
Parameters:
-----------------------------------------------------------------
Install Drive    = D
MSYS2 bin path   = D:\msys64\usr\bin
-----------------------------------------------------------------
[2025-10-27T01:31:45Z][INFO][STEP 1: Initial checks and preparations.]
[2025-10-27T01:31:45Z][INFO][Checking permissions...]
[2025-10-27T01:31:45Z][INFO][Checking letter format...]
[2025-10-27T01:31:45Z][INFO][Checking if Dev Drive exists...]
[2025-10-27T01:31:45Z][INFO][Dev Drive detected at D:\]
[2025-10-27T01:31:45Z][INFO][Checking if msys2 bash exists...]
[2025-10-27T01:31:45Z][INFO][STEP 1: OK]
[2025-10-27T01:31:45Z][INFO][STEP 2: Install required Qt6 packages with triplet 'x64-mingw-dynamic-degoras']
[2025-10-27T01:31:45Z][INFO][Installing 'qtbase'...]
Computing installation plan...
The following packages are already installed:
    qtbase[core,zstd,widgets,thread,testlib,sql-sqlite,sql-psql,sql,png,pcre2,openssl,opengl,network,jpeg,icu,harfbuzz,gui,freetype,doubleconversion,dnslookup,dbus,concurrent,brotli]:x64-mingw-dynamic-degoras@6.9.1#1
Total install time: 856 us
qtbase provides CMake targets:

  # this is heuristically generated, and may not be correct
  find_package(Qt6 CONFIG REQUIRED)
  # note: 37 additional targets are not displayed.
  target_link_libraries(main PRIVATE DB2::DB2 PPS::PPS Oracle::OCI Libb2::Libb2)

  find_package(Qt6Concurrent CONFIG REQUIRED)
  target_link_libraries(main PRIVATE Qt6::Concurrent)

  find_package(Qt6ConcurrentPrivate CONFIG REQUIRED)
  target_link_libraries(main PRIVATE Qt6::ConcurrentPrivate)

  find_package(Qt6Core CONFIG REQUIRED)
  target_link_libraries(main PRIVATE Qt6::Core)

  find_package(Qt6CorePrivate CONFIG REQUIRED)
  target_link_libraries(main PRIVATE Qt6::CorePrivate)

  find_package(Qt6DBus CONFIG REQUIRED)
  target_link_libraries(main PRIVATE Qt6::DBus)

  find_package(Qt6DBusPrivate CONFIG REQUIRED)
  target_link_libraries(main PRIVATE Qt6::DBusPrivate)

  find_package(Qt6DeviceDiscoverySupportPrivate CONFIG REQUIRED)
  target_link_libraries(main PRIVATE Qt6::DeviceDiscoverySupportPrivate)

  find_package(Qt6EntryPointPrivate CONFIG REQUIRED)
  target_link_libraries(main PRIVATE Qt6::EntryPointPrivate Qt6::EntryPointImplementation)

  find_package(Qt6ExampleIconsPrivate CONFIG REQUIRED)
  target_link_libraries(main PRIVATE Qt6::ExampleIconsPrivate Qt6::ExampleIconsPrivate_resources_1)

  find_package(Qt6ExamplesAssetDownloaderPrivate CONFIG REQUIRED)
  target_link_libraries(main PRIVATE Qt6::ExamplesAssetDownloaderPrivate)

  find_package(Qt6FbSupportPrivate CONFIG REQUIRED)
  target_link_libraries(main PRIVATE Qt6::FbSupportPrivate)

  find_package(Qt6Gui CONFIG REQUIRED)
  # note: 5 additional targets are not displayed.
  target_link_libraries(main PRIVATE Qt6::Gui Qt6::QGifPlugin Qt6::QICOPlugin Qt6::QJpegPlugin)

  find_package(Qt6GuiPrivate CONFIG REQUIRED)
  target_link_libraries(main PRIVATE Qt6::GuiPrivate)

  find_package(Qt6Network CONFIG REQUIRED)
  # note: 1 additional targets are not displayed.
  target_link_libraries(main PRIVATE Qt6::Network Qt6::QNLMNIPlugin Qt6::QSchannelBackendPlugin Qt6::QTlsBackendOpenSSLPlugin)

  find_package(Qt6NetworkPrivate CONFIG REQUIRED)
  target_link_libraries(main PRIVATE Qt6::NetworkPrivate)

  find_package(Qt6OpenGL CONFIG REQUIRED)
  target_link_libraries(main PRIVATE Qt6::OpenGL)

  find_package(Qt6OpenGLPrivate CONFIG REQUIRED)
  target_link_libraries(main PRIVATE Qt6::OpenGLPrivate)

  find_package(Qt6OpenGLWidgets CONFIG REQUIRED)
  target_link_libraries(main PRIVATE Qt6::OpenGLWidgets)

  find_package(Qt6OpenGLWidgetsPrivate CONFIG REQUIRED)
  target_link_libraries(main PRIVATE Qt6::OpenGLWidgetsPrivate)

  find_package(Qt6PrintSupport CONFIG REQUIRED)
  target_link_libraries(main PRIVATE Qt6::PrintSupport)

  find_package(Qt6PrintSupportPrivate CONFIG REQUIRED)
  target_link_libraries(main PRIVATE Qt6::PrintSupportPrivate)

  find_package(Qt6Sql CONFIG REQUIRED)
  target_link_libraries(main PRIVATE Qt6::Sql Qt6::QPSQLDriverPlugin Qt6::QSQLiteDriverPlugin)

  find_package(Qt6SqlPrivate CONFIG REQUIRED)
  target_link_libraries(main PRIVATE Qt6::SqlPrivate)

  find_package(Qt6Test CONFIG REQUIRED)
  target_link_libraries(main PRIVATE Qt6::Test)

  find_package(Qt6TestInternalsPrivate CONFIG REQUIRED)
  target_link_libraries(main PRIVATE Qt6::TestInternalsPrivate)

  find_package(Qt6TestPrivate CONFIG REQUIRED)
  target_link_libraries(main PRIVATE Qt6::TestPrivate)

  find_package(Qt6Widgets CONFIG REQUIRED)
  target_link_libraries(main PRIVATE Qt6::Widgets Qt6::QModernWindowsStylePlugin)

  find_package(Qt6WidgetsPrivate CONFIG REQUIRED)
  target_link_libraries(main PRIVATE Qt6::WidgetsPrivate)

  find_package(Qt6Xml CONFIG REQUIRED)
  target_link_libraries(main PRIVATE Qt6::Xml)

  find_package(Qt6XmlPrivate CONFIG REQUIRED)
  target_link_libraries(main PRIVATE Qt6::XmlPrivate)

qtbase provides pkg-config modules:

  # Qt Concurrent module
  Qt6Concurrent

  # Qt Core module
  Qt6Core

  # Qt DBus module
  Qt6DBus

  # Qt Gui module
  Qt6Gui

  # Qt Network module
  Qt6Network

  # Qt OpenGL module
  Qt6OpenGL

  # Qt OpenGLWidgets module
  Qt6OpenGLWidgets

  # Qt Platform module
  Qt6Platform

  # Qt PrintSupport module
  Qt6PrintSupport

  # Qt Sql module
  Qt6Sql

  # Qt Test module
  Qt6Test

  # Qt Widgets module
  Qt6Widgets

  # Qt Xml module
  Qt6Xml

All requested installations completed successfully in: 856 us
[2025-10-27T01:31:46Z][INFO]['qtbase' installed successfully.]
[2025-10-27T01:31:46Z][INFO][Installing 'qt5compat'...]
Computing installation plan...
The following packages are already installed:
    qt5compat[core,textcodec,qml,codecs,big-codecs]:x64-mingw-dynamic-degoras@6.9.1
Total install time: 768 us
qt5compat provides CMake targets:

  # this is heuristically generated, and may not be correct
  find_package(Qt6Core5Compat CONFIG REQUIRED)
  target_link_libraries(main PRIVATE Qt6::Core5Compat)

  find_package(Qt6Core5CompatPrivate CONFIG REQUIRED)
  target_link_libraries(main PRIVATE Qt6::Core5CompatPrivate)

qt5compat provides pkg-config modules:

  # Qt Core5Compat module
  Qt6Core5Compat

All requested installations completed successfully in: 768 us
[2025-10-27T01:31:47Z][INFO]['qt5compat' installed successfully.]
[2025-10-27T01:31:47Z][INFO][Installing 'qtnetworkauth'...]
Computing installation plan...
The following packages are already installed:
    qtnetworkauth:x64-mingw-dynamic-degoras@6.9.1
Total install time: 709 us
qtnetworkauth provides CMake targets:

  # this is heuristically generated, and may not be correct
  find_package(Qt6NetworkAuth CONFIG REQUIRED)
  target_link_libraries(main PRIVATE Qt6::NetworkAuth)

  find_package(Qt6NetworkAuthPrivate CONFIG REQUIRED)
  target_link_libraries(main PRIVATE Qt6::NetworkAuthPrivate)

qtnetworkauth provides pkg-config modules:

  # Qt NetworkAuth module
  Qt6NetworkAuth

All requested installations completed successfully in: 709 us
[2025-10-27T01:31:48Z][INFO]['qtnetworkauth' installed successfully.]
[2025-10-27T01:31:48Z][INFO][Installing 'qtmultimedia'...]
Computing installation plan...
The following packages are already installed:
    qtmultimedia[core,widgets]:x64-mingw-dynamic-degoras@6.9.1
Total install time: 722 us
qtmultimedia provides CMake targets:

  # this is heuristically generated, and may not be correct
  find_package(Qt6BundledResonanceAudio CONFIG REQUIRED)
  target_link_libraries(main PRIVATE Qt6::BundledResonanceAudio)

  find_package(Qt6Multimedia CONFIG REQUIRED)
  target_link_libraries(main PRIVATE Qt6::Multimedia Qt6::QWindowsMediaPlugin)

  find_package(Qt6MultimediaPrivate CONFIG REQUIRED)
  target_link_libraries(main PRIVATE Qt6::MultimediaPrivate)

  find_package(Qt6MultimediaTestLibPrivate CONFIG REQUIRED)
  target_link_libraries(main PRIVATE Qt6::MultimediaTestLibPrivate)

  find_package(Qt6MultimediaWidgets CONFIG REQUIRED)
  target_link_libraries(main PRIVATE Qt6::MultimediaWidgets)

  find_package(Qt6MultimediaWidgetsPrivate CONFIG REQUIRED)
  target_link_libraries(main PRIVATE Qt6::MultimediaWidgetsPrivate)

  find_package(Qt6SpatialAudio CONFIG REQUIRED)
  target_link_libraries(main PRIVATE Qt6::SpatialAudio)

  find_package(Qt6SpatialAudioPrivate CONFIG REQUIRED)
  target_link_libraries(main PRIVATE Qt6::SpatialAudioPrivate)

qtmultimedia provides pkg-config modules:

  # Qt Multimedia module
  Qt6Multimedia

  # Qt MultimediaWidgets module
  Qt6MultimediaWidgets

  # Qt SpatialAudio module
  Qt6SpatialAudio

All requested installations completed successfully in: 722 us
[2025-10-27T01:31:49Z][INFO]['qtmultimedia' installed successfully.]
[2025-10-27T01:31:49Z][INFO][Installing 'qt-advanced-docking-system'...]
Computing installation plan...
The following packages are already installed:
    qt-advanced-docking-system:x64-mingw-dynamic-degoras@4.4.1
Total install time: 701 us
qt-advanced-docking-system provides CMake targets:

  # this is heuristically generated, and may not be correct
  find_package(qtadvanceddocking-qt6 CONFIG REQUIRED)
  target_link_libraries(main PRIVATE ads::qtadvanceddocking-qt6)

All requested installations completed successfully in: 701 us
[2025-10-27T01:31:50Z][INFO]['qt-advanced-docking-system' installed successfully.]
[2025-10-27T01:31:50Z][INFO][STEP 2: OK]
[2025-10-27T01:31:50Z][INFO][STEP 3: Retrieve versions of installed packages]
[2025-10-27T01:31:51Z][INFO][Detected additional package: brotli version 1.1.0#1]
[2025-10-27T01:31:51Z][INFO][Detected additional package: bzip2 version 1.0.8#6]
[2025-10-27T01:31:51Z][INFO][Detected additional package: cppzmq version 4.11.0]
[2025-10-27T01:31:51Z][INFO][Detected additional package: curl version 8.16.0]
[2025-10-27T01:31:51Z][INFO][Detected additional package: dbus version 1.16.2#2]
[2025-10-27T01:31:51Z][INFO][Detected additional package: double-conversion version 3.3.1]
[2025-10-27T01:31:51Z][INFO][Detected additional package: egl-registry version 2024]
[2025-10-27T01:31:51Z][INFO][Detected additional package: expat version 2.7.3]
[2025-10-27T01:31:51Z][INFO][Detected additional package: fmt version 12.0.0]
[2025-10-27T01:31:51Z][INFO][Detected additional package: freetype version 2.13.3]
[2025-10-27T01:31:51Z][INFO][Detected additional package: harfbuzz version 11.3.3]
[2025-10-27T01:31:51Z][INFO][Detected additional package: icu version 74.2#6]
[2025-10-27T01:31:51Z][INFO][Detected additional package: libbson version 1.30.6]
[2025-10-27T01:31:51Z][INFO][Detected additional package: libjpeg-turbo version 3.1.2]
[2025-10-27T01:31:51Z][INFO][Detected additional package: libpng version 1.6.50]
[2025-10-27T01:31:51Z][INFO][Detected additional package: libpq version 16.9#1]
[2025-10-27T01:31:51Z][INFO][Detected additional package: lz4 version 1.10.0]
[2025-10-27T01:31:51Z][INFO][Detected additional package: mongo-c-driver version 1.30.6]
[2025-10-27T01:31:51Z][INFO][Detected additional package: nlohmann-json version 3.12.0#1]
[2025-10-27T01:31:51Z][INFO][Detected additional package: opengl-registry version 2024]
[2025-10-27T01:31:51Z][INFO][Detected additional package: opengl version 2022]
[2025-10-27T01:31:51Z][INFO][Detected additional package: openssl version 3.6.0#2]
[2025-10-27T01:31:51Z][INFO][Detected additional package: pcre2 version 10.47]
[2025-10-27T01:31:51Z][INFO][Installed: qt5compat version 6.9.1]
[2025-10-27T01:31:51Z][INFO][Installed: qtbase version 6.9.1#1]
[2025-10-27T01:31:51Z][INFO][Detected additional package: qtdeclarative version 6.9.1]
[2025-10-27T01:31:51Z][INFO][Detected additional package: qtlanguageserver version 6.9.1]
[2025-10-27T01:31:51Z][INFO][Installed: qtmultimedia version 6.9.1]
[2025-10-27T01:31:51Z][INFO][Installed: qtnetworkauth version 6.9.1]
[2025-10-27T01:31:51Z][INFO][Detected additional package: qtshadertools version 6.9.1]
[2025-10-27T01:31:51Z][INFO][Detected additional package: qtsvg version 6.9.1]
[2025-10-27T01:31:51Z][INFO][Detected additional package: qttools version 6.9.1]
[2025-10-27T01:31:51Z][INFO][Detected additional package: spdlog version 1.16.0]
[2025-10-27T01:31:51Z][INFO][Detected additional package: sqlite3 version 3.50.4]
[2025-10-27T01:31:51Z][INFO][Detected additional package: utf8proc version 2.11.0]
[2025-10-27T01:31:51Z][INFO][Detected additional package: vcpkg-cmake-config version 2024]
[2025-10-27T01:31:51Z][INFO][Detected additional package: vcpkg-cmake-get-vars version 2025]
[2025-10-27T01:31:51Z][INFO][Detected additional package: vcpkg-cmake version 2025]
[2025-10-27T01:31:51Z][INFO][Detected additional package: vcpkg-make version 2025]
[2025-10-27T01:31:51Z][INFO][Detected additional package: vcpkg-tool-meson version 1.9.0#3]
[2025-10-27T01:31:51Z][INFO][Detected additional package: xerces-c version 3.3.0]
[2025-10-27T01:31:51Z][INFO][Detected additional package: zeromq version 4.3.5#2]
[2025-10-27T01:31:51Z][INFO][Detected additional package: zlib version 1.3.1]
[2025-10-27T01:31:51Z][INFO][Detected additional package: zstd version 1.5.7]
[2025-10-27T01:31:51Z][INFO][STEP 3: OK]
[2025-10-27T01:31:51Z][INFO][DEGORAS-PROJECT VCPKG Qt6 setup completed successfully.]
