=================================================================
  DEGORAS-PROJECT VCPKG PACKAGES SETUP SCRIPT
-----------------------------------------------------------------
  Author:  Angel Vera Herrera
  Updated: 26/10/2025
  Version: 251026
=================================================================
Parameters:
-----------------------------------------------------------------
Install Drive    = D
MSYS2 bin path   = D:\msys64\usr\bin
-----------------------------------------------------------------
[2025-10-27T01:16:54Z][INFO][STEP 1: Initial checks and preparations.]
[2025-10-27T01:16:54Z][INFO][Checking permissions...]
[2025-10-27T01:16:54Z][INFO][Checking letter format...]
[2025-10-27T01:16:54Z][INFO][Checking if Dev Drive exists...]
[2025-10-27T01:16:54Z][INFO][Dev Drive detected at D:\]
[2025-10-27T01:16:54Z][INFO][Checking if msys2 bash exists...]
[2025-10-27T01:16:54Z][INFO][STEP 1: OK]
[2025-10-27T01:16:54Z][INFO][STEP 2: Install example lib 'fmt' with triplet 'x64-mingw-dynamic-degoras']
Computing installation plan...
The following packages are already installed:
    fmt:x64-mingw-dynamic-degoras@12.0.0
Total install time: 732 us
The package fmt provides CMake targets:

    find_package(fmt CONFIG REQUIRED)
    target_link_libraries(main PRIVATE fmt::fmt)

    # Or use the header-only version
    find_package(fmt CONFIG REQUIRED)
    target_link_libraries(main PRIVATE fmt::fmt-header-only)

All requested installations completed successfully in: 732 us
fmt:x64-mingw-dynamic-degoras                     12.0.0              {fmt} is an open-source formatting library provi...
[2025-10-27T01:16:56Z][INFO][Installed fmt version: 12.0.0]
[2025-10-27T01:16:56Z][INFO][STEP 2: OK]
[2025-10-27T01:16:56Z][INFO][STEP 3: Install required packages with triplet 'x64-mingw-dynamic-degoras']
[2025-10-27T01:16:56Z][INFO][Installing 'fmt'...]
Computing installation plan...
The following packages are already installed:
    fmt:x64-mingw-dynamic-degoras@12.0.0
Total install time: 737 us
The package fmt provides CMake targets:

    find_package(fmt CONFIG REQUIRED)
    target_link_libraries(main PRIVATE fmt::fmt)

    # Or use the header-only version
    find_package(fmt CONFIG REQUIRED)
    target_link_libraries(main PRIVATE fmt::fmt-header-only)

All requested installations completed successfully in: 737 us
[2025-10-27T01:16:57Z][INFO]['fmt' installed successfully.]
[2025-10-27T01:16:57Z][INFO][Installing 'nlohmann-json'...]
Computing installation plan...
The following packages are already installed:
    nlohmann-json:x64-mingw-dynamic-degoras@3.12.0#1
Total install time: 710 us
The package nlohmann-json provides CMake targets:

    find_package(nlohmann_json CONFIG REQUIRED)
    target_link_libraries(main PRIVATE nlohmann_json::nlohmann_json)

The package nlohmann-json can be configured to not provide implicit conversions via a custom triplet file:

    set(nlohmann-json_IMPLICIT_CONVERSIONS OFF)

For more information, see the docs here:
    
    https://json.nlohmann.me/api/macros/json_use_implicit_conversions/

All requested installations completed successfully in: 710 us
[2025-10-27T01:16:58Z][INFO]['nlohmann-json' installed successfully.]
[2025-10-27T01:16:58Z][INFO][Installing 'libbson'...]
Computing installation plan...
The following packages are already installed:
    libbson:x64-mingw-dynamic-degoras@1.30.6
Total install time: 697 us
libbson provides CMake targets:

    find_package(bson-1.0 CONFIG REQUIRED)
    target_link_libraries(main PRIVATE $<IF:$<TARGET_EXISTS:mongo::bson_static>,mongo::bson_static,mongo::bson_shared>)

All requested installations completed successfully in: 697 us
[2025-10-27T01:16:59Z][INFO]['libbson' installed successfully.]
[2025-10-27T01:16:59Z][INFO][Installing 'openssl'...]
Computing installation plan...
The following packages are already installed:
    openssl:x64-mingw-dynamic-degoras@3.6.0#2
Total install time: 769 us
openssl is compatible with built-in CMake targets:

  find_package(OpenSSL REQUIRED)
  target_link_libraries(main PRIVATE OpenSSL::SSL)
  target_link_libraries(main PRIVATE OpenSSL::Crypto)

All requested installations completed successfully in: 769 us
[2025-10-27T01:17:00Z][INFO]['openssl' installed successfully.]
[2025-10-27T01:17:00Z][INFO][Installing 'spdlog'...]
Computing installation plan...
The following packages are already installed:
    spdlog:x64-mingw-dynamic-degoras@1.16.0
Total install time: 757 us
The package spdlog provides CMake targets:

    find_package(spdlog CONFIG REQUIRED)
    target_link_libraries(main PRIVATE spdlog::spdlog)

    # Or use the header-only version
    find_package(spdlog CONFIG REQUIRED)
    target_link_libraries(main PRIVATE spdlog::spdlog_header_only)

All requested installations completed successfully in: 757 us
[2025-10-27T01:17:01Z][INFO]['spdlog' installed successfully.]
[2025-10-27T01:17:01Z][INFO][Installing 'zlib'...]
Computing installation plan...
The following packages are already installed:
    zlib:x64-mingw-dynamic-degoras@1.3.1
Total install time: 677 us
The package zlib is compatible with built-in CMake targets:

    find_package(ZLIB REQUIRED)
    target_link_libraries(main PRIVATE ZLIB::ZLIB)

All requested installations completed successfully in: 677 us
[2025-10-27T01:17:02Z][INFO]['zlib' installed successfully.]
[2025-10-27T01:17:02Z][INFO][Installing 'curl'...]
Computing installation plan...
The following packages will be built and installed:
    curl[core,non-http,ssl,sspi]:x64-mingw-dynamic-degoras@8.16.0
Detecting compiler hash for triplet x64-mingw-dynamic-degoras...
Compiler found: D:/msys64/ucrt64/bin/x86_64-w64-mingw32-g++.exe
Restored 0 package(s) from D:\packages\vcpkg in 42.9 us. Use --debug to see more details.
Installing 1/1 curl[core,non-http,ssl,sspi]:x64-mingw-dynamic-degoras@8.16.0...
Building curl[core,non-http,ssl,sspi]:x64-mingw-dynamic-degoras@8.16.0...
D:\vcpkg\triplets\community\x64-mingw-dynamic-degoras.cmake: info: loaded community triplet from here. Community triplets are not built in the curated registry and are thus less likely to succeed.
-- Using DEGORAS-PROJECT custom triplet
Downloading https://github.com/curl/curl/archive/curl-8_16_0.tar.gz -> curl-curl-curl-8_16_0.tar.gz
Successfully downloaded curl-curl-curl-8_16_0.tar.gz
-- Extracting source D:/vcpkg/downloads/curl-curl-curl-8_16_0.tar.gz
-- Applying patch dependencies.patch
-- Applying patch pkgconfig-curl-config.patch
-- Using source at D:/vcpkg/buildtrees/curl/src/url-8_16_0-5a5b13de3a.clean
-- Using cached msys2-mingw-w64-x86_64-pkgconf-1~2.4.3-1-any.pkg.tar.zst
-- Using cached msys2-msys2-runtime-3.6.2-2-x86_64.pkg.tar.zst
-- Using msys root at D:/vcpkg/downloads/tools/msys2/9272adbcaf19caef
-- Configuring x64-mingw-dynamic-degoras
-- Building x64-mingw-dynamic-degoras-rel
-- Fixing pkgconfig file: D:/vcpkg/packages/curl_x64-mingw-dynamic-degoras/lib/pkgconfig/libcurl.pc
-- Installing: D:/vcpkg/packages/curl_x64-mingw-dynamic-degoras/share/curl/vcpkg-cmake-wrapper.cmake
-- Installing: D:/vcpkg/packages/curl_x64-mingw-dynamic-degoras/share/curl/usage
-- Performing post-build validation
Starting submission of curl[core,non-http,ssl,sspi]:x64-mingw-dynamic-degoras@8.16.0 to 1 binary cache(s) in the background
Elapsed time to handle curl:x64-mingw-dynamic-degoras: 24 s
curl:x64-mingw-dynamic-degoras package ABI: 85b868f36d6e577a02b8bcffe1bc42ee52e74a958851642d33a240093e0a2489
Total install time: 24 s
Installed contents are licensed to you by owners. Microsoft is not responsible for, nor does it grant any licenses to, third-party packages.
Packages installed in this vcpkg installation declare the following licenses:
BSD-3-Clause
ISC
curl
curl is compatible with built-in CMake targets:

    find_package(CURL REQUIRED)
    target_link_libraries(main PRIVATE CURL::libcurl)

Waiting for 1 remaining binary cache submissions...
Completed submission of curl[core,non-http,ssl,sspi]:x64-mingw-dynamic-degoras@8.16.0 to 1 binary cache(s) in 136 ms (1/1)
All requested installations completed successfully in: 24 s
[2025-10-27T01:17:28Z][INFO]['curl' installed successfully.]
[2025-10-27T01:17:28Z][INFO][Installing 'mongo-c-driver'...]
Computing installation plan...
The following packages are already installed:
    mongo-c-driver:x64-mingw-dynamic-degoras@1.30.6
Total install time: 758 us
mongo-c-driver provides CMake targets:

  find_package(mongoc-1.0 CONFIG REQUIRED)
  target_link_libraries(main PRIVATE $<IF:$<TARGET_EXISTS:mongo::mongoc_shared>,mongo::mongoc_shared,mongo::mongoc_static>)

All requested installations completed successfully in: 758 us
[2025-10-27T01:17:29Z][INFO]['mongo-c-driver' installed successfully.]
[2025-10-27T01:17:29Z][INFO][Installing 'xerces-c'...]
Computing installation plan...
The following packages are already installed:
    xerces-c[core,network]:x64-mingw-dynamic-degoras@3.3.0
Total install time: 755 us
The package xerces-c is compatible with built-in CMake targets:

    find_package(XercesC REQUIRED)
    target_link_libraries(main PRIVATE XercesC::XercesC)

All requested installations completed successfully in: 755 us
[2025-10-27T01:17:30Z][INFO]['xerces-c' installed successfully.]
[2025-10-27T01:17:30Z][INFO][Installing 'zeromq'...]
Computing installation plan...
The following packages are already installed:
    zeromq:x64-mingw-dynamic-degoras@4.3.5#2
Total install time: 728 us
zeromq provides CMake targets:

  # this is heuristically generated, and may not be correct
  find_package(ZeroMQ CONFIG REQUIRED)
  target_link_libraries(main PRIVATE libzmq libzmq-static)

zeromq provides pkg-config modules:

  # 0MQ c++ library
  libzmq

All requested installations completed successfully in: 728 us
[2025-10-27T01:17:32Z][INFO]['zeromq' installed successfully.]
[2025-10-27T01:17:32Z][INFO][Installing 'cppzmq'...]
Computing installation plan...
The following packages are already installed:
    cppzmq:x64-mingw-dynamic-degoras@4.11.0
Total install time: 709 us
cppzmq provides CMake targets:

  # this is heuristically generated, and may not be correct
  find_package(cppzmq CONFIG REQUIRED)
  target_link_libraries(main PRIVATE cppzmq cppzmq-static)

cppzmq provides pkg-config modules:

  # C++ binding for libzmq
  cppzmq

All requested installations completed successfully in: 709 us
[2025-10-27T01:17:33Z][INFO]['cppzmq' installed successfully.]
[2025-10-27T01:17:33Z][INFO][STEP 3: OK]
[2025-10-27T01:17:33Z][INFO][STEP 4: Retrieve versions of installed packages]
[2025-10-27T01:17:34Z][INFO][Installed: cppzmq version 4.11.0]
[2025-10-27T01:17:34Z][INFO][Installed: fmt version 12.0.0]
[2025-10-27T01:17:34Z][INFO][Installed: libbson version 1.30.6]
[2025-10-27T01:17:34Z][INFO][Installed: mongo-c-driver version 1.30.6]
[2025-10-27T01:17:34Z][INFO][Installed: nlohmann-json version 3.12.0#1]
[2025-10-27T01:17:34Z][INFO][Installed: openssl version 3.6.0#2]
[2025-10-27T01:17:34Z][INFO][Installed: spdlog version 1.16.0]
[2025-10-27T01:17:34Z][INFO][Installed: xerces-c version 3.3.0]
[2025-10-27T01:17:34Z][INFO][Installed: zeromq version 4.3.5#2]
[2025-10-27T01:17:34Z][INFO][Installed: zlib version 1.3.1]
[2025-10-27T01:17:34Z][INFO][STEP 4: OK]
[2025-10-27T01:17:34Z][INFO][DEGORAS-PROJECT VCPKG packs setup completed successfully.]
