=================================================================
  DEGORAS-PROJECT VCPKG PACKAGES SETUP SCRIPT
-----------------------------------------------------------------
  Author:  Angel Vera Herrera
  Updated: 26/10/2025
  Version: 251026
=================================================================
Parameters:
-----------------------------------------------------------------
Install Drive    = D
MSYS2 bin path   = D:\msys64\usr\bin
-----------------------------------------------------------------
[2025-10-27T01:09:07Z][INFO][STEP 1: Initial checks and preparations.]
[2025-10-27T01:09:07Z][INFO][Checking permissions...]
[2025-10-27T01:09:07Z][INFO][Checking letter format...]
[2025-10-27T01:09:07Z][INFO][Checking if Dev Drive exists...]
[2025-10-27T01:09:07Z][INFO][Dev Drive detected at D:\]
[2025-10-27T01:09:07Z][INFO][Checking if msys2 bash exists...]
[2025-10-27T01:09:07Z][INFO][STEP 1: OK]
[2025-10-27T01:09:07Z][INFO][STEP 2: Install example lib 'fmt' with triplet 'x64-mingw-dynamic-degoras']
Computing installation plan...
The following packages are already installed:
    fmt:x64-mingw-dynamic-degoras@12.0.0
Total install time: 646 us
The package fmt provides CMake targets:

    find_package(fmt CONFIG REQUIRED)
    target_link_libraries(main PRIVATE fmt::fmt)

    # Or use the header-only version
    find_package(fmt CONFIG REQUIRED)
    target_link_libraries(main PRIVATE fmt::fmt-header-only)

All requested installations completed successfully in: 646 us
fmt:x64-mingw-dynamic-degoras                     12.0.0              {fmt} is an open-source formatting library provi...
[2025-10-27T01:09:08Z][INFO][Installed fmt version: 12.0.0]
[2025-10-27T01:09:08Z][INFO][STEP 2: OK]
[2025-10-27T01:09:08Z][INFO][STEP 3: Install required packages with triplet 'x64-mingw-dynamic-degoras']
[2025-10-27T01:09:08Z][INFO][Installing 'fmt'...]
Computing installation plan...
The following packages are already installed:
    fmt:x64-mingw-dynamic-degoras@12.0.0
Total install time: 650 us
The package fmt provides CMake targets:

    find_package(fmt CONFIG REQUIRED)
    target_link_libraries(main PRIVATE fmt::fmt)

    # Or use the header-only version
    find_package(fmt CONFIG REQUIRED)
    target_link_libraries(main PRIVATE fmt::fmt-header-only)

All requested installations completed successfully in: 650 us
[2025-10-27T01:09:09Z][INFO]['fmt' installed successfully.]
[2025-10-27T01:09:09Z][INFO][Installing 'nlohmann-json'...]
Computing installation plan...
The following packages are already installed:
    nlohmann-json:x64-mingw-dynamic-degoras@3.12.0#1
Total install time: 652 us
The package nlohmann-json provides CMake targets:

    find_package(nlohmann_json CONFIG REQUIRED)
    target_link_libraries(main PRIVATE nlohmann_json::nlohmann_json)

The package nlohmann-json can be configured to not provide implicit conversions via a custom triplet file:

    set(nlohmann-json_IMPLICIT_CONVERSIONS OFF)

For more information, see the docs here:
    
    https://json.nlohmann.me/api/macros/json_use_implicit_conversions/

All requested installations completed successfully in: 652 us
[2025-10-27T01:09:10Z][INFO]['nlohmann-json' installed successfully.]
[2025-10-27T01:09:10Z][INFO][Installing 'libbson'...]
Computing installation plan...
The following packages will be built and installed:
    libbson:x64-mingw-dynamic-degoras@1.30.6
Detecting compiler hash for triplet x64-mingw-dynamic-degoras...
Compiler found: D:/msys64/ucrt64/bin/x86_64-w64-mingw32-g++.exe
Restored 0 package(s) from D:\packages\vcpkg in 49.5 us. Use --debug to see more details.
Installing 1/1 libbson:x64-mingw-dynamic-degoras@1.30.6...
Building libbson:x64-mingw-dynamic-degoras@1.30.6...
D:\vcpkg\triplets\community\x64-mingw-dynamic-degoras.cmake: info: loaded community triplet from here. Community triplets are not built in the curated registry and are thus less likely to succeed.
-- Using DEGORAS-PROJECT custom triplet
Downloading https://github.com/mongodb/mongo-c-driver/archive/1.30.6.tar.gz -> mongodb-mongo-c-driver-1.30.6.tar.gz
Successfully downloaded mongodb-mongo-c-driver-1.30.6.tar.gz
-- Extracting source D:/vcpkg/downloads/mongodb-mongo-c-driver-1.30.6.tar.gz
-- Applying patch fix-include-directory.patch
-- Using source at D:/vcpkg/buildtrees/libbson/src/1.30.6-fdc7277c1c.clean
-- Configuring x64-mingw-dynamic-degoras-rel
-- Building x64-mingw-dynamic-degoras-rel
-- Fixing pkgconfig file: D:/vcpkg/packages/libbson_x64-mingw-dynamic-degoras/lib/pkgconfig/libbson-1.0.pc
-- Using cached msys2-mingw-w64-x86_64-pkgconf-1~2.4.3-1-any.pkg.tar.zst
-- Using cached msys2-msys2-runtime-3.6.2-2-x86_64.pkg.tar.zst
-- Using msys root at D:/vcpkg/downloads/tools/msys2/9272adbcaf19caef
-- Installing: D:/vcpkg/packages/libbson_x64-mingw-dynamic-degoras/share/libbson/usage
-- Performing post-build validation
Starting submission of libbson:x64-mingw-dynamic-degoras@1.30.6 to 1 binary cache(s) in the background
Elapsed time to handle libbson:x64-mingw-dynamic-degoras: 13 s
libbson:x64-mingw-dynamic-degoras package ABI: 61bef6bfedfaa51c6090f24e0de868adcab556ae62ce1294ef7f5d300e7a9eef
Total install time: 13 s
Installed contents are licensed to you by owners. Microsoft is not responsible for, nor does it grant any licenses to, third-party packages.
Some packages did not declare an SPDX license. Check the `copyright` file for each package for more information about their licensing.
libbson provides CMake targets:

    find_package(bson-1.0 CONFIG REQUIRED)
    target_link_libraries(main PRIVATE $<IF:$<TARGET_EXISTS:mongo::bson_static>,mongo::bson_static,mongo::bson_shared>)

Waiting for 1 remaining binary cache submissions...
Completed submission of libbson:x64-mingw-dynamic-degoras@1.30.6 to 1 binary cache(s) in 84.7 ms (1/1)
All requested installations completed successfully in: 13 s
[2025-10-27T01:09:25Z][INFO]['libbson' installed successfully.]
[2025-10-27T01:09:25Z][INFO][Installing 'openssl'...]
Computing installation plan...
The following packages are already installed:
    openssl:x64-mingw-dynamic-degoras@3.6.0#2
Total install time: 700 us
openssl is compatible with built-in CMake targets:

  find_package(OpenSSL REQUIRED)
  target_link_libraries(main PRIVATE OpenSSL::SSL)
  target_link_libraries(main PRIVATE OpenSSL::Crypto)

All requested installations completed successfully in: 700 us
[2025-10-27T01:09:26Z][INFO]['openssl' installed successfully.]
[2025-10-27T01:09:26Z][INFO][Installing 'spdlog'...]
Computing installation plan...
The following packages will be built and installed:
    spdlog:x64-mingw-dynamic-degoras@1.16.0
Detecting compiler hash for triplet x64-mingw-dynamic-degoras...
Compiler found: D:/msys64/ucrt64/bin/x86_64-w64-mingw32-g++.exe
Restored 0 package(s) from D:\packages\vcpkg in 32.3 us. Use --debug to see more details.
Installing 1/1 spdlog:x64-mingw-dynamic-degoras@1.16.0...
Building spdlog:x64-mingw-dynamic-degoras@1.16.0...
D:\vcpkg\triplets\community\x64-mingw-dynamic-degoras.cmake: info: loaded community triplet from here. Community triplets are not built in the curated registry and are thus less likely to succeed.
-- Using DEGORAS-PROJECT custom triplet
Downloading https://github.com/gabime/spdlog/archive/v1.16.0.tar.gz -> gabime-spdlog-v1.16.0.tar.gz
Successfully downloaded gabime-spdlog-v1.16.0.tar.gz
-- Extracting source D:/vcpkg/downloads/gabime-spdlog-v1.16.0.tar.gz
-- Using source at D:/vcpkg/buildtrees/spdlog/src/v1.16.0-e349c3b9b7.clean
-- Configuring x64-mingw-dynamic-degoras
-- Building x64-mingw-dynamic-degoras-rel
-- Fixing pkgconfig file: D:/vcpkg/packages/spdlog_x64-mingw-dynamic-degoras/lib/pkgconfig/spdlog.pc
-- Using cached msys2-mingw-w64-x86_64-pkgconf-1~2.4.3-1-any.pkg.tar.zst
-- Using cached msys2-msys2-runtime-3.6.2-2-x86_64.pkg.tar.zst
-- Using msys root at D:/vcpkg/downloads/tools/msys2/9272adbcaf19caef
-- Installing: D:/vcpkg/packages/spdlog_x64-mingw-dynamic-degoras/share/spdlog/usage
-- Installing: D:/vcpkg/packages/spdlog_x64-mingw-dynamic-degoras/share/spdlog/copyright
-- Performing post-build validation
Starting submission of spdlog:x64-mingw-dynamic-degoras@1.16.0 to 1 binary cache(s) in the background
Elapsed time to handle spdlog:x64-mingw-dynamic-degoras: 8.9 s
spdlog:x64-mingw-dynamic-degoras package ABI: 32305a8f06417b94c5470c38a326af029a62aff333c6f8a5328a08b623e527c2
Total install time: 8.9 s
Installed contents are licensed to you by owners. Microsoft is not responsible for, nor does it grant any licenses to, third-party packages.
Packages installed in this vcpkg installation declare the following licenses:
MIT
The package spdlog provides CMake targets:

    find_package(spdlog CONFIG REQUIRED)
    target_link_libraries(main PRIVATE spdlog::spdlog)

    # Or use the header-only version
    find_package(spdlog CONFIG REQUIRED)
    target_link_libraries(main PRIVATE spdlog::spdlog_header_only)

Waiting for 1 remaining binary cache submissions...
Completed submission of spdlog:x64-mingw-dynamic-degoras@1.16.0 to 1 binary cache(s) in 110 ms (1/1)
All requested installations completed successfully in: 8.9 s
[2025-10-27T01:09:38Z][INFO]['spdlog' installed successfully.]
[2025-10-27T01:09:38Z][INFO][Installing 'zlib'...]
Computing installation plan...
The following packages are already installed:
    zlib:x64-mingw-dynamic-degoras@1.3.1
Total install time: 655 us
The package zlib is compatible with built-in CMake targets:

    find_package(ZLIB REQUIRED)
    target_link_libraries(main PRIVATE ZLIB::ZLIB)

All requested installations completed successfully in: 655 us
[2025-10-27T01:09:39Z][INFO]['zlib' installed successfully.]
[2025-10-27T01:09:39Z][INFO][Installing 'libcurl'...]
Computing installation plan...
error: while looking for libcurl:x64-mingw-dynamic-degoras:
D:\vcpkg\ports\libcurl: error: libcurl does not exist
[2025-10-27T01:09:40Z][INFO]['libcurl' installed successfully.]
[2025-10-27T01:09:40Z][INFO][Installing 'mongo-c-driver'...]
Computing installation plan...
The following packages will be built and installed:
    mongo-c-driver:x64-mingw-dynamic-degoras@1.30.6
  * utf8proc:x64-mingw-dynamic-degoras@2.11.0
Additional packages (*) will be modified to complete this operation.
Detecting compiler hash for triplet x64-mingw-dynamic-degoras...
Compiler found: D:/msys64/ucrt64/bin/x86_64-w64-mingw32-g++.exe
Restored 0 package(s) from D:\packages\vcpkg in 81 us. Use --debug to see more details.
Installing 1/2 utf8proc:x64-mingw-dynamic-degoras@2.11.0...
Building utf8proc:x64-mingw-dynamic-degoras@2.11.0...
D:\vcpkg\triplets\community\x64-mingw-dynamic-degoras.cmake: info: loaded community triplet from here. Community triplets are not built in the curated registry and are thus less likely to succeed.
-- Using DEGORAS-PROJECT custom triplet
Downloading https://github.com/JuliaLang/utf8proc/archive/v2.11.0.tar.gz -> JuliaLang-utf8proc-v2.11.0.tar.gz
Successfully downloaded JuliaLang-utf8proc-v2.11.0.tar.gz
-- Extracting source D:/vcpkg/downloads/JuliaLang-utf8proc-v2.11.0.tar.gz
-- Using source at D:/vcpkg/buildtrees/utf8proc/src/v2.11.0-24cc9595a0.clean
-- Configuring x64-mingw-dynamic-degoras
-- Building x64-mingw-dynamic-degoras-rel
-- Fixing pkgconfig file: D:/vcpkg/packages/utf8proc_x64-mingw-dynamic-degoras/lib/pkgconfig/libutf8proc.pc
-- Using cached msys2-mingw-w64-x86_64-pkgconf-1~2.4.3-1-any.pkg.tar.zst
-- Using cached msys2-msys2-runtime-3.6.2-2-x86_64.pkg.tar.zst
-- Using msys root at D:/vcpkg/downloads/tools/msys2/9272adbcaf19caef
-- Installing: D:/vcpkg/packages/utf8proc_x64-mingw-dynamic-degoras/share/unofficial-utf8proc/unofficial-utf8proc-config.cmake
-- Installing: D:/vcpkg/packages/utf8proc_x64-mingw-dynamic-degoras/share/utf8proc/copyright
-- Performing post-build validation
Starting submission of utf8proc:x64-mingw-dynamic-degoras@2.11.0 to 1 binary cache(s) in the background
Elapsed time to handle utf8proc:x64-mingw-dynamic-degoras: 3 s
utf8proc:x64-mingw-dynamic-degoras package ABI: e2bc5c81c30e0b00e634754213388f4a4540167b346a96be11c7809d0c9f4ff1
Installing 2/2 mongo-c-driver:x64-mingw-dynamic-degoras@1.30.6...
Building mongo-c-driver:x64-mingw-dynamic-degoras@1.30.6...
D:\vcpkg\triplets\community\x64-mingw-dynamic-degoras.cmake: info: loaded community triplet from here. Community triplets are not built in the curated registry and are thus less likely to succeed.
-- Using DEGORAS-PROJECT custom triplet
-- Using cached mongodb-mongo-c-driver-1.30.6.tar.gz
-- Extracting source D:/vcpkg/downloads/mongodb-mongo-c-driver-1.30.6.tar.gz
-- Applying patch disable-dynamic-when-static.patch
-- Applying patch fix-dependencies.patch
-- Applying patch fix-include-directory.patch
-- Applying patch fix-mingw.patch
-- Applying patch remove_abs_patch.cmake
-- Using source at D:/vcpkg/buildtrees/mongo-c-driver/src/1.30.6-26fe744273.clean
-- Using cached msys2-mingw-w64-x86_64-pkgconf-1~2.4.3-1-any.pkg.tar.zst
-- Using cached msys2-msys2-runtime-3.6.2-2-x86_64.pkg.tar.zst
-- Using msys root at D:/vcpkg/downloads/tools/msys2/9272adbcaf19caef
-- Configuring x64-mingw-dynamic-degoras-rel
-- Building x64-mingw-dynamic-degoras-rel
-- Fixing pkgconfig file: D:/vcpkg/packages/mongo-c-driver_x64-mingw-dynamic-degoras/lib/pkgconfig/libmongoc-1.0.pc
-- Fixing pkgconfig file: D:/vcpkg/packages/mongo-c-driver_x64-mingw-dynamic-degoras/lib/pkgconfig/libmongoc-ssl-1.0.pc
-- Installing: D:/vcpkg/packages/mongo-c-driver_x64-mingw-dynamic-degoras/share/mongo-c-driver/usage
-- Performing post-build validation
Starting submission of mongo-c-driver:x64-mingw-dynamic-degoras@1.30.6 to 1 binary cache(s) in the background
Elapsed time to handle mongo-c-driver:x64-mingw-dynamic-degoras: 20 s
mongo-c-driver:x64-mingw-dynamic-degoras package ABI: 1ac17195a015b1fc28c6f21cc0b498cad5b227f7ca40f200b7b01890930459b1
Total install time: 23 s
Installed contents are licensed to you by owners. Microsoft is not responsible for, nor does it grant any licenses to, third-party packages.
Packages installed in this vcpkg installation declare the following licenses:
Apache-2.0
MIT
mongo-c-driver provides CMake targets:

  find_package(mongoc-1.0 CONFIG REQUIRED)
  target_link_libraries(main PRIVATE $<IF:$<TARGET_EXISTS:mongo::mongoc_shared>,mongo::mongoc_shared,mongo::mongoc_static>)

Completed submission of utf8proc:x64-mingw-dynamic-degoras@2.11.0 to 1 binary cache(s) in 68.2 ms
Waiting for 1 remaining binary cache submissions...
Completed submission of mongo-c-driver:x64-mingw-dynamic-degoras@1.30.6 to 1 binary cache(s) in 174 ms (1/1)
All requested installations completed successfully in: 23 s
[2025-10-27T01:10:05Z][INFO]['mongo-c-driver' installed successfully.]
[2025-10-27T01:10:05Z][INFO][Installing 'xerces-c'...]
Computing installation plan...
The following packages will be built and installed:
    xerces-c[core,network]:x64-mingw-dynamic-degoras@3.3.0
Detecting compiler hash for triplet x64-mingw-dynamic-degoras...
Compiler found: D:/msys64/ucrt64/bin/x86_64-w64-mingw32-g++.exe
Restored 0 package(s) from D:\packages\vcpkg in 32.8 us. Use --debug to see more details.
Installing 1/1 xerces-c[core,network]:x64-mingw-dynamic-degoras@3.3.0...
Building xerces-c[core,network]:x64-mingw-dynamic-degoras@3.3.0...
D:\vcpkg\triplets\community\x64-mingw-dynamic-degoras.cmake: info: loaded community triplet from here. Community triplets are not built in the curated registry and are thus less likely to succeed.
-- Using DEGORAS-PROJECT custom triplet
Downloading https://github.com/apache/xerces-c/archive/v3.3.0.tar.gz -> apache-xerces-c-v3.3.0.tar.gz
Successfully downloaded apache-xerces-c-v3.3.0.tar.gz
-- Extracting source D:/vcpkg/downloads/apache-xerces-c-v3.3.0.tar.gz
-- Applying patch dependencies.patch
-- Applying patch disable-tests.patch
-- Applying patch remove-dll-export-macro.patch
-- Using source at D:/vcpkg/buildtrees/xerces-c/src/v3.3.0-90f725f51f.clean
-- Configuring x64-mingw-dynamic-degoras
-- Building x64-mingw-dynamic-degoras-rel
-- Fixing pkgconfig file: D:/vcpkg/packages/xerces-c_x64-mingw-dynamic-degoras/lib/pkgconfig/xerces-c.pc
-- Using cached msys2-mingw-w64-x86_64-pkgconf-1~2.4.3-1-any.pkg.tar.zst
-- Using cached msys2-msys2-runtime-3.6.2-2-x86_64.pkg.tar.zst
-- Using msys root at D:/vcpkg/downloads/tools/msys2/9272adbcaf19caef
-- Installing: D:/vcpkg/packages/xerces-c_x64-mingw-dynamic-degoras/share/xerces-c/copyright
-- Installing: D:/vcpkg/packages/xerces-c_x64-mingw-dynamic-degoras/share/xerces-c/usage
-- Performing post-build validation
Starting submission of xerces-c[core,network]:x64-mingw-dynamic-degoras@3.3.0 to 1 binary cache(s) in the background
Elapsed time to handle xerces-c:x64-mingw-dynamic-degoras: 1 min
xerces-c:x64-mingw-dynamic-degoras package ABI: 4df9cd8471ff888602aff0475c12875afe4a6c02fabd494171f119c0f02cf00a
Total install time: 1 min
Installed contents are licensed to you by owners. Microsoft is not responsible for, nor does it grant any licenses to, third-party packages.
Packages installed in this vcpkg installation declare the following licenses:
Apache-2.0
The package xerces-c is compatible with built-in CMake targets:

    find_package(XercesC REQUIRED)
    target_link_libraries(main PRIVATE XercesC::XercesC)

Waiting for 1 remaining binary cache submissions...
Completed submission of xerces-c[core,network]:x64-mingw-dynamic-degoras@3.3.0 to 1 binary cache(s) in 542 ms (1/1)
All requested installations completed successfully in: 1 min
[2025-10-27T01:11:08Z][INFO]['xerces-c' installed successfully.]
[2025-10-27T01:11:08Z][INFO][Installing 'zeromq'...]
Computing installation plan...
The following packages will be built and installed:
    zeromq:x64-mingw-dynamic-degoras@4.3.5#2
Detecting compiler hash for triplet x64-mingw-dynamic-degoras...
Compiler found: D:/msys64/ucrt64/bin/x86_64-w64-mingw32-g++.exe
Restored 0 package(s) from D:\packages\vcpkg in 31.6 us. Use --debug to see more details.
Installing 1/1 zeromq:x64-mingw-dynamic-degoras@4.3.5#2...
Building zeromq:x64-mingw-dynamic-degoras@4.3.5#2...
D:\vcpkg\triplets\community\x64-mingw-dynamic-degoras.cmake: info: loaded community triplet from here. Community triplets are not built in the curated registry and are thus less likely to succeed.
-- Using DEGORAS-PROJECT custom triplet
Downloading https://github.com/zeromq/libzmq/archive/v4.3.5.tar.gz -> zeromq-libzmq-v4.3.5.tar.gz
Successfully downloaded zeromq-libzmq-v4.3.5.tar.gz
-- Extracting source D:/vcpkg/downloads/zeromq-libzmq-v4.3.5.tar.gz
-- Applying patch fix-arm.patch
-- Using source at D:/vcpkg/buildtrees/zeromq/src/v4.3.5-37c87b6b8c.clean
-- Using cached msys2-mingw-w64-x86_64-pkgconf-1~2.4.3-1-any.pkg.tar.zst
-- Using cached msys2-msys2-runtime-3.6.2-2-x86_64.pkg.tar.zst
-- Using msys root at D:/vcpkg/downloads/tools/msys2/9272adbcaf19caef
-- Configuring x64-mingw-dynamic-degoras
-- Building x64-mingw-dynamic-degoras-rel
-- Installing: D:/vcpkg/packages/zeromq_x64-mingw-dynamic-degoras/share/zeromq/copyright
-- Fixing pkgconfig file: D:/vcpkg/packages/zeromq_x64-mingw-dynamic-degoras/lib/pkgconfig/libzmq.pc
-- Performing post-build validation
Starting submission of zeromq:x64-mingw-dynamic-degoras@4.3.5#2 to 1 binary cache(s) in the background
Elapsed time to handle zeromq:x64-mingw-dynamic-degoras: 35 s
zeromq:x64-mingw-dynamic-degoras package ABI: 8854ade161dce322c7f5bee2985ccb8ff01226d30b8e5f23b680bf6fcc8c11f7
Total install time: 35 s
Installed contents are licensed to you by owners. Microsoft is not responsible for, nor does it grant any licenses to, third-party packages.
Packages installed in this vcpkg installation declare the following licenses:
MPL-2.0
zeromq provides CMake targets:

  # this is heuristically generated, and may not be correct
  find_package(ZeroMQ CONFIG REQUIRED)
  target_link_libraries(main PRIVATE libzmq libzmq-static)

zeromq provides pkg-config modules:

  # 0MQ c++ library
  libzmq

Waiting for 1 remaining binary cache submissions...
Completed submission of zeromq:x64-mingw-dynamic-degoras@4.3.5#2 to 1 binary cache(s) in 139 ms (1/1)
All requested installations completed successfully in: 35 s
[2025-10-27T01:11:45Z][INFO]['zeromq' installed successfully.]
[2025-10-27T01:11:45Z][INFO][Installing 'cppzmq'...]
Computing installation plan...
The following packages will be built and installed:
    cppzmq:x64-mingw-dynamic-degoras@4.11.0
Detecting compiler hash for triplet x64-mingw-dynamic-degoras...
Compiler found: D:/msys64/ucrt64/bin/x86_64-w64-mingw32-g++.exe
Restored 0 package(s) from D:\packages\vcpkg in 48.6 us. Use --debug to see more details.
Installing 1/1 cppzmq:x64-mingw-dynamic-degoras@4.11.0...
Building cppzmq:x64-mingw-dynamic-degoras@4.11.0...
D:\vcpkg\triplets\community\x64-mingw-dynamic-degoras.cmake: info: loaded community triplet from here. Community triplets are not built in the curated registry and are thus less likely to succeed.
-- Using DEGORAS-PROJECT custom triplet
Downloading https://github.com/zeromq/cppzmq/archive/v4.11.0.tar.gz -> zeromq-cppzmq-v4.11.0.tar.gz
Successfully downloaded zeromq-cppzmq-v4.11.0.tar.gz
-- Extracting source D:/vcpkg/downloads/zeromq-cppzmq-v4.11.0.tar.gz
-- Using source at D:/vcpkg/buildtrees/cppzmq/src/v4.11.0-2f51f6a272.clean
-- Configuring x64-mingw-dynamic-degoras
-- Building x64-mingw-dynamic-degoras-rel
-- Fixing pkgconfig file: D:/vcpkg/packages/cppzmq_x64-mingw-dynamic-degoras/lib/pkgconfig/cppzmq.pc
-- Using cached msys2-mingw-w64-x86_64-pkgconf-1~2.4.3-1-any.pkg.tar.zst
-- Using cached msys2-msys2-runtime-3.6.2-2-x86_64.pkg.tar.zst
-- Using msys root at D:/vcpkg/downloads/tools/msys2/9272adbcaf19caef
-- Installing: D:/vcpkg/packages/cppzmq_x64-mingw-dynamic-degoras/share/cppzmq/copyright
-- Performing post-build validation
Starting submission of cppzmq:x64-mingw-dynamic-degoras@4.11.0 to 1 binary cache(s) in the background
Elapsed time to handle cppzmq:x64-mingw-dynamic-degoras: 2.9 s
cppzmq:x64-mingw-dynamic-degoras package ABI: fe8899cef5d4e38c6ddf86dd8fee44b48f605624e49e845e870ca8e25d4813ee
Total install time: 2.9 s
Installed contents are licensed to you by owners. Microsoft is not responsible for, nor does it grant any licenses to, third-party packages.
Packages installed in this vcpkg installation declare the following licenses:
MIT
cppzmq provides CMake targets:

  # this is heuristically generated, and may not be correct
  find_package(cppzmq CONFIG REQUIRED)
  target_link_libraries(main PRIVATE cppzmq cppzmq-static)

cppzmq provides pkg-config modules:

  # C++ binding for libzmq
  cppzmq

Waiting for 1 remaining binary cache submissions...
Completed submission of cppzmq:x64-mingw-dynamic-degoras@4.11.0 to 1 binary cache(s) in 32.8 ms (1/1)
All requested installations completed successfully in: 2.9 s
[2025-10-27T01:11:51Z][INFO]['cppzmq' installed successfully.]
[2025-10-27T01:11:51Z][INFO][STEP 3: OK]
[2025-10-27T01:11:51Z][INFO][STEP 4: Retrieve versions of installed packages]
[2025-10-27T01:11:51Z][INFO][Installed: cppzmq version 4.11.0]
[2025-10-27T01:11:51Z][INFO][Installed: fmt version 12.0.0]
[2025-10-27T01:11:51Z][INFO][Installed: libbson version 1.30.6]
[2025-10-27T01:11:51Z][INFO][Installed: mongo-c-driver version 1.30.6]
[2025-10-27T01:11:51Z][INFO][Installed: nlohmann-json version 3.12.0#1]
[2025-10-27T01:11:51Z][INFO][Installed: openssl version 3.6.0#2]
[2025-10-27T01:11:51Z][INFO][Installed: spdlog version 1.16.0]
[2025-10-27T01:11:51Z][INFO][Installed: xerces-c version 3.3.0]
[2025-10-27T01:11:51Z][INFO][Installed: zeromq version 4.3.5#2]
[2025-10-27T01:11:51Z][INFO][Installed: zlib version 1.3.1]
[2025-10-27T01:11:51Z][INFO][STEP 4: OK]
[2025-10-27T01:11:51Z][INFO][DEGORAS-PROJECT VCPKG packs setup completed successfully.]
